Command line
python /home/mabdulhameed/miniconda3/envs/chemprop2/bin/chemprop_train --data_path /home/mabdulhameed/chemprop_2/OATP1B3i/OATP1B3i_all_nohyp_v2_final/OATP1B3_all_preprocessed_out_v2_forGCNNin.csv --dataset_type classification --epochs 30 --ensemble_size 10 --extra_metrics mcc --split_sizes 0.9 0.1 0 --save_dir /home/mabdulhameed/chemprop_2/OATP1B3i/OATP1B3i_all_nohyp_v2_final/out_OATP1B3i_allnohyp_v2_final/
Args
{'activation': 'ReLU',
 'adding_h': False,
 'aggregation': 'mean',
 'aggregation_norm': 100,
 'atom_descriptor_scaling': True,
 'atom_descriptors': None,
 'atom_descriptors_path': None,
 'atom_descriptors_size': 0,
 'atom_features_size': 0,
 'atom_messages': False,
 'batch_size': 50,
 'bias': False,
 'bias_solvent': False,
 'bond_feature_scaling': True,
 'bond_features_path': None,
 'bond_features_size': 0,
 'cache_cutoff': 10000,
 'checkpoint_dir': None,
 'checkpoint_frzn': None,
 'checkpoint_path': None,
 'checkpoint_paths': None,
 'class_balance': False,
 'config_path': None,
 'crossval_index_dir': None,
 'crossval_index_file': None,
 'crossval_index_sets': None,
 'cuda': False,
 'data_path': '/home/mabdulhameed/chemprop_2/OATP1B3i/OATP1B3i_all_nohyp_v2_final/OATP1B3_all_preprocessed_out_v2_forGCNNin.csv',
 'data_weights_path': None,
 'dataset_type': 'classification',
 'depth': 3,
 'depth_solvent': 3,
 'device': device(type='cpu'),
 'dropout': 0.0,
 'empty_cache': False,
 'ensemble_size': 10,
 'epochs': 30,
 'evidential_regularization': 0,
 'explicit_h': False,
 'extra_metrics': ['mcc'],
 'features_generator': None,
 'features_only': False,
 'features_path': None,
 'features_scaling': True,
 'features_size': None,
 'ffn_hidden_size': 300,
 'ffn_num_layers': 2,
 'final_lr': 0.0001,
 'folds_file': None,
 'freeze_first_only': False,
 'frzn_ffn_layers': 0,
 'gpu': None,
 'grad_clip': None,
 'hidden_size': 300,
 'hidden_size_solvent': 300,
 'ignore_columns': None,
 'init_lr': 0.0001,
 'log_frequency': 10,
 'loss_function': 'binary_cross_entropy',
 'max_data_size': None,
 'max_lr': 0.001,
 'metric': 'auc',
 'metrics': ['auc', 'mcc'],
 'minimize_score': False,
 'mpn_shared': False,
 'multiclass_num_classes': 3,
 'no_atom_descriptor_scaling': False,
 'no_bond_features_scaling': False,
 'no_cache_mol': False,
 'no_cuda': False,
 'no_features_scaling': False,
 'num_folds': 1,
 'num_lrs': 1,
 'num_tasks': 1,
 'num_workers': 8,
 'number_of_molecules': 1,
 'overwrite_default_atom_features': False,
 'overwrite_default_bond_features': False,
 'phase_features_path': None,
 'pytorch_seed': 0,
 'quiet': False,
 'reaction': False,
 'reaction_mode': 'reac_diff',
 'reaction_solvent': False,
 'resume_experiment': False,
 'save_dir': '/home/mabdulhameed/chemprop_2/OATP1B3i/OATP1B3i_all_nohyp_v2_final/out_OATP1B3i_allnohyp_v2_final/',
 'save_preds': False,
 'save_smiles_splits': False,
 'seed': 0,
 'separate_test_atom_descriptors_path': None,
 'separate_test_bond_features_path': None,
 'separate_test_features_path': None,
 'separate_test_path': None,
 'separate_test_phase_features_path': None,
 'separate_val_atom_descriptors_path': None,
 'separate_val_bond_features_path': None,
 'separate_val_features_path': None,
 'separate_val_path': None,
 'separate_val_phase_features_path': None,
 'show_individual_scores': False,
 'smiles_columns': ['SMILES'],
 'spectra_activation': 'exp',
 'spectra_phase_mask_path': None,
 'spectra_target_floor': 1e-08,
 'split_key_molecule': 0,
 'split_sizes': [0.9, 0.1, 0.0],
 'split_type': 'random',
 'target_columns': None,
 'target_weights': None,
 'task_names': ['CLASS'],
 'test': False,
 'test_fold_index': None,
 'train_data_size': None,
 'undirected': False,
 'use_input_features': False,
 'val_fold_index': None,
 'warmup_epochs': 2.0}
Setting molecule featurization parameters to default.
Loading data
Number of tasks = 1
Fold 0
Splitting data with seed 0
Class sizes
CLASS 0: 82.35%, 1: 17.65%
Total size = 1,275 | train size = 1,147 | val size = 128 | test size = 0
The test data split is empty. This may be either because splitting with no test set was selected,             such as with `cv-no-test`, or because test data provided with `--separate_test_path` was empty or contained only invalid molecules.             Performance on the test set will not be evaluated and metric scores will return `nan` for each task.
Building model 0
MoleculeModel(
  (sigmoid): Sigmoid()
  (encoder): MPN(
    (encoder): ModuleList(
      (0): MPNEncoder(
        (dropout_layer): Dropout(p=0.0, inplace=False)
        (act_func): ReLU()
        (W_i): Linear(in_features=147, out_features=300, bias=False)
        (W_h): Linear(in_features=300, out_features=300, bias=False)
        (W_o): Linear(in_features=433, out_features=300, bias=True)
      )
    )
  )
  (ffn): Sequential(
    (0): Dropout(p=0.0, inplace=False)
    (1): Linear(in_features=300, out_features=300, bias=True)
    (2): ReLU()
    (3): Dropout(p=0.0, inplace=False)
    (4): Linear(in_features=300, out_features=1, bias=True)
  )
)
Number of parameters = 355,201
Epoch 0
Loss = 5.3049e-01, PNorm = 34.0165, GNorm = 0.3556, lr_0 = 3.2500e-04
Loss = 5.1504e-01, PNorm = 34.0211, GNorm = 0.6392, lr_0 = 5.2955e-04
Validation auc = 0.565609
Validation mcc = 0.000000
Epoch 1
Loss = 4.6657e-01, PNorm = 34.0380, GNorm = 0.5251, lr_0 = 7.5455e-04
Loss = 4.5128e-01, PNorm = 34.0614, GNorm = 0.3897, lr_0 = 9.5909e-04
Validation auc = 0.621784
Validation mcc = 0.000000
Epoch 2
Loss = 5.0710e-01, PNorm = 34.0840, GNorm = 0.6407, lr_0 = 9.7054e-04
Loss = 4.4885e-01, PNorm = 34.1151, GNorm = 0.4056, lr_0 = 9.3493e-04
Validation auc = 0.678388
Validation mcc = 0.000000
Epoch 3
Loss = 3.3051e-01, PNorm = 34.1442, GNorm = 0.5104, lr_0 = 9.0063e-04
Loss = 4.7922e-01, PNorm = 34.1658, GNorm = 0.4533, lr_0 = 8.6758e-04
Loss = 4.6765e-01, PNorm = 34.2017, GNorm = 0.5905, lr_0 = 8.3575e-04
Validation auc = 0.697684
Validation mcc = 0.000000
Epoch 4
Loss = 4.5515e-01, PNorm = 34.2339, GNorm = 0.1211, lr_0 = 8.0509e-04
Loss = 4.4528e-01, PNorm = 34.2771, GNorm = 1.1325, lr_0 = 7.7555e-04
Validation auc = 0.700257
Validation mcc = 0.000000
Epoch 5
Loss = 3.9505e-01, PNorm = 34.3087, GNorm = 0.3414, lr_0 = 7.4710e-04
Loss = 4.3903e-01, PNorm = 34.3461, GNorm = 0.3759, lr_0 = 7.1969e-04
Validation auc = 0.713551
Validation mcc = 0.000000
Epoch 6
Loss = 3.9247e-01, PNorm = 34.3989, GNorm = 0.6325, lr_0 = 6.9328e-04
Loss = 4.1136e-01, PNorm = 34.4492, GNorm = 0.5877, lr_0 = 6.6784e-04
Loss = 4.6571e-01, PNorm = 34.4683, GNorm = 0.4000, lr_0 = 6.4334e-04
Validation auc = 0.750000
Validation mcc = 0.000000
Epoch 7
Loss = 3.9433e-01, PNorm = 34.5115, GNorm = 0.6942, lr_0 = 6.1974e-04
Loss = 4.5794e-01, PNorm = 34.5445, GNorm = 0.2594, lr_0 = 5.9700e-04
Validation auc = 0.733705
Validation mcc = 0.000000
Epoch 8
Loss = 4.7155e-01, PNorm = 34.5866, GNorm = 0.2680, lr_0 = 5.7510e-04
Loss = 4.0702e-01, PNorm = 34.6352, GNorm = 0.7690, lr_0 = 5.5400e-04
Validation auc = 0.743568
Validation mcc = 0.000000
Epoch 9
Loss = 3.2223e-01, PNorm = 34.6764, GNorm = 0.3870, lr_0 = 5.3367e-04
Loss = 4.3188e-01, PNorm = 34.7190, GNorm = 0.3181, lr_0 = 5.1409e-04
Validation auc = 0.759005
Validation mcc = 0.000000
Epoch 10
Loss = 3.9410e-01, PNorm = 34.7651, GNorm = 0.4091, lr_0 = 4.9523e-04
Loss = 4.0970e-01, PNorm = 34.8122, GNorm = 0.7288, lr_0 = 4.7706e-04
Loss = 3.6206e-01, PNorm = 34.8553, GNorm = 0.3625, lr_0 = 4.5956e-04
Validation auc = 0.795026
Validation mcc = 0.276549
Epoch 11
Loss = 4.0833e-01, PNorm = 34.8940, GNorm = 1.0684, lr_0 = 4.4269e-04
Loss = 3.8639e-01, PNorm = 34.9380, GNorm = 2.4294, lr_0 = 4.2645e-04
Validation auc = 0.807033
Validation mcc = 0.276549
Epoch 12
Loss = 3.7940e-01, PNorm = 34.9768, GNorm = 0.5201, lr_0 = 4.1081e-04
Loss = 3.5486e-01, PNorm = 35.0109, GNorm = 0.3948, lr_0 = 3.9573e-04
Validation auc = 0.810034
Validation mcc = 0.194778
Epoch 13
Loss = 3.0218e-01, PNorm = 35.0504, GNorm = 1.0003, lr_0 = 3.8121e-04
Loss = 3.6967e-01, PNorm = 35.0839, GNorm = 1.5051, lr_0 = 3.6723e-04
Loss = 3.6483e-01, PNorm = 35.1247, GNorm = 0.5093, lr_0 = 3.5375e-04
Validation auc = 0.817324
Validation mcc = 0.290846
Epoch 14
Loss = 3.3106e-01, PNorm = 35.1635, GNorm = 0.8591, lr_0 = 3.4077e-04
Loss = 3.5360e-01, PNorm = 35.1960, GNorm = 0.7089, lr_0 = 3.2827e-04
Validation auc = 0.802744
Validation mcc = 0.254728
Epoch 15
Loss = 3.6477e-01, PNorm = 35.2257, GNorm = 1.5801, lr_0 = 3.1623e-04
Loss = 3.4399e-01, PNorm = 35.2551, GNorm = 0.4823, lr_0 = 3.0463e-04
Validation auc = 0.830617
Validation mcc = 0.229736
Epoch 16
Loss = 3.2334e-01, PNorm = 35.2841, GNorm = 2.0027, lr_0 = 2.9345e-04
Loss = 3.5458e-01, PNorm = 35.3183, GNorm = 1.2916, lr_0 = 2.8268e-04
Validation auc = 0.806604
Validation mcc = 0.000000
Epoch 17
Loss = 5.1090e-01, PNorm = 35.3492, GNorm = 3.9717, lr_0 = 2.7129e-04
Loss = 3.3954e-01, PNorm = 35.3735, GNorm = 1.2019, lr_0 = 2.6134e-04
Loss = 3.0727e-01, PNorm = 35.4013, GNorm = 0.7473, lr_0 = 2.5175e-04
Validation auc = 0.828473
Validation mcc = 0.276549
Epoch 18
Loss = 3.0167e-01, PNorm = 35.4243, GNorm = 0.5887, lr_0 = 2.4252e-04
Loss = 3.0458e-01, PNorm = 35.4487, GNorm = 1.4202, lr_0 = 2.3362e-04
Validation auc = 0.844340
Validation mcc = 0.279681
Epoch 19
Loss = 2.8413e-01, PNorm = 35.4761, GNorm = 2.1172, lr_0 = 2.2505e-04
Loss = 3.1413e-01, PNorm = 35.4964, GNorm = 4.9325, lr_0 = 2.1679e-04
Validation auc = 0.846484
Validation mcc = 0.228796
Epoch 20
Loss = 2.1133e-01, PNorm = 35.5172, GNorm = 0.3644, lr_0 = 2.0884e-04
Loss = 2.9599e-01, PNorm = 35.5355, GNorm = 2.1442, lr_0 = 2.0117e-04
Loss = 3.1817e-01, PNorm = 35.5533, GNorm = 0.7300, lr_0 = 1.9379e-04
Validation auc = 0.836621
Validation mcc = 0.445990
Epoch 21
Loss = 3.1305e-01, PNorm = 35.5764, GNorm = 1.5287, lr_0 = 1.8668e-04
Loss = 2.9813e-01, PNorm = 35.5932, GNorm = 4.6561, lr_0 = 1.7983e-04
Validation auc = 0.851201
Validation mcc = 0.360675
Epoch 22
Loss = 2.8840e-01, PNorm = 35.6110, GNorm = 3.3348, lr_0 = 1.7324e-04
Loss = 2.8605e-01, PNorm = 35.6282, GNorm = 1.1750, lr_0 = 1.6688e-04
Validation auc = 0.858062
Validation mcc = 0.360675
Epoch 23
Loss = 2.7070e-01, PNorm = 35.6461, GNorm = 1.2378, lr_0 = 1.6076e-04
Loss = 2.6944e-01, PNorm = 35.6635, GNorm = 1.2420, lr_0 = 1.5486e-04
Loss = 3.1122e-01, PNorm = 35.6795, GNorm = 1.8481, lr_0 = 1.4918e-04
Validation auc = 0.838765
Validation mcc = 0.492913
Epoch 24
Loss = 2.8972e-01, PNorm = 35.6928, GNorm = 1.0140, lr_0 = 1.4370e-04
Loss = 2.5506e-01, PNorm = 35.7089, GNorm = 0.9779, lr_0 = 1.3843e-04
Validation auc = 0.859348
Validation mcc = 0.395660
Epoch 25
Loss = 2.6177e-01, PNorm = 35.7235, GNorm = 0.6354, lr_0 = 1.3335e-04
Loss = 2.8053e-01, PNorm = 35.7377, GNorm = 1.6015, lr_0 = 1.2846e-04
Validation auc = 0.855918
Validation mcc = 0.407513
Epoch 26
Loss = 2.4277e-01, PNorm = 35.7490, GNorm = 2.0707, lr_0 = 1.2375e-04
Loss = 2.9389e-01, PNorm = 35.7621, GNorm = 4.9470, lr_0 = 1.1921e-04
Validation auc = 0.855060
Validation mcc = 0.395660
Epoch 27
Loss = 2.9345e-01, PNorm = 35.7744, GNorm = 2.2669, lr_0 = 1.1483e-04
Loss = 2.7353e-01, PNorm = 35.7858, GNorm = 1.7007, lr_0 = 1.1062e-04
Loss = 2.9103e-01, PNorm = 35.7939, GNorm = 2.7858, lr_0 = 1.0656e-04
Validation auc = 0.859348
Validation mcc = 0.360675
Epoch 28
Loss = 2.7583e-01, PNorm = 35.8045, GNorm = 2.2370, lr_0 = 1.0265e-04
Loss = 2.5741e-01, PNorm = 35.8144, GNorm = 0.8402, lr_0 = 1.0000e-04
Validation auc = 0.850772
Validation mcc = 0.421822
Epoch 29
Loss = 2.4595e-01, PNorm = 35.8236, GNorm = 1.8841, lr_0 = 1.0000e-04
Loss = 2.7853e-01, PNorm = 35.8360, GNorm = 2.4322, lr_0 = 1.0000e-04
Validation auc = 0.852487
Validation mcc = 0.345804
Model 0 best validation auc = 0.859348 on epoch 24
Loading pretrained parameter "encoder.encoder.0.cached_zero_vector".
Loading pretrained parameter "encoder.encoder.0.W_i.weight".
Loading pretrained parameter "encoder.encoder.0.W_h.weight".
Loading pretrained parameter "encoder.encoder.0.W_o.weight".
Loading pretrained parameter "encoder.encoder.0.W_o.bias".
Loading pretrained parameter "ffn.1.weight".
Loading pretrained parameter "ffn.1.bias".
Loading pretrained parameter "ffn.4.weight".
Loading pretrained parameter "ffn.4.bias".
Model 0 provided with no test set, no metric evaluation will be performed.
Building model 1
MoleculeModel(
  (sigmoid): Sigmoid()
  (encoder): MPN(
    (encoder): ModuleList(
      (0): MPNEncoder(
        (dropout_layer): Dropout(p=0.0, inplace=False)
        (act_func): ReLU()
        (W_i): Linear(in_features=147, out_features=300, bias=False)
        (W_h): Linear(in_features=300, out_features=300, bias=False)
        (W_o): Linear(in_features=433, out_features=300, bias=True)
      )
    )
  )
  (ffn): Sequential(
    (0): Dropout(p=0.0, inplace=False)
    (1): Linear(in_features=300, out_features=300, bias=True)
    (2): ReLU()
    (3): Dropout(p=0.0, inplace=False)
    (4): Linear(in_features=300, out_features=1, bias=True)
  )
)
Number of parameters = 355,201
Epoch 0
Loss = 5.3283e-01, PNorm = 34.0317, GNorm = 2.3633, lr_0 = 3.2500e-04
Loss = 4.6869e-01, PNorm = 34.0372, GNorm = 0.3412, lr_0 = 5.2955e-04
Validation auc = 0.584477
Validation mcc = 0.000000
Epoch 1
Loss = 4.7969e-01, PNorm = 34.0515, GNorm = 0.3578, lr_0 = 7.5455e-04
Loss = 4.5309e-01, PNorm = 34.0692, GNorm = 0.3297, lr_0 = 9.5909e-04
Validation auc = 0.664237
Validation mcc = 0.000000
Epoch 2
Loss = 4.1723e-01, PNorm = 34.0954, GNorm = 0.8311, lr_0 = 9.7054e-04
Loss = 4.6589e-01, PNorm = 34.1217, GNorm = 0.3239, lr_0 = 9.3493e-04
Validation auc = 0.707547
Validation mcc = 0.000000
Epoch 3
Loss = 4.1995e-01, PNorm = 34.1536, GNorm = 0.5299, lr_0 = 9.0063e-04
Loss = 4.3620e-01, PNorm = 34.1868, GNorm = 0.6342, lr_0 = 8.6758e-04
Loss = 4.6944e-01, PNorm = 34.2226, GNorm = 0.2595, lr_0 = 8.3575e-04
Validation auc = 0.705832
Validation mcc = 0.000000
Epoch 4
Loss = 4.3671e-01, PNorm = 34.2675, GNorm = 0.6713, lr_0 = 8.0509e-04
Loss = 4.2858e-01, PNorm = 34.2951, GNorm = 0.5266, lr_0 = 7.7555e-04
Validation auc = 0.705832
Validation mcc = 0.000000
Epoch 5
Loss = 3.7577e-01, PNorm = 34.3455, GNorm = 0.4723, lr_0 = 7.4710e-04
Loss = 4.5854e-01, PNorm = 34.3820, GNorm = 1.2898, lr_0 = 7.1969e-04
Validation auc = 0.665952
Validation mcc = 0.000000
Epoch 6
Loss = 5.3049e-01, PNorm = 34.4146, GNorm = 0.6883, lr_0 = 6.9328e-04
Loss = 4.1188e-01, PNorm = 34.4454, GNorm = 0.2020, lr_0 = 6.6784e-04
Loss = 4.4481e-01, PNorm = 34.4808, GNorm = 0.2407, lr_0 = 6.4334e-04
Validation auc = 0.707976
Validation mcc = 0.000000
Epoch 7
Loss = 4.2975e-01, PNorm = 34.5278, GNorm = 0.7014, lr_0 = 6.1974e-04
Loss = 4.0672e-01, PNorm = 34.5700, GNorm = 0.4308, lr_0 = 5.9700e-04
Validation auc = 0.724271
Validation mcc = 0.000000
Epoch 8
Loss = 4.1341e-01, PNorm = 34.6059, GNorm = 0.4098, lr_0 = 5.7510e-04
Loss = 4.0481e-01, PNorm = 34.6512, GNorm = 1.0054, lr_0 = 5.5400e-04
Validation auc = 0.736278
Validation mcc = -0.040426
Epoch 9
Loss = 4.4356e-01, PNorm = 34.6897, GNorm = 0.7787, lr_0 = 5.3367e-04
Loss = 3.8485e-01, PNorm = 34.7282, GNorm = 0.3703, lr_0 = 5.1409e-04
Validation auc = 0.727702
Validation mcc = 0.000000
Epoch 10
Loss = 5.6115e-01, PNorm = 34.7719, GNorm = 1.6657, lr_0 = 4.9523e-04
Loss = 3.6981e-01, PNorm = 34.8150, GNorm = 1.4951, lr_0 = 4.7706e-04
Loss = 3.9120e-01, PNorm = 34.8503, GNorm = 0.4421, lr_0 = 4.5956e-04
Validation auc = 0.722985
Validation mcc = -0.057397
Epoch 11
Loss = 3.7519e-01, PNorm = 34.8794, GNorm = 0.6604, lr_0 = 4.4269e-04
Loss = 3.7571e-01, PNorm = 34.9247, GNorm = 0.6284, lr_0 = 4.2645e-04
Validation auc = 0.765866
Validation mcc = 0.192877
Epoch 12
Loss = 3.8255e-01, PNorm = 34.9576, GNorm = 0.6303, lr_0 = 4.1081e-04
Loss = 3.8779e-01, PNorm = 34.9932, GNorm = 1.3019, lr_0 = 3.9573e-04
Validation auc = 0.775300
Validation mcc = -0.057397
Epoch 13
Loss = 4.8944e-01, PNorm = 35.0206, GNorm = 1.8601, lr_0 = 3.8121e-04
Loss = 3.4842e-01, PNorm = 35.0422, GNorm = 1.3015, lr_0 = 3.6723e-04
Loss = 3.5500e-01, PNorm = 35.0792, GNorm = 0.7934, lr_0 = 3.5375e-04
Validation auc = 0.784305
Validation mcc = 0.198688
Epoch 14
Loss = 3.5805e-01, PNorm = 35.1105, GNorm = 0.9758, lr_0 = 3.4077e-04
Loss = 3.5302e-01, PNorm = 35.1320, GNorm = 2.5036, lr_0 = 3.2827e-04
Validation auc = 0.777873
Validation mcc = 0.000000
Epoch 15
Loss = 3.7108e-01, PNorm = 35.1618, GNorm = 0.6547, lr_0 = 3.1623e-04
Loss = 3.3576e-01, PNorm = 35.1947, GNorm = 1.2807, lr_0 = 3.0463e-04
Validation auc = 0.806604
Validation mcc = 0.156208
Epoch 16
Loss = 3.2095e-01, PNorm = 35.2233, GNorm = 0.7067, lr_0 = 2.9345e-04
Loss = 3.3153e-01, PNorm = 35.2434, GNorm = 0.8779, lr_0 = 2.8268e-04
Validation auc = 0.822041
Validation mcc = 0.203177
Epoch 17
Loss = 2.0846e-01, PNorm = 35.2740, GNorm = 0.5191, lr_0 = 2.7129e-04
Loss = 3.2557e-01, PNorm = 35.2975, GNorm = 1.1514, lr_0 = 2.6134e-04
Loss = 3.2186e-01, PNorm = 35.3210, GNorm = 1.3209, lr_0 = 2.5175e-04
Validation auc = 0.814751
Validation mcc = 0.279735
Epoch 18
Loss = 3.3402e-01, PNorm = 35.3450, GNorm = 0.9404, lr_0 = 2.4252e-04
Loss = 3.2873e-01, PNorm = 35.3681, GNorm = 2.5125, lr_0 = 2.3362e-04
Validation auc = 0.814751
Validation mcc = 0.109576
Epoch 19
Loss = 2.9725e-01, PNorm = 35.3909, GNorm = 0.3932, lr_0 = 2.2505e-04
Loss = 3.3635e-01, PNorm = 35.4162, GNorm = 0.8655, lr_0 = 2.1679e-04
Validation auc = 0.821184
Validation mcc = 0.203177
Epoch 20
Loss = 2.6641e-01, PNorm = 35.4396, GNorm = 4.4420, lr_0 = 2.0884e-04
Loss = 3.1380e-01, PNorm = 35.4529, GNorm = 1.8818, lr_0 = 2.0117e-04
Loss = 3.0018e-01, PNorm = 35.4748, GNorm = 1.4634, lr_0 = 1.9379e-04
Validation auc = 0.844340
Validation mcc = 0.279681
Epoch 21
Loss = 2.6843e-01, PNorm = 35.4917, GNorm = 0.8085, lr_0 = 1.8668e-04
Loss = 3.3544e-01, PNorm = 35.5082, GNorm = 1.6827, lr_0 = 1.7983e-04
Validation auc = 0.837050
Validation mcc = 0.228796
Epoch 22
Loss = 2.7968e-01, PNorm = 35.5255, GNorm = 0.9366, lr_0 = 1.7324e-04
Loss = 2.9991e-01, PNorm = 35.5413, GNorm = 0.5909, lr_0 = 1.6688e-04
Validation auc = 0.834477
Validation mcc = 0.492913
Epoch 23
Loss = 2.6782e-01, PNorm = 35.5572, GNorm = 2.9062, lr_0 = 1.6076e-04
Loss = 3.1775e-01, PNorm = 35.5723, GNorm = 2.3098, lr_0 = 1.5486e-04
Loss = 2.8560e-01, PNorm = 35.5851, GNorm = 2.7060, lr_0 = 1.4918e-04
Validation auc = 0.835763
Validation mcc = 0.431305
Epoch 24
Loss = 2.9205e-01, PNorm = 35.6013, GNorm = 1.7518, lr_0 = 1.4370e-04
Loss = 2.8812e-01, PNorm = 35.6128, GNorm = 1.9941, lr_0 = 1.3843e-04
Validation auc = 0.842624
Validation mcc = 0.377506
Epoch 25
Loss = 2.9587e-01, PNorm = 35.6258, GNorm = 0.8050, lr_0 = 1.3335e-04
Loss = 2.8102e-01, PNorm = 35.6398, GNorm = 1.3289, lr_0 = 1.2846e-04
Validation auc = 0.839194
Validation mcc = 0.525096
Epoch 26
Loss = 2.7906e-01, PNorm = 35.6493, GNorm = 1.3370, lr_0 = 1.2375e-04
Loss = 2.7222e-01, PNorm = 35.6606, GNorm = 0.6302, lr_0 = 1.1921e-04
Validation auc = 0.844340
Validation mcc = 0.503832
Epoch 27
Loss = 3.3133e-01, PNorm = 35.6717, GNorm = 1.9976, lr_0 = 1.1483e-04
Loss = 2.6786e-01, PNorm = 35.6833, GNorm = 1.1584, lr_0 = 1.1062e-04
Loss = 2.8359e-01, PNorm = 35.6918, GNorm = 1.2234, lr_0 = 1.0656e-04
Validation auc = 0.841767
Validation mcc = 0.508730
Epoch 28
Loss = 2.5792e-01, PNorm = 35.7029, GNorm = 0.6434, lr_0 = 1.0265e-04
Loss = 2.8129e-01, PNorm = 35.7124, GNorm = 1.7400, lr_0 = 1.0000e-04
Validation auc = 0.851630
Validation mcc = 0.451391
Epoch 29
Loss = 2.5920e-01, PNorm = 35.7216, GNorm = 0.8259, lr_0 = 1.0000e-04
Loss = 2.7300e-01, PNorm = 35.7286, GNorm = 1.6021, lr_0 = 1.0000e-04
Validation auc = 0.848628
Validation mcc = 0.395660
Model 1 best validation auc = 0.851630 on epoch 28
Loading pretrained parameter "encoder.encoder.0.cached_zero_vector".
Loading pretrained parameter "encoder.encoder.0.W_i.weight".
Loading pretrained parameter "encoder.encoder.0.W_h.weight".
Loading pretrained parameter "encoder.encoder.0.W_o.weight".
Loading pretrained parameter "encoder.encoder.0.W_o.bias".
Loading pretrained parameter "ffn.1.weight".
Loading pretrained parameter "ffn.1.bias".
Loading pretrained parameter "ffn.4.weight".
Loading pretrained parameter "ffn.4.bias".
Model 1 provided with no test set, no metric evaluation will be performed.
Building model 2
MoleculeModel(
  (sigmoid): Sigmoid()
  (encoder): MPN(
    (encoder): ModuleList(
      (0): MPNEncoder(
        (dropout_layer): Dropout(p=0.0, inplace=False)
        (act_func): ReLU()
        (W_i): Linear(in_features=147, out_features=300, bias=False)
        (W_h): Linear(in_features=300, out_features=300, bias=False)
        (W_o): Linear(in_features=433, out_features=300, bias=True)
      )
    )
  )
  (ffn): Sequential(
    (0): Dropout(p=0.0, inplace=False)
    (1): Linear(in_features=300, out_features=300, bias=True)
    (2): ReLU()
    (3): Dropout(p=0.0, inplace=False)
    (4): Linear(in_features=300, out_features=1, bias=True)
  )
)
Number of parameters = 355,201
Epoch 0
Loss = 5.5464e-01, PNorm = 33.9854, GNorm = 1.2771, lr_0 = 3.2500e-04
Loss = 4.5621e-01, PNorm = 33.9917, GNorm = 0.1047, lr_0 = 5.2955e-04
Validation auc = 0.579760
Validation mcc = 0.000000
Epoch 1
Loss = 4.5071e-01, PNorm = 34.0105, GNorm = 0.2247, lr_0 = 7.5455e-04
Loss = 4.6548e-01, PNorm = 34.0344, GNorm = 0.4955, lr_0 = 9.5909e-04
Validation auc = 0.609777
Validation mcc = 0.000000
Epoch 2
Loss = 4.8110e-01, PNorm = 34.0538, GNorm = 0.8078, lr_0 = 9.7054e-04
Loss = 4.4959e-01, PNorm = 34.0981, GNorm = 0.7955, lr_0 = 9.3493e-04
Validation auc = 0.655660
Validation mcc = 0.000000
Epoch 3
Loss = 4.9257e-01, PNorm = 34.1221, GNorm = 0.4021, lr_0 = 9.0063e-04
Loss = 4.5601e-01, PNorm = 34.1659, GNorm = 0.1920, lr_0 = 8.6758e-04
Loss = 4.3565e-01, PNorm = 34.2040, GNorm = 0.1584, lr_0 = 8.3575e-04
Validation auc = 0.687822
Validation mcc = 0.000000
Epoch 4
Loss = 4.5911e-01, PNorm = 34.2441, GNorm = 0.6113, lr_0 = 8.0509e-04
Loss = 4.0302e-01, PNorm = 34.2825, GNorm = 0.5732, lr_0 = 7.7555e-04
Validation auc = 0.709691
Validation mcc = 0.000000
Epoch 5
Loss = 4.2165e-01, PNorm = 34.3324, GNorm = 0.4525, lr_0 = 7.4710e-04
Loss = 4.1931e-01, PNorm = 34.3678, GNorm = 0.2353, lr_0 = 7.1969e-04
Validation auc = 0.714408
Validation mcc = 0.000000
Epoch 6
Loss = 3.9963e-01, PNorm = 34.4273, GNorm = 0.4191, lr_0 = 6.9328e-04
Loss = 4.1967e-01, PNorm = 34.4729, GNorm = 0.7096, lr_0 = 6.6784e-04
Loss = 4.2717e-01, PNorm = 34.5223, GNorm = 0.2765, lr_0 = 6.4334e-04
Validation auc = 0.724700
Validation mcc = 0.000000
Epoch 7
Loss = 4.4490e-01, PNorm = 34.5797, GNorm = 0.8605, lr_0 = 6.1974e-04
Loss = 3.8826e-01, PNorm = 34.6198, GNorm = 0.3757, lr_0 = 5.9700e-04
Validation auc = 0.740137
Validation mcc = 0.000000
Epoch 8
Loss = 4.0226e-01, PNorm = 34.6815, GNorm = 0.6851, lr_0 = 5.7510e-04
Loss = 4.0641e-01, PNorm = 34.7233, GNorm = 0.8034, lr_0 = 5.5400e-04
Validation auc = 0.736707
Validation mcc = 0.066300
Epoch 9
Loss = 4.3784e-01, PNorm = 34.7736, GNorm = 0.5480, lr_0 = 5.3367e-04
Loss = 3.6741e-01, PNorm = 34.8284, GNorm = 0.9059, lr_0 = 5.1409e-04
Validation auc = 0.734134
Validation mcc = 0.000000
Epoch 10
Loss = 2.8216e-01, PNorm = 34.8760, GNorm = 0.6037, lr_0 = 4.9523e-04
Loss = 3.8461e-01, PNorm = 34.9306, GNorm = 0.6989, lr_0 = 4.7706e-04
Loss = 4.1379e-01, PNorm = 34.9755, GNorm = 0.4289, lr_0 = 4.5956e-04
Validation auc = 0.729417
Validation mcc = 0.000000
Epoch 11
Loss = 3.8049e-01, PNorm = 35.0210, GNorm = 1.0928, lr_0 = 4.4269e-04
Loss = 3.7285e-01, PNorm = 35.0684, GNorm = 1.3574, lr_0 = 4.2645e-04
Validation auc = 0.734563
Validation mcc = 0.066300
Epoch 12
Loss = 3.2957e-01, PNorm = 35.1228, GNorm = 1.2466, lr_0 = 4.1081e-04
Loss = 4.1063e-01, PNorm = 35.1523, GNorm = 1.5223, lr_0 = 3.9573e-04
Validation auc = 0.764580
Validation mcc = 0.000000
Epoch 13
Loss = 3.0421e-01, PNorm = 35.1932, GNorm = 0.3337, lr_0 = 3.8121e-04
Loss = 3.9838e-01, PNorm = 35.2352, GNorm = 0.6111, lr_0 = 3.6723e-04
Loss = 3.4786e-01, PNorm = 35.2743, GNorm = 0.6210, lr_0 = 3.5375e-04
Validation auc = 0.783877
Validation mcc = 0.066300
Epoch 14
Loss = 3.5693e-01, PNorm = 35.3142, GNorm = 0.9420, lr_0 = 3.4077e-04
Loss = 3.4202e-01, PNorm = 35.3564, GNorm = 0.3177, lr_0 = 3.2827e-04
Validation auc = 0.774014
Validation mcc = 0.345804
Epoch 15
Loss = 3.5222e-01, PNorm = 35.3914, GNorm = 0.9889, lr_0 = 3.1623e-04
Loss = 3.4842e-01, PNorm = 35.4336, GNorm = 0.7239, lr_0 = 3.0463e-04
Validation auc = 0.809177
Validation mcc = 0.394240
Epoch 16
Loss = 3.3633e-01, PNorm = 35.4730, GNorm = 1.2167, lr_0 = 2.9345e-04
Loss = 3.2649e-01, PNorm = 35.5064, GNorm = 1.9871, lr_0 = 2.8268e-04
Validation auc = 0.816467
Validation mcc = 0.290846
Epoch 17
Loss = 1.8671e-01, PNorm = 35.5457, GNorm = 1.2821, lr_0 = 2.7129e-04
Loss = 3.2004e-01, PNorm = 35.5805, GNorm = 1.0627, lr_0 = 2.6134e-04
Loss = 3.7471e-01, PNorm = 35.6073, GNorm = 3.4495, lr_0 = 2.5175e-04
Validation auc = 0.822041
Validation mcc = 0.000000
Epoch 18
Loss = 2.9911e-01, PNorm = 35.6395, GNorm = 1.6990, lr_0 = 2.4252e-04
Loss = 3.4115e-01, PNorm = 35.6674, GNorm = 0.7805, lr_0 = 2.3362e-04
Validation auc = 0.815180
Validation mcc = 0.275224
Epoch 19
Loss = 3.5607e-01, PNorm = 35.6943, GNorm = 1.8996, lr_0 = 2.2505e-04
Loss = 3.0105e-01, PNorm = 35.7247, GNorm = 1.4428, lr_0 = 2.1679e-04
Validation auc = 0.828045
Validation mcc = 0.395660
Epoch 20
Loss = 2.4387e-01, PNorm = 35.7538, GNorm = 1.4050, lr_0 = 2.0884e-04
Loss = 3.0951e-01, PNorm = 35.7786, GNorm = 0.6979, lr_0 = 2.0117e-04
Loss = 3.1579e-01, PNorm = 35.8018, GNorm = 2.2217, lr_0 = 1.9379e-04
Validation auc = 0.829331
Validation mcc = 0.394240
Epoch 21
Loss = 3.3580e-01, PNorm = 35.8192, GNorm = 1.9814, lr_0 = 1.8668e-04
Loss = 3.1214e-01, PNorm = 35.8463, GNorm = 2.6340, lr_0 = 1.7983e-04
Validation auc = 0.834477
Validation mcc = 0.304787
Epoch 22
Loss = 3.1500e-01, PNorm = 35.8632, GNorm = 1.1533, lr_0 = 1.7324e-04
Loss = 2.9884e-01, PNorm = 35.8813, GNorm = 0.9380, lr_0 = 1.6688e-04
Validation auc = 0.838336
Validation mcc = 0.453957
Epoch 23
Loss = 3.0599e-01, PNorm = 35.9009, GNorm = 1.1120, lr_0 = 1.6076e-04
Loss = 2.8677e-01, PNorm = 35.9258, GNorm = 2.9168, lr_0 = 1.5486e-04
Loss = 2.8415e-01, PNorm = 35.9387, GNorm = 1.3770, lr_0 = 1.4918e-04
Validation auc = 0.836192
Validation mcc = 0.421822
Epoch 24
Loss = 3.0512e-01, PNorm = 35.9541, GNorm = 2.6092, lr_0 = 1.4370e-04
Loss = 2.6548e-01, PNorm = 35.9764, GNorm = 1.0353, lr_0 = 1.3843e-04
Validation auc = 0.837907
Validation mcc = 0.407513
Epoch 25
Loss = 2.7219e-01, PNorm = 35.9900, GNorm = 3.4823, lr_0 = 1.3335e-04
Loss = 3.0451e-01, PNorm = 36.0034, GNorm = 1.0715, lr_0 = 1.2846e-04
Validation auc = 0.852487
Validation mcc = 0.407513
Epoch 26
Loss = 3.1966e-01, PNorm = 36.0183, GNorm = 2.0740, lr_0 = 1.2375e-04
Loss = 2.6672e-01, PNorm = 36.0320, GNorm = 1.9745, lr_0 = 1.1921e-04
Validation auc = 0.849914
Validation mcc = 0.407513
Epoch 27
Loss = 2.9626e-01, PNorm = 36.0459, GNorm = 1.7283, lr_0 = 1.1483e-04
Loss = 2.6190e-01, PNorm = 36.0598, GNorm = 1.9722, lr_0 = 1.1062e-04
Loss = 2.7586e-01, PNorm = 36.0747, GNorm = 1.3486, lr_0 = 1.0656e-04
Validation auc = 0.849057
Validation mcc = 0.437484
Epoch 28
Loss = 2.3050e-01, PNorm = 36.0892, GNorm = 0.9691, lr_0 = 1.0265e-04
Loss = 2.6737e-01, PNorm = 36.1017, GNorm = 0.9895, lr_0 = 1.0000e-04
Validation auc = 0.843482
Validation mcc = 0.228796
Epoch 29
Loss = 2.5685e-01, PNorm = 36.1118, GNorm = 2.7504, lr_0 = 1.0000e-04
Loss = 2.8892e-01, PNorm = 36.1240, GNorm = 1.9769, lr_0 = 1.0000e-04
Validation auc = 0.851201
Validation mcc = 0.492913
Model 2 best validation auc = 0.852487 on epoch 25
Loading pretrained parameter "encoder.encoder.0.cached_zero_vector".
Loading pretrained parameter "encoder.encoder.0.W_i.weight".
Loading pretrained parameter "encoder.encoder.0.W_h.weight".
Loading pretrained parameter "encoder.encoder.0.W_o.weight".
Loading pretrained parameter "encoder.encoder.0.W_o.bias".
Loading pretrained parameter "ffn.1.weight".
Loading pretrained parameter "ffn.1.bias".
Loading pretrained parameter "ffn.4.weight".
Loading pretrained parameter "ffn.4.bias".
Model 2 provided with no test set, no metric evaluation will be performed.
Building model 3
MoleculeModel(
  (sigmoid): Sigmoid()
  (encoder): MPN(
    (encoder): ModuleList(
      (0): MPNEncoder(
        (dropout_layer): Dropout(p=0.0, inplace=False)
        (act_func): ReLU()
        (W_i): Linear(in_features=147, out_features=300, bias=False)
        (W_h): Linear(in_features=300, out_features=300, bias=False)
        (W_o): Linear(in_features=433, out_features=300, bias=True)
      )
    )
  )
  (ffn): Sequential(
    (0): Dropout(p=0.0, inplace=False)
    (1): Linear(in_features=300, out_features=300, bias=True)
    (2): ReLU()
    (3): Dropout(p=0.0, inplace=False)
    (4): Linear(in_features=300, out_features=1, bias=True)
  )
)
Number of parameters = 355,201
Epoch 0
Loss = 6.2643e-01, PNorm = 34.0244, GNorm = 1.6198, lr_0 = 3.2500e-04
Loss = 4.5881e-01, PNorm = 34.0330, GNorm = 0.3585, lr_0 = 5.2955e-04
Validation auc = 0.563036
Validation mcc = 0.000000
Epoch 1
Loss = 4.8614e-01, PNorm = 34.0520, GNorm = 0.8755, lr_0 = 7.5455e-04
Loss = 4.6629e-01, PNorm = 34.0688, GNorm = 0.6661, lr_0 = 9.5909e-04
Validation auc = 0.616209
Validation mcc = 0.000000
Epoch 2
Loss = 4.6261e-01, PNorm = 34.0931, GNorm = 0.1310, lr_0 = 9.7054e-04
Loss = 4.6154e-01, PNorm = 34.1188, GNorm = 0.7024, lr_0 = 9.3493e-04
Validation auc = 0.671955
Validation mcc = 0.000000
Epoch 3
Loss = 4.8937e-01, PNorm = 34.1382, GNorm = 0.2081, lr_0 = 9.0063e-04
Loss = 4.6617e-01, PNorm = 34.1742, GNorm = 1.1286, lr_0 = 8.6758e-04
Loss = 4.1478e-01, PNorm = 34.1972, GNorm = 0.5209, lr_0 = 8.3575e-04
Validation auc = 0.706261
Validation mcc = 0.000000
Epoch 4
Loss = 4.5607e-01, PNorm = 34.2302, GNorm = 0.1162, lr_0 = 8.0509e-04
Loss = 4.6151e-01, PNorm = 34.2528, GNorm = 0.3291, lr_0 = 7.7555e-04
Validation auc = 0.686964
Validation mcc = 0.000000
Epoch 5
Loss = 4.3027e-01, PNorm = 34.2914, GNorm = 0.3898, lr_0 = 7.4710e-04
Loss = 4.2397e-01, PNorm = 34.3220, GNorm = 0.6417, lr_0 = 7.1969e-04
Validation auc = 0.706690
Validation mcc = 0.000000
Epoch 6
Loss = 4.3618e-01, PNorm = 34.3606, GNorm = 0.2586, lr_0 = 6.9328e-04
Loss = 4.1627e-01, PNorm = 34.3935, GNorm = 0.8385, lr_0 = 6.6784e-04
Loss = 4.2925e-01, PNorm = 34.4368, GNorm = 0.4037, lr_0 = 6.4334e-04
Validation auc = 0.668096
Validation mcc = 0.000000
Epoch 7
Loss = 4.2557e-01, PNorm = 34.4709, GNorm = 1.0225, lr_0 = 6.1974e-04
Loss = 4.4476e-01, PNorm = 34.4982, GNorm = 0.5600, lr_0 = 5.9700e-04
Validation auc = 0.705403
Validation mcc = 0.000000
Epoch 8
Loss = 4.2580e-01, PNorm = 34.5346, GNorm = 0.1981, lr_0 = 5.7510e-04
Loss = 4.4373e-01, PNorm = 34.5592, GNorm = 0.1841, lr_0 = 5.5400e-04
Validation auc = 0.704117
Validation mcc = 0.000000
Epoch 9
Loss = 4.3064e-01, PNorm = 34.5928, GNorm = 0.3698, lr_0 = 5.3367e-04
Loss = 4.0800e-01, PNorm = 34.6251, GNorm = 0.2558, lr_0 = 5.1409e-04
Validation auc = 0.731132
Validation mcc = 0.000000
Epoch 10
Loss = 5.0421e-01, PNorm = 34.6465, GNorm = 0.2074, lr_0 = 4.9523e-04
Loss = 3.9626e-01, PNorm = 34.6812, GNorm = 0.4336, lr_0 = 4.7706e-04
Loss = 4.2124e-01, PNorm = 34.7137, GNorm = 0.3141, lr_0 = 4.5956e-04
Validation auc = 0.712693
Validation mcc = 0.000000
Epoch 11
Loss = 4.2066e-01, PNorm = 34.7395, GNorm = 0.4405, lr_0 = 4.4269e-04
Loss = 3.9603e-01, PNorm = 34.7744, GNorm = 0.3943, lr_0 = 4.2645e-04
Validation auc = 0.724271
Validation mcc = 0.000000
Epoch 12
Loss = 4.1041e-01, PNorm = 34.8006, GNorm = 0.9025, lr_0 = 4.1081e-04
Loss = 4.0416e-01, PNorm = 34.8398, GNorm = 0.2566, lr_0 = 3.9573e-04
Validation auc = 0.737136
Validation mcc = 0.000000
Epoch 13
Loss = 4.1343e-01, PNorm = 34.8610, GNorm = 0.3211, lr_0 = 3.8121e-04
Loss = 3.9538e-01, PNorm = 34.8954, GNorm = 1.9191, lr_0 = 3.6723e-04
Loss = 4.0811e-01, PNorm = 34.9237, GNorm = 0.4085, lr_0 = 3.5375e-04
Validation auc = 0.726844
Validation mcc = 0.000000
Epoch 14
Loss = 3.8951e-01, PNorm = 34.9441, GNorm = 0.5208, lr_0 = 3.4077e-04
Loss = 3.9477e-01, PNorm = 34.9714, GNorm = 0.5552, lr_0 = 3.2827e-04
Validation auc = 0.756432
Validation mcc = 0.000000
Epoch 15
Loss = 3.6482e-01, PNorm = 35.0016, GNorm = 0.3435, lr_0 = 3.1623e-04
Loss = 3.5780e-01, PNorm = 35.0312, GNorm = 0.3461, lr_0 = 3.0463e-04
Validation auc = 0.751715
Validation mcc = 0.066300
Epoch 16
Loss = 3.8848e-01, PNorm = 35.0566, GNorm = 0.8032, lr_0 = 2.9345e-04
Loss = 3.8223e-01, PNorm = 35.0907, GNorm = 2.4754, lr_0 = 2.8268e-04
Validation auc = 0.783019
Validation mcc = 0.109576
Epoch 17
Loss = 3.6579e-01, PNorm = 35.1119, GNorm = 0.2833, lr_0 = 2.7129e-04
Loss = 3.6456e-01, PNorm = 35.1292, GNorm = 1.0404, lr_0 = 2.6134e-04
Loss = 3.7644e-01, PNorm = 35.1564, GNorm = 2.1159, lr_0 = 2.5175e-04
Validation auc = 0.777015
Validation mcc = 0.156208
Epoch 18
Loss = 3.2298e-01, PNorm = 35.1838, GNorm = 0.7895, lr_0 = 2.4252e-04
Loss = 3.9935e-01, PNorm = 35.2039, GNorm = 0.8471, lr_0 = 2.3362e-04
Validation auc = 0.781304
Validation mcc = 0.000000
Epoch 19
Loss = 3.4720e-01, PNorm = 35.2255, GNorm = 2.2306, lr_0 = 2.2505e-04
Loss = 3.8031e-01, PNorm = 35.2438, GNorm = 0.7156, lr_0 = 2.1679e-04
Validation auc = 0.799314
Validation mcc = 0.000000
Epoch 20
Loss = 4.1730e-01, PNorm = 35.2656, GNorm = 0.7714, lr_0 = 2.0884e-04
Loss = 3.6116e-01, PNorm = 35.2872, GNorm = 0.8979, lr_0 = 2.0117e-04
Loss = 3.2243e-01, PNorm = 35.3051, GNorm = 1.5134, lr_0 = 1.9379e-04
Validation auc = 0.794168
Validation mcc = 0.176026
Epoch 21
Loss = 3.4334e-01, PNorm = 35.3238, GNorm = 0.8923, lr_0 = 1.8668e-04
Loss = 3.3790e-01, PNorm = 35.3401, GNorm = 0.4812, lr_0 = 1.7983e-04
Validation auc = 0.802316
Validation mcc = 0.290846
Epoch 22
Loss = 3.1005e-01, PNorm = 35.3601, GNorm = 1.0173, lr_0 = 1.7324e-04
Loss = 3.7173e-01, PNorm = 35.3756, GNorm = 1.5568, lr_0 = 1.6688e-04
Validation auc = 0.802316
Validation mcc = 0.228796
Epoch 23
Loss = 3.4741e-01, PNorm = 35.3916, GNorm = 1.0841, lr_0 = 1.6076e-04
Loss = 3.1773e-01, PNorm = 35.4077, GNorm = 0.5274, lr_0 = 1.5486e-04
Loss = 3.3463e-01, PNorm = 35.4241, GNorm = 1.0012, lr_0 = 1.4918e-04
Validation auc = 0.812178
Validation mcc = 0.254728
Epoch 24
Loss = 3.0339e-01, PNorm = 35.4424, GNorm = 1.7818, lr_0 = 1.4370e-04
Loss = 3.4283e-01, PNorm = 35.4562, GNorm = 0.8322, lr_0 = 1.3843e-04
Validation auc = 0.810892
Validation mcc = 0.238439
Epoch 25
Loss = 2.9840e-01, PNorm = 35.4734, GNorm = 0.3880, lr_0 = 1.3335e-04
Loss = 3.3542e-01, PNorm = 35.4813, GNorm = 0.9480, lr_0 = 1.2846e-04
Validation auc = 0.808319
Validation mcc = 0.176026
Epoch 26
Loss = 3.0072e-01, PNorm = 35.4964, GNorm = 1.1043, lr_0 = 1.2375e-04
Loss = 3.2476e-01, PNorm = 35.5032, GNorm = 1.7216, lr_0 = 1.1921e-04
Validation auc = 0.827616
Validation mcc = 0.254728
Epoch 27
Loss = 2.8031e-01, PNorm = 35.5163, GNorm = 0.4277, lr_0 = 1.1483e-04
Loss = 3.3260e-01, PNorm = 35.5281, GNorm = 1.3879, lr_0 = 1.1062e-04
Loss = 3.0457e-01, PNorm = 35.5405, GNorm = 1.5258, lr_0 = 1.0656e-04
Validation auc = 0.819897
Validation mcc = 0.224564
Epoch 28
Loss = 3.2848e-01, PNorm = 35.5496, GNorm = 0.6963, lr_0 = 1.0265e-04
Loss = 2.8388e-01, PNorm = 35.5596, GNorm = 1.7999, lr_0 = 1.0000e-04
Validation auc = 0.826329
Validation mcc = 0.224564
Epoch 29
Loss = 3.0547e-01, PNorm = 35.5681, GNorm = 0.7161, lr_0 = 1.0000e-04
Loss = 3.0710e-01, PNorm = 35.5794, GNorm = 1.3783, lr_0 = 1.0000e-04
Validation auc = 0.831046
Validation mcc = 0.253189
Model 3 best validation auc = 0.831046 on epoch 29
Loading pretrained parameter "encoder.encoder.0.cached_zero_vector".
Loading pretrained parameter "encoder.encoder.0.W_i.weight".
Loading pretrained parameter "encoder.encoder.0.W_h.weight".
Loading pretrained parameter "encoder.encoder.0.W_o.weight".
Loading pretrained parameter "encoder.encoder.0.W_o.bias".
Loading pretrained parameter "ffn.1.weight".
Loading pretrained parameter "ffn.1.bias".
Loading pretrained parameter "ffn.4.weight".
Loading pretrained parameter "ffn.4.bias".
Model 3 provided with no test set, no metric evaluation will be performed.
Building model 4
MoleculeModel(
  (sigmoid): Sigmoid()
  (encoder): MPN(
    (encoder): ModuleList(
      (0): MPNEncoder(
        (dropout_layer): Dropout(p=0.0, inplace=False)
        (act_func): ReLU()
        (W_i): Linear(in_features=147, out_features=300, bias=False)
        (W_h): Linear(in_features=300, out_features=300, bias=False)
        (W_o): Linear(in_features=433, out_features=300, bias=True)
      )
    )
  )
  (ffn): Sequential(
    (0): Dropout(p=0.0, inplace=False)
    (1): Linear(in_features=300, out_features=300, bias=True)
    (2): ReLU()
    (3): Dropout(p=0.0, inplace=False)
    (4): Linear(in_features=300, out_features=1, bias=True)
  )
)
Number of parameters = 355,201
Epoch 0
Loss = 5.0186e-01, PNorm = 33.9063, GNorm = 0.7142, lr_0 = 3.2500e-04
Loss = 4.7020e-01, PNorm = 33.9146, GNorm = 0.8145, lr_0 = 5.2955e-04
Validation auc = 0.587907
Validation mcc = 0.000000
Epoch 1
Loss = 4.4171e-01, PNorm = 33.9336, GNorm = 0.4759, lr_0 = 7.5455e-04
Loss = 4.6427e-01, PNorm = 33.9587, GNorm = 0.2286, lr_0 = 9.5909e-04
Validation auc = 0.690823
Validation mcc = 0.000000
Epoch 2
Loss = 4.8879e-01, PNorm = 33.9862, GNorm = 0.3099, lr_0 = 9.7054e-04
Loss = 4.5332e-01, PNorm = 34.0252, GNorm = 0.2472, lr_0 = 9.3493e-04
Validation auc = 0.660377
Validation mcc = 0.000000
Epoch 3
Loss = 4.3301e-01, PNorm = 34.0644, GNorm = 0.2695, lr_0 = 9.0063e-04
Loss = 4.5215e-01, PNorm = 34.1066, GNorm = 0.3891, lr_0 = 8.6758e-04
Loss = 4.5133e-01, PNorm = 34.1397, GNorm = 0.2736, lr_0 = 8.3575e-04
Validation auc = 0.719125
Validation mcc = 0.000000
Epoch 4
Loss = 4.2673e-01, PNorm = 34.1831, GNorm = 0.2180, lr_0 = 8.0509e-04
Loss = 4.5258e-01, PNorm = 34.2200, GNorm = 0.4046, lr_0 = 7.7555e-04
Validation auc = 0.703688
Validation mcc = 0.000000
Epoch 5
Loss = 4.3389e-01, PNorm = 34.2575, GNorm = 0.8248, lr_0 = 7.4710e-04
Loss = 4.4891e-01, PNorm = 34.3030, GNorm = 0.8191, lr_0 = 7.1969e-04
Validation auc = 0.721269
Validation mcc = 0.000000
Epoch 6
Loss = 4.2584e-01, PNorm = 34.3539, GNorm = 1.0182, lr_0 = 6.9328e-04
Loss = 4.3996e-01, PNorm = 34.3827, GNorm = 0.4359, lr_0 = 6.6784e-04
Loss = 4.0575e-01, PNorm = 34.4351, GNorm = 0.6069, lr_0 = 6.4334e-04
Validation auc = 0.693396
Validation mcc = 0.000000
Epoch 7
Loss = 4.3687e-01, PNorm = 34.4805, GNorm = 0.5311, lr_0 = 6.1974e-04
Loss = 4.0465e-01, PNorm = 34.5128, GNorm = 0.3501, lr_0 = 5.9700e-04
Validation auc = 0.734991
Validation mcc = 0.000000
Epoch 8
Loss = 3.6947e-01, PNorm = 34.5653, GNorm = 0.8000, lr_0 = 5.7510e-04
Loss = 4.2000e-01, PNorm = 34.6087, GNorm = 0.5281, lr_0 = 5.5400e-04
Validation auc = 0.744854
Validation mcc = 0.000000
Epoch 9
Loss = 3.8132e-01, PNorm = 34.6519, GNorm = 0.7093, lr_0 = 5.3367e-04
Loss = 3.7508e-01, PNorm = 34.7025, GNorm = 0.4707, lr_0 = 5.1409e-04
Validation auc = 0.700686
Validation mcc = 0.000000
Epoch 10
Loss = 4.3183e-01, PNorm = 34.7493, GNorm = 2.3239, lr_0 = 4.9523e-04
Loss = 4.0805e-01, PNorm = 34.7821, GNorm = 0.2800, lr_0 = 4.7706e-04
Loss = 3.6653e-01, PNorm = 34.8194, GNorm = 0.2670, lr_0 = 4.5956e-04
Validation auc = 0.767153
Validation mcc = -0.040426
Epoch 11
Loss = 3.7223e-01, PNorm = 34.8501, GNorm = 0.5057, lr_0 = 4.4269e-04
Loss = 3.6346e-01, PNorm = 34.8871, GNorm = 1.4379, lr_0 = 4.2645e-04
Validation auc = 0.785592
Validation mcc = 0.203177
Epoch 12
Loss = 3.7677e-01, PNorm = 34.9300, GNorm = 2.6580, lr_0 = 4.1081e-04
Loss = 3.6979e-01, PNorm = 34.9548, GNorm = 1.8228, lr_0 = 3.9573e-04
Validation auc = 0.766295
Validation mcc = -0.040426
Epoch 13
Loss = 3.2939e-01, PNorm = 34.9846, GNorm = 1.2370, lr_0 = 3.8121e-04
Loss = 3.8062e-01, PNorm = 35.0171, GNorm = 0.5116, lr_0 = 3.6723e-04
Loss = 3.6327e-01, PNorm = 35.0461, GNorm = 0.4830, lr_0 = 3.5375e-04
Validation auc = 0.782161
Validation mcc = 0.156208
Epoch 14
Loss = 3.3934e-01, PNorm = 35.0702, GNorm = 0.5188, lr_0 = 3.4077e-04
Loss = 3.5639e-01, PNorm = 35.1009, GNorm = 1.2112, lr_0 = 3.2827e-04
Validation auc = 0.798027
Validation mcc = 0.224564
Epoch 15
Loss = 3.1601e-01, PNorm = 35.1309, GNorm = 0.8319, lr_0 = 3.1623e-04
Loss = 3.4009e-01, PNorm = 35.1581, GNorm = 1.0789, lr_0 = 3.0463e-04
Validation auc = 0.805746
Validation mcc = 0.109576
Epoch 16
Loss = 4.0199e-01, PNorm = 35.1834, GNorm = 1.8868, lr_0 = 2.9345e-04
Loss = 3.3771e-01, PNorm = 35.2093, GNorm = 1.5012, lr_0 = 2.8268e-04
Validation auc = 0.817753
Validation mcc = 0.198688
Epoch 17
Loss = 4.7883e-01, PNorm = 35.2323, GNorm = 0.5332, lr_0 = 2.7129e-04
Loss = 3.3026e-01, PNorm = 35.2585, GNorm = 0.5608, lr_0 = 2.6134e-04
Loss = 3.1084e-01, PNorm = 35.2825, GNorm = 2.2493, lr_0 = 2.5175e-04
Validation auc = 0.823328
Validation mcc = 0.279735
Epoch 18
Loss = 2.9193e-01, PNorm = 35.3143, GNorm = 1.2154, lr_0 = 2.4252e-04
Loss = 3.4787e-01, PNorm = 35.3332, GNorm = 2.0204, lr_0 = 2.3362e-04
Validation auc = 0.819897
Validation mcc = 0.192877
Epoch 19
Loss = 3.5311e-01, PNorm = 35.3608, GNorm = 0.5855, lr_0 = 2.2505e-04
Loss = 3.0837e-01, PNorm = 35.3842, GNorm = 0.9972, lr_0 = 2.1679e-04
Validation auc = 0.826329
Validation mcc = 0.198688
Epoch 20
Loss = 2.6941e-01, PNorm = 35.4014, GNorm = 0.4437, lr_0 = 2.0884e-04
Loss = 3.1571e-01, PNorm = 35.4212, GNorm = 1.1195, lr_0 = 2.0117e-04
Loss = 3.1868e-01, PNorm = 35.4439, GNorm = 1.0959, lr_0 = 1.9379e-04
Validation auc = 0.834906
Validation mcc = 0.194778
Epoch 21
Loss = 2.9300e-01, PNorm = 35.4574, GNorm = 1.7074, lr_0 = 1.8668e-04
Loss = 3.1253e-01, PNorm = 35.4799, GNorm = 3.5704, lr_0 = 1.7983e-04
Validation auc = 0.838765
Validation mcc = 0.508730
Epoch 22
Loss = 2.9271e-01, PNorm = 35.5003, GNorm = 2.0645, lr_0 = 1.7324e-04
Loss = 2.8901e-01, PNorm = 35.5148, GNorm = 0.9420, lr_0 = 1.6688e-04
Validation auc = 0.839623
Validation mcc = 0.224564
Epoch 23
Loss = 3.8495e-01, PNorm = 35.5310, GNorm = 2.3062, lr_0 = 1.6076e-04
Loss = 3.1853e-01, PNorm = 35.5503, GNorm = 4.9629, lr_0 = 1.5486e-04
Loss = 3.0239e-01, PNorm = 35.5639, GNorm = 0.5995, lr_0 = 1.4918e-04
Validation auc = 0.829760
Validation mcc = 0.228796
Epoch 24
Loss = 3.0050e-01, PNorm = 35.5754, GNorm = 0.7656, lr_0 = 1.4370e-04
Loss = 2.9191e-01, PNorm = 35.5924, GNorm = 0.6706, lr_0 = 1.3843e-04
Validation auc = 0.844768
Validation mcc = 0.224564
Epoch 25
Loss = 2.3272e-01, PNorm = 35.6055, GNorm = 1.8592, lr_0 = 1.3335e-04
Loss = 3.2572e-01, PNorm = 35.6162, GNorm = 1.5096, lr_0 = 1.2846e-04
Validation auc = 0.842624
Validation mcc = 0.290846
Epoch 26
Loss = 2.6136e-01, PNorm = 35.6301, GNorm = 2.2030, lr_0 = 1.2375e-04
Loss = 2.7815e-01, PNorm = 35.6382, GNorm = 1.9133, lr_0 = 1.1921e-04
Validation auc = 0.849057
Validation mcc = 0.330351
Epoch 27
Loss = 2.4909e-01, PNorm = 35.6528, GNorm = 1.7784, lr_0 = 1.1483e-04
Loss = 2.8051e-01, PNorm = 35.6660, GNorm = 1.4259, lr_0 = 1.1062e-04
Loss = 2.8747e-01, PNorm = 35.6752, GNorm = 1.7746, lr_0 = 1.0656e-04
Validation auc = 0.839194
Validation mcc = 0.470960
Epoch 28
Loss = 2.6581e-01, PNorm = 35.6872, GNorm = 1.1682, lr_0 = 1.0265e-04
Loss = 2.8643e-01, PNorm = 35.6971, GNorm = 0.9299, lr_0 = 1.0000e-04
Validation auc = 0.848199
Validation mcc = 0.395660
Epoch 29
Loss = 2.9508e-01, PNorm = 35.7086, GNorm = 1.3411, lr_0 = 1.0000e-04
Loss = 2.9482e-01, PNorm = 35.7179, GNorm = 0.9710, lr_0 = 1.0000e-04
Validation auc = 0.847770
Validation mcc = 0.345804
Model 4 best validation auc = 0.849057 on epoch 26
Loading pretrained parameter "encoder.encoder.0.cached_zero_vector".
Loading pretrained parameter "encoder.encoder.0.W_i.weight".
Loading pretrained parameter "encoder.encoder.0.W_h.weight".
Loading pretrained parameter "encoder.encoder.0.W_o.weight".
Loading pretrained parameter "encoder.encoder.0.W_o.bias".
Loading pretrained parameter "ffn.1.weight".
Loading pretrained parameter "ffn.1.bias".
Loading pretrained parameter "ffn.4.weight".
Loading pretrained parameter "ffn.4.bias".
Model 4 provided with no test set, no metric evaluation will be performed.
Building model 5
MoleculeModel(
  (sigmoid): Sigmoid()
  (encoder): MPN(
    (encoder): ModuleList(
      (0): MPNEncoder(
        (dropout_layer): Dropout(p=0.0, inplace=False)
        (act_func): ReLU()
        (W_i): Linear(in_features=147, out_features=300, bias=False)
        (W_h): Linear(in_features=300, out_features=300, bias=False)
        (W_o): Linear(in_features=433, out_features=300, bias=True)
      )
    )
  )
  (ffn): Sequential(
    (0): Dropout(p=0.0, inplace=False)
    (1): Linear(in_features=300, out_features=300, bias=True)
    (2): ReLU()
    (3): Dropout(p=0.0, inplace=False)
    (4): Linear(in_features=300, out_features=1, bias=True)
  )
)
Number of parameters = 355,201
Epoch 0
Loss = 5.5275e-01, PNorm = 34.0025, GNorm = 1.9873, lr_0 = 3.2500e-04
Loss = 4.7058e-01, PNorm = 34.0084, GNorm = 0.7486, lr_0 = 5.2955e-04
Validation auc = 0.577187
Validation mcc = 0.000000
Epoch 1
Loss = 4.3404e-01, PNorm = 34.0244, GNorm = 0.2787, lr_0 = 7.5455e-04
Loss = 4.8270e-01, PNorm = 34.0412, GNorm = 0.5505, lr_0 = 9.5909e-04
Validation auc = 0.612779
Validation mcc = 0.000000
Epoch 2
Loss = 3.9140e-01, PNorm = 34.0701, GNorm = 0.6505, lr_0 = 9.7054e-04
Loss = 4.5545e-01, PNorm = 34.0987, GNorm = 0.3105, lr_0 = 9.3493e-04
Validation auc = 0.695111
Validation mcc = 0.000000
Epoch 3
Loss = 4.5597e-01, PNorm = 34.1285, GNorm = 0.6360, lr_0 = 9.0063e-04
Loss = 4.3727e-01, PNorm = 34.1664, GNorm = 0.6756, lr_0 = 8.6758e-04
Loss = 4.4442e-01, PNorm = 34.2075, GNorm = 0.2154, lr_0 = 8.3575e-04
Validation auc = 0.720840
Validation mcc = 0.000000
Epoch 4
Loss = 4.6156e-01, PNorm = 34.2562, GNorm = 0.5354, lr_0 = 8.0509e-04
Loss = 4.3386e-01, PNorm = 34.2986, GNorm = 0.6234, lr_0 = 7.7555e-04
Validation auc = 0.684820
Validation mcc = 0.000000
Epoch 5
Loss = 4.5738e-01, PNorm = 34.3375, GNorm = 0.5735, lr_0 = 7.4710e-04
Loss = 4.3574e-01, PNorm = 34.3884, GNorm = 0.6809, lr_0 = 7.1969e-04
Validation auc = 0.698113
Validation mcc = 0.000000
Epoch 6
Loss = 4.4764e-01, PNorm = 34.4260, GNorm = 0.2791, lr_0 = 6.9328e-04
Loss = 4.3033e-01, PNorm = 34.4666, GNorm = 0.1780, lr_0 = 6.6784e-04
Loss = 4.1704e-01, PNorm = 34.5056, GNorm = 0.7551, lr_0 = 6.4334e-04
Validation auc = 0.722556
Validation mcc = 0.000000
Epoch 7
Loss = 4.4872e-01, PNorm = 34.5472, GNorm = 0.7713, lr_0 = 6.1974e-04
Loss = 3.8736e-01, PNorm = 34.5944, GNorm = 0.3537, lr_0 = 5.9700e-04
Validation auc = 0.735420
Validation mcc = 0.000000
Epoch 8
Loss = 4.1070e-01, PNorm = 34.6359, GNorm = 0.4256, lr_0 = 5.7510e-04
Loss = 4.1814e-01, PNorm = 34.6801, GNorm = 0.4162, lr_0 = 5.5400e-04
Validation auc = 0.742281
Validation mcc = 0.000000
Epoch 9
Loss = 3.5341e-01, PNorm = 34.7304, GNorm = 0.6078, lr_0 = 5.3367e-04
Loss = 4.0026e-01, PNorm = 34.7802, GNorm = 1.1410, lr_0 = 5.1409e-04
Validation auc = 0.733705
Validation mcc = 0.000000
Epoch 10
Loss = 3.3814e-01, PNorm = 34.8237, GNorm = 1.6883, lr_0 = 4.9523e-04
Loss = 3.9168e-01, PNorm = 34.8612, GNorm = 0.3292, lr_0 = 4.7706e-04
Loss = 3.8446e-01, PNorm = 34.9092, GNorm = 0.7473, lr_0 = 4.5956e-04
Validation auc = 0.763293
Validation mcc = -0.057397
Epoch 11
Loss = 3.6871e-01, PNorm = 34.9497, GNorm = 0.4806, lr_0 = 4.4269e-04
Loss = 4.2607e-01, PNorm = 34.9672, GNorm = 0.9552, lr_0 = 4.2645e-04
Validation auc = 0.757290
Validation mcc = 0.000000
Epoch 12
Loss = 4.4593e-01, PNorm = 34.9977, GNorm = 0.3699, lr_0 = 4.1081e-04
Loss = 3.7647e-01, PNorm = 35.0314, GNorm = 0.5443, lr_0 = 3.9573e-04
Validation auc = 0.774014
Validation mcc = -0.057397
Epoch 13
Loss = 4.2755e-01, PNorm = 35.0642, GNorm = 0.6442, lr_0 = 3.8121e-04
Loss = 3.4122e-01, PNorm = 35.0986, GNorm = 0.4185, lr_0 = 3.6723e-04
Loss = 3.4162e-01, PNorm = 35.1313, GNorm = 0.7925, lr_0 = 3.5375e-04
Validation auc = 0.775300
Validation mcc = 0.349068
Epoch 14
Loss = 3.2979e-01, PNorm = 35.1649, GNorm = 1.6687, lr_0 = 3.4077e-04
Loss = 3.6500e-01, PNorm = 35.1927, GNorm = 0.8284, lr_0 = 3.2827e-04
Validation auc = 0.804031
Validation mcc = 0.224564
Epoch 15
Loss = 3.1826e-01, PNorm = 35.2252, GNorm = 0.5098, lr_0 = 3.1623e-04
Loss = 3.8488e-01, PNorm = 35.2594, GNorm = 2.9152, lr_0 = 3.0463e-04
Validation auc = 0.810463
Validation mcc = 0.395250
Epoch 16
Loss = 3.1175e-01, PNorm = 35.2801, GNorm = 0.4459, lr_0 = 2.9345e-04
Loss = 3.4262e-01, PNorm = 35.3086, GNorm = 0.9482, lr_0 = 2.8268e-04
Validation auc = 0.823756
Validation mcc = 0.228796
Epoch 17
Loss = 5.1406e-01, PNorm = 35.3357, GNorm = 4.3099, lr_0 = 2.7129e-04
Loss = 3.0646e-01, PNorm = 35.3598, GNorm = 1.3873, lr_0 = 2.6134e-04
Loss = 3.0595e-01, PNorm = 35.3866, GNorm = 1.6623, lr_0 = 2.5175e-04
Validation auc = 0.832333
Validation mcc = 0.228796
Epoch 18
Loss = 3.1884e-01, PNorm = 35.4102, GNorm = 3.1229, lr_0 = 2.4252e-04
Loss = 3.1513e-01, PNorm = 35.4315, GNorm = 0.9701, lr_0 = 2.3362e-04
Validation auc = 0.819897
Validation mcc = 0.253189
Epoch 19
Loss = 2.8508e-01, PNorm = 35.4507, GNorm = 0.9336, lr_0 = 2.2505e-04
Loss = 3.2101e-01, PNorm = 35.4726, GNorm = 2.3874, lr_0 = 2.1679e-04
Validation auc = 0.823328
Validation mcc = 0.451391
Epoch 20
Loss = 2.6806e-01, PNorm = 35.4919, GNorm = 1.9846, lr_0 = 2.0884e-04
Loss = 2.7550e-01, PNorm = 35.5099, GNorm = 1.2524, lr_0 = 2.0117e-04
Loss = 3.3680e-01, PNorm = 35.5288, GNorm = 1.8539, lr_0 = 1.9379e-04
Validation auc = 0.824614
Validation mcc = 0.451115
Epoch 21
Loss = 2.9565e-01, PNorm = 35.5468, GNorm = 1.1261, lr_0 = 1.8668e-04
Loss = 3.0152e-01, PNorm = 35.5614, GNorm = 1.2423, lr_0 = 1.7983e-04
Validation auc = 0.832333
Validation mcc = 0.203177
Epoch 22
Loss = 2.1904e-01, PNorm = 35.5751, GNorm = 0.5542, lr_0 = 1.7324e-04
Loss = 3.2623e-01, PNorm = 35.5909, GNorm = 1.7699, lr_0 = 1.6688e-04
Validation auc = 0.835763
Validation mcc = 0.360675
Epoch 23
Loss = 2.7095e-01, PNorm = 35.6101, GNorm = 2.1345, lr_0 = 1.6076e-04
Loss = 2.7797e-01, PNorm = 35.6224, GNorm = 0.8730, lr_0 = 1.5486e-04
Loss = 2.8747e-01, PNorm = 35.6366, GNorm = 0.9297, lr_0 = 1.4918e-04
Validation auc = 0.835763
Validation mcc = 0.395250
Epoch 24
Loss = 2.7596e-01, PNorm = 35.6527, GNorm = 1.4399, lr_0 = 1.4370e-04
Loss = 2.9051e-01, PNorm = 35.6663, GNorm = 0.7324, lr_0 = 1.3843e-04
Validation auc = 0.835334
Validation mcc = 0.290846
Epoch 25
Loss = 2.7807e-01, PNorm = 35.6786, GNorm = 0.6787, lr_0 = 1.3335e-04
Loss = 2.7852e-01, PNorm = 35.6931, GNorm = 1.2211, lr_0 = 1.2846e-04
Validation auc = 0.838336
Validation mcc = 0.487962
Epoch 26
Loss = 2.6806e-01, PNorm = 35.7044, GNorm = 2.1454, lr_0 = 1.2375e-04
Loss = 2.8578e-01, PNorm = 35.7148, GNorm = 1.9917, lr_0 = 1.1921e-04
Validation auc = 0.837050
Validation mcc = 0.463802
Epoch 27
Loss = 2.0461e-01, PNorm = 35.7260, GNorm = 0.6219, lr_0 = 1.1483e-04
Loss = 2.8313e-01, PNorm = 35.7365, GNorm = 2.0549, lr_0 = 1.1062e-04
Loss = 2.6686e-01, PNorm = 35.7487, GNorm = 2.9318, lr_0 = 1.0656e-04
Validation auc = 0.840909
Validation mcc = 0.413450
Epoch 28
Loss = 2.6635e-01, PNorm = 35.7571, GNorm = 1.8832, lr_0 = 1.0265e-04
Loss = 2.8200e-01, PNorm = 35.7658, GNorm = 1.9914, lr_0 = 1.0000e-04
Validation auc = 0.835334
Validation mcc = 0.310112
Epoch 29
Loss = 2.5488e-01, PNorm = 35.7746, GNorm = 2.0534, lr_0 = 1.0000e-04
Loss = 2.7151e-01, PNorm = 35.7851, GNorm = 5.9783, lr_0 = 1.0000e-04
Validation auc = 0.832762
Validation mcc = 0.508730
Model 5 best validation auc = 0.840909 on epoch 27
Loading pretrained parameter "encoder.encoder.0.cached_zero_vector".
Loading pretrained parameter "encoder.encoder.0.W_i.weight".
Loading pretrained parameter "encoder.encoder.0.W_h.weight".
Loading pretrained parameter "encoder.encoder.0.W_o.weight".
Loading pretrained parameter "encoder.encoder.0.W_o.bias".
Loading pretrained parameter "ffn.1.weight".
Loading pretrained parameter "ffn.1.bias".
Loading pretrained parameter "ffn.4.weight".
Loading pretrained parameter "ffn.4.bias".
Model 5 provided with no test set, no metric evaluation will be performed.
Building model 6
MoleculeModel(
  (sigmoid): Sigmoid()
  (encoder): MPN(
    (encoder): ModuleList(
      (0): MPNEncoder(
        (dropout_layer): Dropout(p=0.0, inplace=False)
        (act_func): ReLU()
        (W_i): Linear(in_features=147, out_features=300, bias=False)
        (W_h): Linear(in_features=300, out_features=300, bias=False)
        (W_o): Linear(in_features=433, out_features=300, bias=True)
      )
    )
  )
  (ffn): Sequential(
    (0): Dropout(p=0.0, inplace=False)
    (1): Linear(in_features=300, out_features=300, bias=True)
    (2): ReLU()
    (3): Dropout(p=0.0, inplace=False)
    (4): Linear(in_features=300, out_features=1, bias=True)
  )
)
Number of parameters = 355,201
Epoch 0
Loss = 5.8134e-01, PNorm = 33.9083, GNorm = 1.4654, lr_0 = 3.2500e-04
Loss = 4.4911e-01, PNorm = 33.9134, GNorm = 0.2560, lr_0 = 5.2955e-04
Validation auc = 0.584048
Validation mcc = 0.000000
Epoch 1
Loss = 4.5754e-01, PNorm = 33.9335, GNorm = 0.5671, lr_0 = 7.5455e-04
Loss = 4.7938e-01, PNorm = 33.9567, GNorm = 0.3064, lr_0 = 9.5909e-04
Validation auc = 0.670669
Validation mcc = 0.000000
Epoch 2
Loss = 4.5889e-01, PNorm = 33.9890, GNorm = 0.5030, lr_0 = 9.7054e-04
Loss = 4.4152e-01, PNorm = 34.0222, GNorm = 0.5588, lr_0 = 9.3493e-04
Validation auc = 0.661235
Validation mcc = 0.000000
Epoch 3
Loss = 4.9107e-01, PNorm = 34.0667, GNorm = 1.1794, lr_0 = 9.0063e-04
Loss = 4.6771e-01, PNorm = 34.1164, GNorm = 0.1313, lr_0 = 8.6758e-04
Loss = 4.3059e-01, PNorm = 34.1615, GNorm = 0.7025, lr_0 = 8.3575e-04
Validation auc = 0.704117
Validation mcc = 0.000000
Epoch 4
Loss = 4.1104e-01, PNorm = 34.2133, GNorm = 0.2614, lr_0 = 8.0509e-04
Loss = 4.4266e-01, PNorm = 34.2545, GNorm = 0.4949, lr_0 = 7.7555e-04
Validation auc = 0.701973
Validation mcc = 0.000000
Epoch 5
Loss = 4.6467e-01, PNorm = 34.2921, GNorm = 0.4921, lr_0 = 7.4710e-04
Loss = 3.9291e-01, PNorm = 34.3449, GNorm = 1.1737, lr_0 = 7.1969e-04
Validation auc = 0.720412
Validation mcc = 0.000000
Epoch 6
Loss = 4.2141e-01, PNorm = 34.3854, GNorm = 0.3636, lr_0 = 6.9328e-04
Loss = 3.8435e-01, PNorm = 34.4348, GNorm = 0.5014, lr_0 = 6.6784e-04
Loss = 4.5879e-01, PNorm = 34.4725, GNorm = 1.5517, lr_0 = 6.4334e-04
Validation auc = 0.736278
Validation mcc = -0.040426
Epoch 7
Loss = 4.3338e-01, PNorm = 34.5040, GNorm = 1.0178, lr_0 = 6.1974e-04
Loss = 4.3371e-01, PNorm = 34.5347, GNorm = 0.4452, lr_0 = 5.9700e-04
Validation auc = 0.703688
Validation mcc = 0.000000
Epoch 8
Loss = 3.9745e-01, PNorm = 34.5833, GNorm = 0.2541, lr_0 = 5.7510e-04
Loss = 4.0412e-01, PNorm = 34.6298, GNorm = 0.2849, lr_0 = 5.5400e-04
Validation auc = 0.722985
Validation mcc = 0.000000
Epoch 9
Loss = 4.2657e-01, PNorm = 34.6592, GNorm = 0.3627, lr_0 = 5.3367e-04
Loss = 4.0468e-01, PNorm = 34.6925, GNorm = 0.7782, lr_0 = 5.1409e-04
Validation auc = 0.737564
Validation mcc = 0.000000
Epoch 10
Loss = 4.3565e-01, PNorm = 34.7321, GNorm = 0.7317, lr_0 = 4.9523e-04
Loss = 3.6796e-01, PNorm = 34.7668, GNorm = 1.2472, lr_0 = 4.7706e-04
Loss = 3.9292e-01, PNorm = 34.8148, GNorm = 0.5228, lr_0 = 4.5956e-04
Validation auc = 0.746569
Validation mcc = -0.040426
Epoch 11
Loss = 4.0919e-01, PNorm = 34.8520, GNorm = 1.4391, lr_0 = 4.4269e-04
Loss = 3.4834e-01, PNorm = 34.8955, GNorm = 0.4577, lr_0 = 4.2645e-04
Validation auc = 0.758576
Validation mcc = 0.000000
Epoch 12
Loss = 3.4685e-01, PNorm = 34.9365, GNorm = 1.0008, lr_0 = 4.1081e-04
Loss = 3.7527e-01, PNorm = 34.9669, GNorm = 0.6000, lr_0 = 3.9573e-04
Validation auc = 0.772298
Validation mcc = 0.228796
Epoch 13
Loss = 3.4837e-01, PNorm = 35.0077, GNorm = 1.7549, lr_0 = 3.8121e-04
Loss = 3.2004e-01, PNorm = 35.0540, GNorm = 1.9967, lr_0 = 3.6723e-04
Loss = 3.7601e-01, PNorm = 35.0821, GNorm = 1.3413, lr_0 = 3.5375e-04
Validation auc = 0.776587
Validation mcc = 0.203177
Epoch 14
Loss = 3.4391e-01, PNorm = 35.1216, GNorm = 1.6833, lr_0 = 3.4077e-04
Loss = 3.7563e-01, PNorm = 35.1510, GNorm = 0.9258, lr_0 = 3.2827e-04
Validation auc = 0.783877
Validation mcc = 0.066300
Epoch 15
Loss = 3.0101e-01, PNorm = 35.1837, GNorm = 0.5511, lr_0 = 3.1623e-04
Loss = 3.5779e-01, PNorm = 35.2198, GNorm = 2.1411, lr_0 = 3.0463e-04
Validation auc = 0.805746
Validation mcc = 0.279681
Epoch 16
Loss = 2.7110e-01, PNorm = 35.2522, GNorm = 1.0942, lr_0 = 2.9345e-04
Loss = 3.4452e-01, PNorm = 35.2791, GNorm = 1.8547, lr_0 = 2.8268e-04
Validation auc = 0.816467
Validation mcc = 0.417805
Epoch 17
Loss = 3.7060e-01, PNorm = 35.3068, GNorm = 2.0591, lr_0 = 2.7129e-04
Loss = 3.5438e-01, PNorm = 35.3245, GNorm = 1.0699, lr_0 = 2.6134e-04
Loss = 3.2935e-01, PNorm = 35.3557, GNorm = 1.6692, lr_0 = 2.5175e-04
Validation auc = 0.825901
Validation mcc = 0.340053
Epoch 18
Loss = 3.2333e-01, PNorm = 35.3744, GNorm = 0.9178, lr_0 = 2.4252e-04
Loss = 3.0176e-01, PNorm = 35.3993, GNorm = 0.5329, lr_0 = 2.3362e-04
Validation auc = 0.822899
Validation mcc = 0.279735
Epoch 19
Loss = 3.1982e-01, PNorm = 35.4211, GNorm = 1.3898, lr_0 = 2.2505e-04
Loss = 3.1755e-01, PNorm = 35.4440, GNorm = 2.0180, lr_0 = 2.1679e-04
Validation auc = 0.819039
Validation mcc = 0.194778
Epoch 20
Loss = 2.8792e-01, PNorm = 35.4702, GNorm = 2.2753, lr_0 = 2.0884e-04
Loss = 3.2324e-01, PNorm = 35.4906, GNorm = 1.0760, lr_0 = 2.0117e-04
Loss = 3.3009e-01, PNorm = 35.5071, GNorm = 1.2164, lr_0 = 1.9379e-04
Validation auc = 0.826329
Validation mcc = 0.421822
Epoch 21
Loss = 2.7719e-01, PNorm = 35.5267, GNorm = 0.7722, lr_0 = 1.8668e-04
Loss = 3.2592e-01, PNorm = 35.5437, GNorm = 0.7947, lr_0 = 1.7983e-04
Validation auc = 0.834048
Validation mcc = 0.340053
Epoch 22
Loss = 2.9272e-01, PNorm = 35.5608, GNorm = 1.1526, lr_0 = 1.7324e-04
Loss = 3.0489e-01, PNorm = 35.5819, GNorm = 1.9232, lr_0 = 1.6688e-04
Validation auc = 0.835334
Validation mcc = 0.453957
Epoch 23
Loss = 3.1457e-01, PNorm = 35.5951, GNorm = 0.8047, lr_0 = 1.6076e-04
Loss = 2.7350e-01, PNorm = 35.6116, GNorm = 1.9005, lr_0 = 1.5486e-04
Loss = 2.9481e-01, PNorm = 35.6273, GNorm = 1.1310, lr_0 = 1.4918e-04
Validation auc = 0.842196
Validation mcc = 0.437484
Epoch 24
Loss = 3.1362e-01, PNorm = 35.6450, GNorm = 0.6616, lr_0 = 1.4370e-04
Loss = 2.6490e-01, PNorm = 35.6594, GNorm = 0.6171, lr_0 = 1.3843e-04
Validation auc = 0.836621
Validation mcc = 0.254728
Epoch 25
Loss = 2.9001e-01, PNorm = 35.6718, GNorm = 0.8450, lr_0 = 1.3335e-04
Loss = 2.9354e-01, PNorm = 35.6842, GNorm = 1.7547, lr_0 = 1.2846e-04
Validation auc = 0.846913
Validation mcc = 0.503832
Epoch 26
Loss = 2.5105e-01, PNorm = 35.7007, GNorm = 2.4011, lr_0 = 1.2375e-04
Loss = 2.8527e-01, PNorm = 35.7110, GNorm = 2.7132, lr_0 = 1.1921e-04
Validation auc = 0.837907
Validation mcc = 0.345804
Epoch 27
Loss = 2.5720e-01, PNorm = 35.7249, GNorm = 1.0863, lr_0 = 1.1483e-04
Loss = 2.9902e-01, PNorm = 35.7363, GNorm = 1.1536, lr_0 = 1.1062e-04
Loss = 2.5378e-01, PNorm = 35.7486, GNorm = 1.5672, lr_0 = 1.0656e-04
Validation auc = 0.843482
Validation mcc = 0.310112
Epoch 28
Loss = 2.8215e-01, PNorm = 35.7567, GNorm = 2.2305, lr_0 = 1.0265e-04
Loss = 2.6089e-01, PNorm = 35.7670, GNorm = 1.1342, lr_0 = 1.0000e-04
Validation auc = 0.846055
Validation mcc = 0.395250
Epoch 29
Loss = 2.8020e-01, PNorm = 35.7770, GNorm = 1.5713, lr_0 = 1.0000e-04
Loss = 2.5695e-01, PNorm = 35.7874, GNorm = 1.3314, lr_0 = 1.0000e-04
Validation auc = 0.846913
Validation mcc = 0.407513
Model 6 best validation auc = 0.846913 on epoch 29
Loading pretrained parameter "encoder.encoder.0.cached_zero_vector".
Loading pretrained parameter "encoder.encoder.0.W_i.weight".
Loading pretrained parameter "encoder.encoder.0.W_h.weight".
Loading pretrained parameter "encoder.encoder.0.W_o.weight".
Loading pretrained parameter "encoder.encoder.0.W_o.bias".
Loading pretrained parameter "ffn.1.weight".
Loading pretrained parameter "ffn.1.bias".
Loading pretrained parameter "ffn.4.weight".
Loading pretrained parameter "ffn.4.bias".
Model 6 provided with no test set, no metric evaluation will be performed.
Building model 7
MoleculeModel(
  (sigmoid): Sigmoid()
  (encoder): MPN(
    (encoder): ModuleList(
      (0): MPNEncoder(
        (dropout_layer): Dropout(p=0.0, inplace=False)
        (act_func): ReLU()
        (W_i): Linear(in_features=147, out_features=300, bias=False)
        (W_h): Linear(in_features=300, out_features=300, bias=False)
        (W_o): Linear(in_features=433, out_features=300, bias=True)
      )
    )
  )
  (ffn): Sequential(
    (0): Dropout(p=0.0, inplace=False)
    (1): Linear(in_features=300, out_features=300, bias=True)
    (2): ReLU()
    (3): Dropout(p=0.0, inplace=False)
    (4): Linear(in_features=300, out_features=1, bias=True)
  )
)
Number of parameters = 355,201
Epoch 0
Loss = 5.9720e-01, PNorm = 33.9685, GNorm = 0.6043, lr_0 = 3.2500e-04
Loss = 4.5085e-01, PNorm = 33.9772, GNorm = 1.0626, lr_0 = 5.2955e-04
Validation auc = 0.579331
Validation mcc = 0.000000
Epoch 1
Loss = 4.6728e-01, PNorm = 33.9929, GNorm = 0.4740, lr_0 = 7.5455e-04
Loss = 4.7891e-01, PNorm = 34.0113, GNorm = 0.2572, lr_0 = 9.5909e-04
Validation auc = 0.611921
Validation mcc = 0.000000
Epoch 2
Loss = 4.9202e-01, PNorm = 34.0382, GNorm = 0.5703, lr_0 = 9.7054e-04
Loss = 4.7180e-01, PNorm = 34.0630, GNorm = 0.4085, lr_0 = 9.3493e-04
Validation auc = 0.639794
Validation mcc = 0.000000
Epoch 3
Loss = 5.4789e-01, PNorm = 34.0957, GNorm = 0.3810, lr_0 = 9.0063e-04
Loss = 4.3299e-01, PNorm = 34.1283, GNorm = 0.2609, lr_0 = 8.6758e-04
Loss = 4.3274e-01, PNorm = 34.1728, GNorm = 0.6604, lr_0 = 8.3575e-04
Validation auc = 0.693825
Validation mcc = 0.000000
Epoch 4
Loss = 4.6941e-01, PNorm = 34.1954, GNorm = 0.5917, lr_0 = 8.0509e-04
Loss = 4.7470e-01, PNorm = 34.2214, GNorm = 0.4746, lr_0 = 7.7555e-04
Validation auc = 0.712693
Validation mcc = 0.000000
Epoch 5
Loss = 4.2472e-01, PNorm = 34.2687, GNorm = 0.3400, lr_0 = 7.4710e-04
Loss = 4.5376e-01, PNorm = 34.2937, GNorm = 0.6686, lr_0 = 7.1969e-04
Validation auc = 0.714408
Validation mcc = 0.000000
Epoch 6
Loss = 4.3308e-01, PNorm = 34.3395, GNorm = 0.7384, lr_0 = 6.9328e-04
Loss = 4.1900e-01, PNorm = 34.3760, GNorm = 0.2939, lr_0 = 6.6784e-04
Loss = 4.4082e-01, PNorm = 34.4180, GNorm = 0.2055, lr_0 = 6.4334e-04
Validation auc = 0.720412
Validation mcc = 0.000000
Epoch 7
Loss = 3.8170e-01, PNorm = 34.4600, GNorm = 0.4955, lr_0 = 6.1974e-04
Loss = 4.7600e-01, PNorm = 34.4913, GNorm = 0.5056, lr_0 = 5.9700e-04
Validation auc = 0.723842
Validation mcc = 0.000000
Epoch 8
Loss = 4.6185e-01, PNorm = 34.5249, GNorm = 0.5857, lr_0 = 5.7510e-04
Loss = 4.2951e-01, PNorm = 34.5717, GNorm = 0.5464, lr_0 = 5.5400e-04
Validation auc = 0.716123
Validation mcc = 0.000000
Epoch 9
Loss = 3.8868e-01, PNorm = 34.6187, GNorm = 0.3852, lr_0 = 5.3367e-04
Loss = 3.9994e-01, PNorm = 34.6545, GNorm = 0.2254, lr_0 = 5.1409e-04
Validation auc = 0.735420
Validation mcc = 0.000000
Epoch 10
Loss = 4.0842e-01, PNorm = 34.6921, GNorm = 0.2807, lr_0 = 4.9523e-04
Loss = 3.9048e-01, PNorm = 34.7395, GNorm = 0.2489, lr_0 = 4.7706e-04
Loss = 4.1564e-01, PNorm = 34.7917, GNorm = 1.2690, lr_0 = 4.5956e-04
Validation auc = 0.748714
Validation mcc = 0.000000
Epoch 11
Loss = 3.8042e-01, PNorm = 34.8253, GNorm = 0.3636, lr_0 = 4.4269e-04
Loss = 3.6158e-01, PNorm = 34.8729, GNorm = 0.4480, lr_0 = 4.2645e-04
Validation auc = 0.758576
Validation mcc = 0.156208
Epoch 12
Loss = 3.7693e-01, PNorm = 34.9108, GNorm = 0.4328, lr_0 = 4.1081e-04
Loss = 3.9070e-01, PNorm = 34.9457, GNorm = 1.0319, lr_0 = 3.9573e-04
Validation auc = 0.770154
Validation mcc = 0.121913
Epoch 13
Loss = 4.2145e-01, PNorm = 34.9925, GNorm = 0.7996, lr_0 = 3.8121e-04
Loss = 3.9010e-01, PNorm = 35.0227, GNorm = 2.0535, lr_0 = 3.6723e-04
Loss = 3.6430e-01, PNorm = 35.0582, GNorm = 1.4257, lr_0 = 3.5375e-04
Validation auc = 0.764580
Validation mcc = 0.066300
Epoch 14
Loss = 3.7966e-01, PNorm = 35.0955, GNorm = 0.8434, lr_0 = 3.4077e-04
Loss = 3.7791e-01, PNorm = 35.1357, GNorm = 0.5557, lr_0 = 3.2827e-04
Validation auc = 0.774871
Validation mcc = 0.000000
Epoch 15
Loss = 3.6338e-01, PNorm = 35.1521, GNorm = 1.8675, lr_0 = 3.1623e-04
Loss = 3.8389e-01, PNorm = 35.1871, GNorm = 0.9381, lr_0 = 3.0463e-04
Validation auc = 0.795883
Validation mcc = 0.203177
Epoch 16
Loss = 3.4347e-01, PNorm = 35.2133, GNorm = 0.4400, lr_0 = 2.9345e-04
Loss = 3.6296e-01, PNorm = 35.2442, GNorm = 1.8742, lr_0 = 2.8268e-04
Validation auc = 0.786449
Validation mcc = 0.000000
Epoch 17
Loss = 5.9662e-01, PNorm = 35.2740, GNorm = 3.9661, lr_0 = 2.7129e-04
Loss = 3.5835e-01, PNorm = 35.2990, GNorm = 0.7859, lr_0 = 2.6134e-04
Loss = 3.5989e-01, PNorm = 35.3151, GNorm = 1.2418, lr_0 = 2.5175e-04
Validation auc = 0.796741
Validation mcc = 0.407513
Epoch 18
Loss = 3.3989e-01, PNorm = 35.3503, GNorm = 0.8295, lr_0 = 2.4252e-04
Loss = 3.6261e-01, PNorm = 35.3754, GNorm = 2.6013, lr_0 = 2.3362e-04
Validation auc = 0.807890
Validation mcc = 0.290846
Epoch 19
Loss = 3.0650e-01, PNorm = 35.3950, GNorm = 0.4528, lr_0 = 2.2505e-04
Loss = 3.3101e-01, PNorm = 35.4149, GNorm = 2.4665, lr_0 = 2.1679e-04
Validation auc = 0.815609
Validation mcc = 0.350134
Epoch 20
Loss = 3.6351e-01, PNorm = 35.4320, GNorm = 0.7299, lr_0 = 2.0884e-04
Loss = 3.3684e-01, PNorm = 35.4517, GNorm = 1.1933, lr_0 = 2.0117e-04
Loss = 3.3376e-01, PNorm = 35.4757, GNorm = 1.9763, lr_0 = 1.9379e-04
Validation auc = 0.824614
Validation mcc = 0.254728
Epoch 21
Loss = 3.3344e-01, PNorm = 35.4968, GNorm = 2.2735, lr_0 = 1.8668e-04
Loss = 2.8928e-01, PNorm = 35.5147, GNorm = 1.3632, lr_0 = 1.7983e-04
Validation auc = 0.830189
Validation mcc = 0.279681
Epoch 22
Loss = 2.7249e-01, PNorm = 35.5349, GNorm = 0.9140, lr_0 = 1.7324e-04
Loss = 2.8399e-01, PNorm = 35.5535, GNorm = 2.7724, lr_0 = 1.6688e-04
Validation auc = 0.836621
Validation mcc = 0.392241
Epoch 23
Loss = 2.6914e-01, PNorm = 35.5713, GNorm = 1.3049, lr_0 = 1.6076e-04
Loss = 3.2711e-01, PNorm = 35.5879, GNorm = 0.6734, lr_0 = 1.5486e-04
Loss = 3.0543e-01, PNorm = 35.6019, GNorm = 2.3389, lr_0 = 1.4918e-04
Validation auc = 0.837479
Validation mcc = 0.395250
Epoch 24
Loss = 3.0875e-01, PNorm = 35.6172, GNorm = 0.7847, lr_0 = 1.4370e-04
Loss = 2.9358e-01, PNorm = 35.6355, GNorm = 0.5679, lr_0 = 1.3843e-04
Validation auc = 0.847770
Validation mcc = 0.421822
Epoch 25
Loss = 2.8045e-01, PNorm = 35.6490, GNorm = 1.4515, lr_0 = 1.3335e-04
Loss = 3.0274e-01, PNorm = 35.6607, GNorm = 1.0482, lr_0 = 1.2846e-04
Validation auc = 0.852487
Validation mcc = 0.360675
Epoch 26
Loss = 2.9502e-01, PNorm = 35.6752, GNorm = 0.7455, lr_0 = 1.2375e-04
Loss = 3.2008e-01, PNorm = 35.6872, GNorm = 1.4410, lr_0 = 1.1921e-04
Validation auc = 0.838765
Validation mcc = 0.484675
Epoch 27
Loss = 3.4983e-01, PNorm = 35.7017, GNorm = 2.9447, lr_0 = 1.1483e-04
Loss = 2.7518e-01, PNorm = 35.7142, GNorm = 1.4634, lr_0 = 1.1062e-04
Loss = 2.8150e-01, PNorm = 35.7286, GNorm = 0.8350, lr_0 = 1.0656e-04
Validation auc = 0.843911
Validation mcc = 0.228796
Epoch 28
Loss = 2.9680e-01, PNorm = 35.7348, GNorm = 1.0298, lr_0 = 1.0265e-04
Loss = 2.9668e-01, PNorm = 35.7467, GNorm = 1.2709, lr_0 = 1.0000e-04
Validation auc = 0.855918
Validation mcc = 0.506003
Epoch 29
Loss = 2.7751e-01, PNorm = 35.7597, GNorm = 0.9096, lr_0 = 1.0000e-04
Loss = 2.8101e-01, PNorm = 35.7703, GNorm = 1.0471, lr_0 = 1.0000e-04
Validation auc = 0.849914
Validation mcc = 0.570180
Model 7 best validation auc = 0.855918 on epoch 28
Loading pretrained parameter "encoder.encoder.0.cached_zero_vector".
Loading pretrained parameter "encoder.encoder.0.W_i.weight".
Loading pretrained parameter "encoder.encoder.0.W_h.weight".
Loading pretrained parameter "encoder.encoder.0.W_o.weight".
Loading pretrained parameter "encoder.encoder.0.W_o.bias".
Loading pretrained parameter "ffn.1.weight".
Loading pretrained parameter "ffn.1.bias".
Loading pretrained parameter "ffn.4.weight".
Loading pretrained parameter "ffn.4.bias".
Model 7 provided with no test set, no metric evaluation will be performed.
Building model 8
MoleculeModel(
  (sigmoid): Sigmoid()
  (encoder): MPN(
    (encoder): ModuleList(
      (0): MPNEncoder(
        (dropout_layer): Dropout(p=0.0, inplace=False)
        (act_func): ReLU()
        (W_i): Linear(in_features=147, out_features=300, bias=False)
        (W_h): Linear(in_features=300, out_features=300, bias=False)
        (W_o): Linear(in_features=433, out_features=300, bias=True)
      )
    )
  )
  (ffn): Sequential(
    (0): Dropout(p=0.0, inplace=False)
    (1): Linear(in_features=300, out_features=300, bias=True)
    (2): ReLU()
    (3): Dropout(p=0.0, inplace=False)
    (4): Linear(in_features=300, out_features=1, bias=True)
  )
)
Number of parameters = 355,201
Epoch 0
Loss = 5.7484e-01, PNorm = 33.9483, GNorm = 0.4569, lr_0 = 3.2500e-04
Loss = 4.5127e-01, PNorm = 33.9555, GNorm = 0.2402, lr_0 = 5.2955e-04
Validation auc = 0.565180
Validation mcc = 0.000000
Epoch 1
Loss = 4.6669e-01, PNorm = 33.9714, GNorm = 1.3437, lr_0 = 7.5455e-04
Loss = 4.7374e-01, PNorm = 33.9956, GNorm = 0.2041, lr_0 = 9.5909e-04
Validation auc = 0.644082
Validation mcc = 0.000000
Epoch 2
Loss = 4.6387e-01, PNorm = 34.0285, GNorm = 0.8919, lr_0 = 9.7054e-04
Loss = 4.5684e-01, PNorm = 34.0596, GNorm = 0.3877, lr_0 = 9.3493e-04
Validation auc = 0.722985
Validation mcc = 0.000000
Epoch 3
Loss = 4.7531e-01, PNorm = 34.1031, GNorm = 0.2510, lr_0 = 9.0063e-04
Loss = 4.4431e-01, PNorm = 34.1537, GNorm = 0.6595, lr_0 = 8.6758e-04
Loss = 4.2358e-01, PNorm = 34.1960, GNorm = 0.3018, lr_0 = 8.3575e-04
Validation auc = 0.686535
Validation mcc = 0.000000
Epoch 4
Loss = 3.9464e-01, PNorm = 34.2467, GNorm = 0.3923, lr_0 = 8.0509e-04
Loss = 4.6792e-01, PNorm = 34.2871, GNorm = 0.6621, lr_0 = 7.7555e-04
Validation auc = 0.727273
Validation mcc = 0.000000
Epoch 5
Loss = 4.2322e-01, PNorm = 34.3381, GNorm = 0.4027, lr_0 = 7.4710e-04
Loss = 4.2850e-01, PNorm = 34.3768, GNorm = 0.5384, lr_0 = 7.1969e-04
Validation auc = 0.708834
Validation mcc = 0.000000
Epoch 6
Loss = 4.1465e-01, PNorm = 34.4336, GNorm = 0.6551, lr_0 = 6.9328e-04
Loss = 4.0442e-01, PNorm = 34.4940, GNorm = 0.6940, lr_0 = 6.6784e-04
Loss = 4.4493e-01, PNorm = 34.5045, GNorm = 0.3389, lr_0 = 6.4334e-04
Validation auc = 0.681389
Validation mcc = 0.000000
Epoch 7
Loss = 4.3186e-01, PNorm = 34.5493, GNorm = 0.2254, lr_0 = 6.1974e-04
Loss = 3.9824e-01, PNorm = 34.5934, GNorm = 0.7101, lr_0 = 5.9700e-04
Validation auc = 0.720412
Validation mcc = 0.000000
Epoch 8
Loss = 4.4205e-01, PNorm = 34.6411, GNorm = 0.3784, lr_0 = 5.7510e-04
Loss = 3.7676e-01, PNorm = 34.6863, GNorm = 0.5395, lr_0 = 5.5400e-04
Validation auc = 0.711835
Validation mcc = 0.000000
Epoch 9
Loss = 3.6978e-01, PNorm = 34.7242, GNorm = 0.4254, lr_0 = 5.3367e-04
Loss = 3.9899e-01, PNorm = 34.7659, GNorm = 0.8187, lr_0 = 5.1409e-04
Validation auc = 0.737136
Validation mcc = -0.040426
Epoch 10
Loss = 3.4306e-01, PNorm = 34.7971, GNorm = 0.5095, lr_0 = 4.9523e-04
Loss = 4.1353e-01, PNorm = 34.8328, GNorm = 1.4417, lr_0 = 4.7706e-04
Loss = 3.8374e-01, PNorm = 34.8653, GNorm = 0.7546, lr_0 = 4.5956e-04
Validation auc = 0.767153
Validation mcc = 0.000000
Epoch 11
Loss = 3.6372e-01, PNorm = 34.9021, GNorm = 0.3752, lr_0 = 4.4269e-04
Loss = 3.7450e-01, PNorm = 34.9448, GNorm = 1.0167, lr_0 = 4.2645e-04
Validation auc = 0.755146
Validation mcc = 0.156208
Epoch 12
Loss = 3.8741e-01, PNorm = 34.9789, GNorm = 0.7473, lr_0 = 4.1081e-04
Loss = 3.5569e-01, PNorm = 35.0115, GNorm = 1.9894, lr_0 = 3.9573e-04
Validation auc = 0.780446
Validation mcc = 0.228796
Epoch 13
Loss = 3.5428e-01, PNorm = 35.0397, GNorm = 1.5931, lr_0 = 3.8121e-04
Loss = 3.6437e-01, PNorm = 35.0790, GNorm = 1.3457, lr_0 = 3.6723e-04
Loss = 3.5382e-01, PNorm = 35.1050, GNorm = 0.6237, lr_0 = 3.5375e-04
Validation auc = 0.774014
Validation mcc = 0.290846
Epoch 14
Loss = 3.4701e-01, PNorm = 35.1425, GNorm = 0.6934, lr_0 = 3.4077e-04
Loss = 3.4617e-01, PNorm = 35.1757, GNorm = 1.2641, lr_0 = 3.2827e-04
Validation auc = 0.776587
Validation mcc = 0.350779
Epoch 15
Loss = 3.3872e-01, PNorm = 35.2018, GNorm = 0.4884, lr_0 = 3.1623e-04
Loss = 3.3230e-01, PNorm = 35.2353, GNorm = 1.9498, lr_0 = 3.0463e-04
Validation auc = 0.804889
Validation mcc = 0.328727
Epoch 16
Loss = 3.0294e-01, PNorm = 35.2675, GNorm = 0.6847, lr_0 = 2.9345e-04
Loss = 2.9510e-01, PNorm = 35.2998, GNorm = 1.5982, lr_0 = 2.8268e-04
Validation auc = 0.819039
Validation mcc = 0.224564
Epoch 17
Loss = 3.5838e-01, PNorm = 35.3257, GNorm = 1.2075, lr_0 = 2.7129e-04
Loss = 3.2907e-01, PNorm = 35.3495, GNorm = 1.1659, lr_0 = 2.6134e-04
Loss = 3.2696e-01, PNorm = 35.3739, GNorm = 2.7129, lr_0 = 2.5175e-04
Validation auc = 0.813465
Validation mcc = 0.000000
Epoch 18
Loss = 3.3256e-01, PNorm = 35.3920, GNorm = 0.7382, lr_0 = 2.4252e-04
Loss = 3.1131e-01, PNorm = 35.4131, GNorm = 1.5172, lr_0 = 2.3362e-04
Validation auc = 0.816895
Validation mcc = 0.310112
Epoch 19
Loss = 3.1945e-01, PNorm = 35.4388, GNorm = 0.4575, lr_0 = 2.2505e-04
Loss = 2.8831e-01, PNorm = 35.4641, GNorm = 0.8323, lr_0 = 2.1679e-04
Validation auc = 0.823756
Validation mcc = 0.424304
Epoch 20
Loss = 2.9169e-01, PNorm = 35.4823, GNorm = 1.8421, lr_0 = 2.0884e-04
Loss = 2.8778e-01, PNorm = 35.5058, GNorm = 0.9765, lr_0 = 2.0117e-04
Loss = 3.0176e-01, PNorm = 35.5222, GNorm = 1.3333, lr_0 = 1.9379e-04
Validation auc = 0.820326
Validation mcc = 0.326697
Epoch 21
Loss = 2.9866e-01, PNorm = 35.5446, GNorm = 0.7424, lr_0 = 1.8668e-04
Loss = 2.8632e-01, PNorm = 35.5652, GNorm = 1.9428, lr_0 = 1.7983e-04
Validation auc = 0.831046
Validation mcc = 0.453957
Epoch 22
Loss = 2.8750e-01, PNorm = 35.5805, GNorm = 1.0370, lr_0 = 1.7324e-04
Loss = 3.1445e-01, PNorm = 35.6027, GNorm = 1.8120, lr_0 = 1.6688e-04
Validation auc = 0.844340
Validation mcc = 0.541899
Epoch 23
Loss = 3.2775e-01, PNorm = 35.6162, GNorm = 2.0283, lr_0 = 1.6076e-04
Loss = 2.8299e-01, PNorm = 35.6313, GNorm = 1.2993, lr_0 = 1.5486e-04
Loss = 2.8111e-01, PNorm = 35.6477, GNorm = 2.1139, lr_0 = 1.4918e-04
Validation auc = 0.848628
Validation mcc = 0.360675
Epoch 24
Loss = 3.0242e-01, PNorm = 35.6668, GNorm = 0.9481, lr_0 = 1.4370e-04
Loss = 2.6985e-01, PNorm = 35.6769, GNorm = 1.4054, lr_0 = 1.3843e-04
Validation auc = 0.845197
Validation mcc = 0.391342
Epoch 25
Loss = 2.9646e-01, PNorm = 35.6895, GNorm = 2.7209, lr_0 = 1.3335e-04
Loss = 2.6989e-01, PNorm = 35.7029, GNorm = 1.7459, lr_0 = 1.2846e-04
Validation auc = 0.844340
Validation mcc = 0.275224
Epoch 26
Loss = 2.7092e-01, PNorm = 35.7150, GNorm = 0.8309, lr_0 = 1.2375e-04
Loss = 3.0161e-01, PNorm = 35.7286, GNorm = 4.2168, lr_0 = 1.1921e-04
Validation auc = 0.849485
Validation mcc = 0.453957
Epoch 27
Loss = 1.7465e-01, PNorm = 35.7377, GNorm = 2.3454, lr_0 = 1.1483e-04
Loss = 2.7583e-01, PNorm = 35.7497, GNorm = 0.4835, lr_0 = 1.1062e-04
Loss = 2.9792e-01, PNorm = 35.7591, GNorm = 1.0880, lr_0 = 1.0656e-04
Validation auc = 0.846055
Validation mcc = 0.377506
Epoch 28
Loss = 2.6702e-01, PNorm = 35.7696, GNorm = 1.7344, lr_0 = 1.0265e-04
Loss = 2.7367e-01, PNorm = 35.7801, GNorm = 1.3100, lr_0 = 1.0000e-04
Validation auc = 0.851630
Validation mcc = 0.516572
Epoch 29
Loss = 2.2852e-01, PNorm = 35.7908, GNorm = 0.9347, lr_0 = 1.0000e-04
Loss = 2.4261e-01, PNorm = 35.8005, GNorm = 1.6126, lr_0 = 1.0000e-04
Validation auc = 0.856346
Validation mcc = 0.553931
Model 8 best validation auc = 0.856346 on epoch 29
Loading pretrained parameter "encoder.encoder.0.cached_zero_vector".
Loading pretrained parameter "encoder.encoder.0.W_i.weight".
Loading pretrained parameter "encoder.encoder.0.W_h.weight".
Loading pretrained parameter "encoder.encoder.0.W_o.weight".
Loading pretrained parameter "encoder.encoder.0.W_o.bias".
Loading pretrained parameter "ffn.1.weight".
Loading pretrained parameter "ffn.1.bias".
Loading pretrained parameter "ffn.4.weight".
Loading pretrained parameter "ffn.4.bias".
Model 8 provided with no test set, no metric evaluation will be performed.
Building model 9
MoleculeModel(
  (sigmoid): Sigmoid()
  (encoder): MPN(
    (encoder): ModuleList(
      (0): MPNEncoder(
        (dropout_layer): Dropout(p=0.0, inplace=False)
        (act_func): ReLU()
        (W_i): Linear(in_features=147, out_features=300, bias=False)
        (W_h): Linear(in_features=300, out_features=300, bias=False)
        (W_o): Linear(in_features=433, out_features=300, bias=True)
      )
    )
  )
  (ffn): Sequential(
    (0): Dropout(p=0.0, inplace=False)
    (1): Linear(in_features=300, out_features=300, bias=True)
    (2): ReLU()
    (3): Dropout(p=0.0, inplace=False)
    (4): Linear(in_features=300, out_features=1, bias=True)
  )
)
Number of parameters = 355,201
Epoch 0
Loss = 5.2664e-01, PNorm = 34.0205, GNorm = 0.7595, lr_0 = 3.2500e-04
Loss = 4.6940e-01, PNorm = 34.0279, GNorm = 0.2219, lr_0 = 5.2955e-04
Validation auc = 0.614065
Validation mcc = 0.000000
Epoch 1
Loss = 4.7899e-01, PNorm = 34.0457, GNorm = 0.3567, lr_0 = 7.5455e-04
Loss = 4.1171e-01, PNorm = 34.0739, GNorm = 0.4067, lr_0 = 9.5909e-04
Validation auc = 0.646226
Validation mcc = 0.000000
Epoch 2
Loss = 4.4249e-01, PNorm = 34.1097, GNorm = 0.2572, lr_0 = 9.7054e-04
Loss = 4.5532e-01, PNorm = 34.1430, GNorm = 0.3747, lr_0 = 9.3493e-04
Validation auc = 0.727273
Validation mcc = 0.000000
Epoch 3
Loss = 4.3854e-01, PNorm = 34.1829, GNorm = 0.1706, lr_0 = 9.0063e-04
Loss = 4.5365e-01, PNorm = 34.2344, GNorm = 1.0538, lr_0 = 8.6758e-04
Loss = 4.3919e-01, PNorm = 34.2751, GNorm = 0.3406, lr_0 = 8.3575e-04
Validation auc = 0.730274
Validation mcc = 0.000000
Epoch 4
Loss = 4.4039e-01, PNorm = 34.3170, GNorm = 0.2902, lr_0 = 8.0509e-04
Loss = 4.4288e-01, PNorm = 34.3729, GNorm = 1.1636, lr_0 = 7.7555e-04
Validation auc = 0.710978
Validation mcc = 0.000000
Epoch 5
Loss = 4.8985e-01, PNorm = 34.4197, GNorm = 0.9761, lr_0 = 7.4710e-04
Loss = 3.8601e-01, PNorm = 34.4616, GNorm = 0.3527, lr_0 = 7.1969e-04
Validation auc = 0.725557
Validation mcc = 0.000000
Epoch 6
Loss = 3.8239e-01, PNorm = 34.5164, GNorm = 0.6576, lr_0 = 6.9328e-04
Loss = 4.1654e-01, PNorm = 34.5589, GNorm = 0.5099, lr_0 = 6.6784e-04
Loss = 4.1450e-01, PNorm = 34.6069, GNorm = 0.3676, lr_0 = 6.4334e-04
Validation auc = 0.741852
Validation mcc = 0.000000
Epoch 7
Loss = 3.8679e-01, PNorm = 34.6564, GNorm = 1.0516, lr_0 = 6.1974e-04
Loss = 4.1635e-01, PNorm = 34.6941, GNorm = 0.3297, lr_0 = 5.9700e-04
Validation auc = 0.737136
Validation mcc = 0.000000
Epoch 8
Loss = 3.9820e-01, PNorm = 34.7380, GNorm = 0.4764, lr_0 = 5.7510e-04
Loss = 4.0604e-01, PNorm = 34.7950, GNorm = 1.1367, lr_0 = 5.5400e-04
Validation auc = 0.750858
Validation mcc = 0.000000
Epoch 9
Loss = 3.5331e-01, PNorm = 34.8458, GNorm = 0.5015, lr_0 = 5.3367e-04
Loss = 4.0017e-01, PNorm = 34.8637, GNorm = 0.7166, lr_0 = 5.1409e-04
Validation auc = 0.756861
Validation mcc = 0.000000
Epoch 10
Loss = 3.2359e-01, PNorm = 34.9079, GNorm = 0.3436, lr_0 = 4.9523e-04
Loss = 3.6877e-01, PNorm = 34.9523, GNorm = 0.6472, lr_0 = 4.7706e-04
Loss = 3.9226e-01, PNorm = 34.9954, GNorm = 1.2890, lr_0 = 4.5956e-04
Validation auc = 0.759005
Validation mcc = 0.000000
Epoch 11
Loss = 3.6909e-01, PNorm = 35.0341, GNorm = 1.2597, lr_0 = 4.4269e-04
Loss = 4.0246e-01, PNorm = 35.0715, GNorm = 0.4524, lr_0 = 4.2645e-04
Validation auc = 0.777015
Validation mcc = 0.000000
Epoch 12
Loss = 3.5793e-01, PNorm = 35.1122, GNorm = 1.0565, lr_0 = 4.1081e-04
Loss = 3.4955e-01, PNorm = 35.1527, GNorm = 0.8408, lr_0 = 3.9573e-04
Validation auc = 0.801458
Validation mcc = 0.228796
Epoch 13
Loss = 3.6828e-01, PNorm = 35.1939, GNorm = 1.8917, lr_0 = 3.8121e-04
Loss = 3.4475e-01, PNorm = 35.2304, GNorm = 3.1590, lr_0 = 3.6723e-04
Loss = 3.7060e-01, PNorm = 35.2638, GNorm = 0.6590, lr_0 = 3.5375e-04
Validation auc = 0.805746
Validation mcc = 0.254728
Epoch 14
Loss = 3.4518e-01, PNorm = 35.3028, GNorm = 1.0842, lr_0 = 3.4077e-04
Loss = 3.3264e-01, PNorm = 35.3375, GNorm = 0.7350, lr_0 = 3.2827e-04
Validation auc = 0.810892
Validation mcc = 0.198688
Epoch 15
Loss = 3.1310e-01, PNorm = 35.3699, GNorm = 1.2738, lr_0 = 3.1623e-04
Loss = 3.2784e-01, PNorm = 35.4041, GNorm = 1.5634, lr_0 = 3.0463e-04
Validation auc = 0.820326
Validation mcc = 0.189591
Epoch 16
Loss = 3.3505e-01, PNorm = 35.4338, GNorm = 2.2537, lr_0 = 2.9345e-04
Loss = 3.0548e-01, PNorm = 35.4648, GNorm = 0.7388, lr_0 = 2.8268e-04
Validation auc = 0.830189
Validation mcc = 0.224564
Epoch 17
Loss = 3.1541e-01, PNorm = 35.4975, GNorm = 0.9240, lr_0 = 2.7129e-04
Loss = 3.0988e-01, PNorm = 35.5297, GNorm = 0.9349, lr_0 = 2.6134e-04
Loss = 3.1604e-01, PNorm = 35.5601, GNorm = 1.1522, lr_0 = 2.5175e-04
Validation auc = 0.837479
Validation mcc = 0.477831
Epoch 18
Loss = 2.9023e-01, PNorm = 35.5809, GNorm = 1.4034, lr_0 = 2.4252e-04
Loss = 3.4172e-01, PNorm = 35.6073, GNorm = 0.6476, lr_0 = 2.3362e-04
Validation auc = 0.826758
Validation mcc = 0.198688
Epoch 19
Loss = 3.1595e-01, PNorm = 35.6349, GNorm = 2.6315, lr_0 = 2.2505e-04
Loss = 2.9739e-01, PNorm = 35.6595, GNorm = 0.8137, lr_0 = 2.1679e-04
Validation auc = 0.835334
Validation mcc = 0.413262
Epoch 20
Loss = 3.1103e-01, PNorm = 35.6817, GNorm = 0.8915, lr_0 = 2.0884e-04
Loss = 2.7471e-01, PNorm = 35.7056, GNorm = 2.0022, lr_0 = 2.0117e-04
Loss = 3.1420e-01, PNorm = 35.7314, GNorm = 2.3166, lr_0 = 1.9379e-04
Validation auc = 0.838336
Validation mcc = 0.276549
Epoch 21
Loss = 2.8327e-01, PNorm = 35.7459, GNorm = 2.8660, lr_0 = 1.8668e-04
Loss = 2.9961e-01, PNorm = 35.7677, GNorm = 1.1379, lr_0 = 1.7983e-04
Validation auc = 0.843911
Validation mcc = 0.450486
Epoch 22
Loss = 2.9795e-01, PNorm = 35.7874, GNorm = 2.6779, lr_0 = 1.7324e-04
Loss = 2.7738e-01, PNorm = 35.8045, GNorm = 0.9985, lr_0 = 1.6688e-04
Validation auc = 0.841338
Validation mcc = 0.326697
Epoch 23
Loss = 3.0294e-01, PNorm = 35.8214, GNorm = 0.5628, lr_0 = 1.6076e-04
Loss = 2.4220e-01, PNorm = 35.8382, GNorm = 2.4061, lr_0 = 1.5486e-04
Loss = 3.1348e-01, PNorm = 35.8542, GNorm = 2.2021, lr_0 = 1.4918e-04
Validation auc = 0.849057
Validation mcc = 0.515846
Epoch 24
Loss = 3.0102e-01, PNorm = 35.8665, GNorm = 0.9761, lr_0 = 1.4370e-04
Loss = 2.8249e-01, PNorm = 35.8824, GNorm = 1.5180, lr_0 = 1.3843e-04
Validation auc = 0.853774
Validation mcc = 0.345804
Epoch 25
Loss = 2.9265e-01, PNorm = 35.8974, GNorm = 1.3982, lr_0 = 1.3335e-04
Loss = 2.5240e-01, PNorm = 35.9137, GNorm = 0.7933, lr_0 = 1.2846e-04
Validation auc = 0.842196
Validation mcc = 0.530528
Epoch 26
Loss = 2.4339e-01, PNorm = 35.9247, GNorm = 2.8587, lr_0 = 1.2375e-04
Loss = 2.6041e-01, PNorm = 35.9417, GNorm = 2.3078, lr_0 = 1.1921e-04
Validation auc = 0.843482
Validation mcc = 0.490579
Epoch 27
Loss = 2.4600e-01, PNorm = 35.9484, GNorm = 0.9838, lr_0 = 1.1483e-04
Loss = 2.6418e-01, PNorm = 35.9612, GNorm = 2.8952, lr_0 = 1.1062e-04
Loss = 2.7076e-01, PNorm = 35.9738, GNorm = 3.8560, lr_0 = 1.0656e-04
Validation auc = 0.849057
Validation mcc = 0.492913
Epoch 28
Loss = 2.3947e-01, PNorm = 35.9830, GNorm = 0.9971, lr_0 = 1.0265e-04
Loss = 3.1004e-01, PNorm = 35.9932, GNorm = 0.8865, lr_0 = 1.0000e-04
Validation auc = 0.848628
Validation mcc = 0.345804
Epoch 29
Loss = 2.1220e-01, PNorm = 36.0016, GNorm = 2.7157, lr_0 = 1.0000e-04
Loss = 2.4259e-01, PNorm = 36.0123, GNorm = 4.1409, lr_0 = 1.0000e-04
Validation auc = 0.854202
Validation mcc = 0.508730
Model 9 best validation auc = 0.854202 on epoch 29
Loading pretrained parameter "encoder.encoder.0.cached_zero_vector".
Loading pretrained parameter "encoder.encoder.0.W_i.weight".
Loading pretrained parameter "encoder.encoder.0.W_h.weight".
Loading pretrained parameter "encoder.encoder.0.W_o.weight".
Loading pretrained parameter "encoder.encoder.0.W_o.bias".
Loading pretrained parameter "ffn.1.weight".
Loading pretrained parameter "ffn.1.bias".
Loading pretrained parameter "ffn.4.weight".
Loading pretrained parameter "ffn.4.bias".
Model 9 provided with no test set, no metric evaluation will be performed.
Ensemble test auc = nan
Ensemble test mcc = nan
1-fold cross validation
	Seed 0 ==> test auc = nan
	Seed 0 ==> test mcc = nan
Overall test auc = nan +/- nan
Overall test mcc = nan +/- nan
Elapsed time = 11:28:14
