Fold 0
Model 0 best validation auc = 0.775000 on epoch 29
Model 0 provided with no test set, no metric evaluation will be performed.
Model 1 best validation auc = 0.765476 on epoch 24
Model 1 provided with no test set, no metric evaluation will be performed.
Model 2 best validation auc = 0.773214 on epoch 29
Model 2 provided with no test set, no metric evaluation will be performed.
Model 3 best validation auc = 0.771429 on epoch 25
Model 3 provided with no test set, no metric evaluation will be performed.
Model 4 best validation auc = 0.779762 on epoch 27
Model 4 provided with no test set, no metric evaluation will be performed.
Model 5 best validation auc = 0.774405 on epoch 26
Model 5 provided with no test set, no metric evaluation will be performed.
Model 6 best validation auc = 0.772619 on epoch 21
Model 6 provided with no test set, no metric evaluation will be performed.
Model 7 best validation auc = 0.790476 on epoch 21
Model 7 provided with no test set, no metric evaluation will be performed.
Model 8 best validation auc = 0.803571 on epoch 27
Model 8 provided with no test set, no metric evaluation will be performed.
Model 9 best validation auc = 0.798214 on epoch 23
Model 9 provided with no test set, no metric evaluation will be performed.
Ensemble test auc = nan
Ensemble test mcc = nan
1-fold cross validation
	Seed 0 ==> test auc = nan
	Seed 0 ==> test mcc = nan
Overall test auc = nan +/- nan
Overall test mcc = nan +/- nan
Elapsed time = 11:19:09
