Command line
python /home/mabdulhameed/miniconda3/envs/chemprop2/bin/chemprop_train --data_path /home/mabdulhameed/chemprop_2/BSEPi/BSEPi_all_nohyp_final/BSEPi_all_preprocessed_out_forGCNNin.csv --dataset_type classification --epochs 30 --ensemble_size 10 --extra_metrics mcc --split_sizes 0.9 0.1 0 --save_dir /home/mabdulhameed/chemprop_2/BSEPi/BSEPi_all_nohyp_final/out_BSEPi_allnohyp_5CV_final/
Args
{'activation': 'ReLU',
 'adding_h': False,
 'aggregation': 'mean',
 'aggregation_norm': 100,
 'atom_descriptor_scaling': True,
 'atom_descriptors': None,
 'atom_descriptors_path': None,
 'atom_descriptors_size': 0,
 'atom_features_size': 0,
 'atom_messages': False,
 'batch_size': 50,
 'bias': False,
 'bias_solvent': False,
 'bond_feature_scaling': True,
 'bond_features_path': None,
 'bond_features_size': 0,
 'cache_cutoff': 10000,
 'checkpoint_dir': None,
 'checkpoint_frzn': None,
 'checkpoint_path': None,
 'checkpoint_paths': None,
 'class_balance': False,
 'config_path': None,
 'crossval_index_dir': None,
 'crossval_index_file': None,
 'crossval_index_sets': None,
 'cuda': False,
 'data_path': '/home/mabdulhameed/chemprop_2/BSEPi/BSEPi_all_nohyp_final/BSEPi_all_preprocessed_out_forGCNNin.csv',
 'data_weights_path': None,
 'dataset_type': 'classification',
 'depth': 3,
 'depth_solvent': 3,
 'device': device(type='cpu'),
 'dropout': 0.0,
 'empty_cache': False,
 'ensemble_size': 10,
 'epochs': 30,
 'evidential_regularization': 0,
 'explicit_h': False,
 'extra_metrics': ['mcc'],
 'features_generator': None,
 'features_only': False,
 'features_path': None,
 'features_scaling': True,
 'features_size': None,
 'ffn_hidden_size': 300,
 'ffn_num_layers': 2,
 'final_lr': 0.0001,
 'folds_file': None,
 'freeze_first_only': False,
 'frzn_ffn_layers': 0,
 'gpu': None,
 'grad_clip': None,
 'hidden_size': 300,
 'hidden_size_solvent': 300,
 'ignore_columns': None,
 'init_lr': 0.0001,
 'log_frequency': 10,
 'loss_function': 'binary_cross_entropy',
 'max_data_size': None,
 'max_lr': 0.001,
 'metric': 'auc',
 'metrics': ['auc', 'mcc'],
 'minimize_score': False,
 'mpn_shared': False,
 'multiclass_num_classes': 3,
 'no_atom_descriptor_scaling': False,
 'no_bond_features_scaling': False,
 'no_cache_mol': False,
 'no_cuda': False,
 'no_features_scaling': False,
 'num_folds': 1,
 'num_lrs': 1,
 'num_tasks': 1,
 'num_workers': 8,
 'number_of_molecules': 1,
 'overwrite_default_atom_features': False,
 'overwrite_default_bond_features': False,
 'phase_features_path': None,
 'pytorch_seed': 0,
 'quiet': False,
 'reaction': False,
 'reaction_mode': 'reac_diff',
 'reaction_solvent': False,
 'resume_experiment': False,
 'save_dir': '/home/mabdulhameed/chemprop_2/BSEPi/BSEPi_all_nohyp_final/out_BSEPi_allnohyp_5CV_final/',
 'save_preds': False,
 'save_smiles_splits': False,
 'seed': 0,
 'separate_test_atom_descriptors_path': None,
 'separate_test_bond_features_path': None,
 'separate_test_features_path': None,
 'separate_test_path': None,
 'separate_test_phase_features_path': None,
 'separate_val_atom_descriptors_path': None,
 'separate_val_bond_features_path': None,
 'separate_val_features_path': None,
 'separate_val_path': None,
 'separate_val_phase_features_path': None,
 'show_individual_scores': False,
 'smiles_columns': ['SMILES'],
 'spectra_activation': 'exp',
 'spectra_phase_mask_path': None,
 'spectra_target_floor': 1e-08,
 'split_key_molecule': 0,
 'split_sizes': [0.9, 0.1, 0.0],
 'split_type': 'random',
 'target_columns': None,
 'target_weights': None,
 'task_names': ['CLASS'],
 'test': False,
 'test_fold_index': None,
 'train_data_size': None,
 'undirected': False,
 'use_input_features': False,
 'val_fold_index': None,
 'warmup_epochs': 2.0}
Setting molecule featurization parameters to default.
Loading data
Number of tasks = 1
Fold 0
Splitting data with seed 0
Class sizes
CLASS 0: 83.57%, 1: 16.43%
Total size = 925 | train size = 832 | val size = 93 | test size = 0
The test data split is empty. This may be either because splitting with no test set was selected,             such as with `cv-no-test`, or because test data provided with `--separate_test_path` was empty or contained only invalid molecules.             Performance on the test set will not be evaluated and metric scores will return `nan` for each task.
Building model 0
MoleculeModel(
  (sigmoid): Sigmoid()
  (encoder): MPN(
    (encoder): ModuleList(
      (0): MPNEncoder(
        (dropout_layer): Dropout(p=0.0, inplace=False)
        (act_func): ReLU()
        (W_i): Linear(in_features=147, out_features=300, bias=False)
        (W_h): Linear(in_features=300, out_features=300, bias=False)
        (W_o): Linear(in_features=433, out_features=300, bias=True)
      )
    )
  )
  (ffn): Sequential(
    (0): Dropout(p=0.0, inplace=False)
    (1): Linear(in_features=300, out_features=300, bias=True)
    (2): ReLU()
    (3): Dropout(p=0.0, inplace=False)
    (4): Linear(in_features=300, out_features=1, bias=True)
  )
)
Number of parameters = 355,201
Epoch 0
Loss = 4.8113e-01, PNorm = 34.0212, GNorm = 1.8219, lr_0 = 4.0937e-04
Validation auc = 0.363003
Validation mcc = 0.000000
Epoch 1
Loss = 5.1748e-01, PNorm = 34.0271, GNorm = 0.5047, lr_0 = 7.1875e-04
Loss = 4.5343e-01, PNorm = 34.0647, GNorm = 0.3114, lr_0 = 1.0000e-03
Validation auc = 0.500774
Validation mcc = 0.000000
Epoch 2
Loss = 4.7220e-01, PNorm = 34.0926, GNorm = 0.3170, lr_0 = 9.4990e-04
Validation auc = 0.772446
Validation mcc = 0.000000
Epoch 3
Loss = 3.6147e-01, PNorm = 34.1438, GNorm = 0.2519, lr_0 = 8.9769e-04
Loss = 4.4387e-01, PNorm = 34.1621, GNorm = 0.3701, lr_0 = 8.5271e-04
Validation auc = 0.797214
Validation mcc = 0.000000
Epoch 4
Loss = 3.9228e-01, PNorm = 34.2052, GNorm = 0.4171, lr_0 = 8.0999e-04
Loss = 4.3863e-01, PNorm = 34.2424, GNorm = 0.1737, lr_0 = 7.6942e-04
Validation auc = 0.801858
Validation mcc = 0.000000
Epoch 5
Loss = 3.8129e-01, PNorm = 34.2903, GNorm = 0.4679, lr_0 = 7.3087e-04
Validation auc = 0.817337
Validation mcc = 0.000000
Epoch 6
Loss = 5.6652e-01, PNorm = 34.3397, GNorm = 0.4913, lr_0 = 6.9069e-04
Loss = 3.9747e-01, PNorm = 34.3877, GNorm = 0.6782, lr_0 = 6.5609e-04
Validation auc = 0.839783
Validation mcc = 0.000000
Epoch 7
Loss = 4.2173e-01, PNorm = 34.4425, GNorm = 0.7822, lr_0 = 6.2322e-04
Loss = 3.6556e-01, PNorm = 34.4988, GNorm = 0.2876, lr_0 = 5.9200e-04
Validation auc = 0.858359
Validation mcc = 0.000000
Epoch 8
Loss = 3.6419e-01, PNorm = 34.5603, GNorm = 0.3216, lr_0 = 5.6234e-04
Validation auc = 0.856811
Validation mcc = 0.220439
Epoch 9
Loss = 3.5076e-01, PNorm = 34.6183, GNorm = 0.4238, lr_0 = 5.3143e-04
Loss = 3.7753e-01, PNorm = 34.6776, GNorm = 0.4215, lr_0 = 5.0481e-04
Validation auc = 0.875387
Validation mcc = 0.000000
Epoch 10
Loss = 3.4538e-01, PNorm = 34.7144, GNorm = 1.2173, lr_0 = 4.7952e-04
Loss = 3.5472e-01, PNorm = 34.7680, GNorm = 0.2953, lr_0 = 4.5549e-04
Validation auc = 0.870743
Validation mcc = 0.220439
Epoch 11
Loss = 2.9974e-01, PNorm = 34.8186, GNorm = 0.7165, lr_0 = 4.3267e-04
Validation auc = 0.880805
Validation mcc = 0.121670
Epoch 12
Loss = 3.7823e-01, PNorm = 34.8766, GNorm = 1.7607, lr_0 = 4.0889e-04
Loss = 3.0566e-01, PNorm = 34.9277, GNorm = 0.4893, lr_0 = 3.8841e-04
Validation auc = 0.823529
Validation mcc = 0.315691
Epoch 13
Loss = 3.2001e-01, PNorm = 34.9743, GNorm = 2.7587, lr_0 = 3.6895e-04
Loss = 3.0769e-01, PNorm = 35.0146, GNorm = 1.3924, lr_0 = 3.5046e-04
Validation auc = 0.866873
Validation mcc = 0.221591
Epoch 14
Loss = 2.3710e-01, PNorm = 35.0619, GNorm = 0.6770, lr_0 = 3.3120e-04
Validation auc = 0.843653
Validation mcc = 0.315691
Epoch 15
Loss = 2.7822e-01, PNorm = 35.1054, GNorm = 0.7766, lr_0 = 3.1461e-04
Loss = 2.8819e-01, PNorm = 35.1412, GNorm = 0.5221, lr_0 = 2.9885e-04
Validation auc = 0.848297
Validation mcc = 0.331647
Epoch 16
Loss = 2.7525e-01, PNorm = 35.1793, GNorm = 1.0949, lr_0 = 2.8387e-04
Loss = 2.8503e-01, PNorm = 35.2186, GNorm = 2.1574, lr_0 = 2.6965e-04
Validation auc = 0.845975
Validation mcc = 0.173991
Epoch 17
Loss = 2.6672e-01, PNorm = 35.2503, GNorm = 1.1097, lr_0 = 2.5483e-04
Validation auc = 0.859907
Validation mcc = 0.381364
Epoch 18
Loss = 2.7813e-01, PNorm = 35.2775, GNorm = 0.7132, lr_0 = 2.4206e-04
Loss = 2.3900e-01, PNorm = 35.3084, GNorm = 1.2612, lr_0 = 2.2994e-04
Validation auc = 0.847523
Validation mcc = 0.374681
Epoch 19
Loss = 2.4393e-01, PNorm = 35.3359, GNorm = 1.0368, lr_0 = 2.1842e-04
Loss = 2.1401e-01, PNorm = 35.3634, GNorm = 0.8332, lr_0 = 2.0747e-04
Validation auc = 0.855263
Validation mcc = 0.374115
Epoch 20
Loss = 2.2273e-01, PNorm = 35.3894, GNorm = 1.2646, lr_0 = 1.9607e-04
Validation auc = 0.846749
Validation mcc = 0.351002
Epoch 21
Loss = 3.4957e-01, PNorm = 35.4139, GNorm = 3.1563, lr_0 = 1.8625e-04
Loss = 2.1118e-01, PNorm = 35.4347, GNorm = 1.7995, lr_0 = 1.7692e-04
Validation auc = 0.852167
Validation mcc = 0.290725
Epoch 22
Loss = 1.6925e-01, PNorm = 35.4571, GNorm = 0.9784, lr_0 = 1.6805e-04
Loss = 2.1502e-01, PNorm = 35.4784, GNorm = 1.8289, lr_0 = 1.5963e-04
Validation auc = 0.848297
Validation mcc = 0.409791
Epoch 23
Loss = 2.1003e-01, PNorm = 35.4989, GNorm = 4.2112, lr_0 = 1.5086e-04
Validation auc = 0.852941
Validation mcc = 0.343668
Epoch 24
Loss = 8.1103e-02, PNorm = 35.5179, GNorm = 1.2748, lr_0 = 1.4330e-04
Loss = 2.1628e-01, PNorm = 35.5335, GNorm = 3.0576, lr_0 = 1.3612e-04
Validation auc = 0.841331
Validation mcc = 0.315892
Epoch 25
Loss = 1.7322e-01, PNorm = 35.5510, GNorm = 1.4268, lr_0 = 1.2930e-04
Loss = 2.0718e-01, PNorm = 35.5653, GNorm = 1.8141, lr_0 = 1.2282e-04
Validation auc = 0.851393
Validation mcc = 0.370954
Epoch 26
Loss = 1.9455e-01, PNorm = 35.5817, GNorm = 2.2520, lr_0 = 1.1607e-04
Validation auc = 0.851393
Validation mcc = 0.343668
Epoch 27
Loss = 1.5460e-01, PNorm = 35.5964, GNorm = 2.0089, lr_0 = 1.1026e-04
Loss = 1.8679e-01, PNorm = 35.6100, GNorm = 0.8996, lr_0 = 1.0473e-04
Validation auc = 0.854489
Validation mcc = 0.345495
Epoch 28
Loss = 1.4057e-01, PNorm = 35.6234, GNorm = 0.7758, lr_0 = 1.0000e-04
Loss = 1.9481e-01, PNorm = 35.6358, GNorm = 1.8928, lr_0 = 1.0000e-04
Validation auc = 0.849071
Validation mcc = 0.370954
Epoch 29
Loss = 1.7434e-01, PNorm = 35.6482, GNorm = 2.7986, lr_0 = 1.0000e-04
Validation auc = 0.855263
Validation mcc = 0.352167
Model 0 best validation auc = 0.880805 on epoch 11
Loading pretrained parameter "encoder.encoder.0.cached_zero_vector".
Loading pretrained parameter "encoder.encoder.0.W_i.weight".
Loading pretrained parameter "encoder.encoder.0.W_h.weight".
Loading pretrained parameter "encoder.encoder.0.W_o.weight".
Loading pretrained parameter "encoder.encoder.0.W_o.bias".
Loading pretrained parameter "ffn.1.weight".
Loading pretrained parameter "ffn.1.bias".
Loading pretrained parameter "ffn.4.weight".
Loading pretrained parameter "ffn.4.bias".
Model 0 provided with no test set, no metric evaluation will be performed.
Building model 1
MoleculeModel(
  (sigmoid): Sigmoid()
  (encoder): MPN(
    (encoder): ModuleList(
      (0): MPNEncoder(
        (dropout_layer): Dropout(p=0.0, inplace=False)
        (act_func): ReLU()
        (W_i): Linear(in_features=147, out_features=300, bias=False)
        (W_h): Linear(in_features=300, out_features=300, bias=False)
        (W_o): Linear(in_features=433, out_features=300, bias=True)
      )
    )
  )
  (ffn): Sequential(
    (0): Dropout(p=0.0, inplace=False)
    (1): Linear(in_features=300, out_features=300, bias=True)
    (2): ReLU()
    (3): Dropout(p=0.0, inplace=False)
    (4): Linear(in_features=300, out_features=1, bias=True)
  )
)
Number of parameters = 355,201
Epoch 0
Loss = 5.0078e-01, PNorm = 34.0322, GNorm = 0.6478, lr_0 = 4.0937e-04
Validation auc = 0.405573
Validation mcc = 0.000000
Epoch 1
Loss = 5.1002e-01, PNorm = 34.0446, GNorm = 1.5076, lr_0 = 7.1875e-04
Loss = 4.6480e-01, PNorm = 34.0671, GNorm = 0.2208, lr_0 = 1.0000e-03
Validation auc = 0.601393
Validation mcc = 0.000000
Epoch 2
Loss = 4.7014e-01, PNorm = 34.0954, GNorm = 0.2109, lr_0 = 9.4990e-04
Validation auc = 0.715170
Validation mcc = 0.000000
Epoch 3
Loss = 4.0280e-01, PNorm = 34.1276, GNorm = 0.3045, lr_0 = 8.9769e-04
Loss = 4.2078e-01, PNorm = 34.1657, GNorm = 0.2833, lr_0 = 8.5271e-04
Validation auc = 0.773994
Validation mcc = 0.000000
Epoch 4
Loss = 4.5411e-01, PNorm = 34.2007, GNorm = 0.2263, lr_0 = 8.0999e-04
Loss = 3.9111e-01, PNorm = 34.2580, GNorm = 0.4681, lr_0 = 7.6942e-04
Validation auc = 0.832817
Validation mcc = 0.000000
Epoch 5
Loss = 4.1021e-01, PNorm = 34.3051, GNorm = 0.1950, lr_0 = 7.3087e-04
Validation auc = 0.856811
Validation mcc = 0.000000
Epoch 6
Loss = 3.5609e-01, PNorm = 34.3589, GNorm = 0.5614, lr_0 = 6.9069e-04
Loss = 4.1541e-01, PNorm = 34.4255, GNorm = 0.4481, lr_0 = 6.5609e-04
Validation auc = 0.892415
Validation mcc = 0.000000
Epoch 7
Loss = 3.9287e-01, PNorm = 34.4845, GNorm = 1.3451, lr_0 = 6.2322e-04
Loss = 3.6691e-01, PNorm = 34.5453, GNorm = 1.0932, lr_0 = 5.9200e-04
Validation auc = 0.858359
Validation mcc = 0.386031
Epoch 8
Loss = 3.5909e-01, PNorm = 34.5996, GNorm = 0.3855, lr_0 = 5.6234e-04
Validation auc = 0.893189
Validation mcc = 0.000000
Epoch 9
Loss = 1.9573e-01, PNorm = 34.6602, GNorm = 0.3765, lr_0 = 5.3143e-04
Loss = 3.9892e-01, PNorm = 34.7022, GNorm = 0.9623, lr_0 = 5.0481e-04
Validation auc = 0.877709
Validation mcc = 0.000000
Epoch 10
Loss = 3.1568e-01, PNorm = 34.7541, GNorm = 0.2541, lr_0 = 4.7952e-04
Loss = 3.5023e-01, PNorm = 34.8045, GNorm = 0.8960, lr_0 = 4.5549e-04
Validation auc = 0.886223
Validation mcc = 0.000000
Epoch 11
Loss = 2.9677e-01, PNorm = 34.8471, GNorm = 1.0187, lr_0 = 4.3267e-04
Validation auc = 0.875387
Validation mcc = 0.343668
Epoch 12
Loss = 2.5870e-01, PNorm = 34.9007, GNorm = 1.0194, lr_0 = 4.0889e-04
Loss = 3.3158e-01, PNorm = 34.9480, GNorm = 2.2682, lr_0 = 3.8841e-04
Validation auc = 0.869969
Validation mcc = 0.398881
Epoch 13
Loss = 2.8792e-01, PNorm = 34.9931, GNorm = 1.2912, lr_0 = 3.6895e-04
Loss = 2.9957e-01, PNorm = 35.0377, GNorm = 0.6609, lr_0 = 3.5046e-04
Validation auc = 0.845201
Validation mcc = 0.133956
Epoch 14
Loss = 3.0863e-01, PNorm = 35.0811, GNorm = 0.6015, lr_0 = 3.3120e-04
Validation auc = 0.866873
Validation mcc = 0.315691
Epoch 15
Loss = 2.7837e-01, PNorm = 35.1191, GNorm = 1.0340, lr_0 = 3.1461e-04
Loss = 2.6643e-01, PNorm = 35.1524, GNorm = 0.6120, lr_0 = 2.9885e-04
Validation auc = 0.857585
Validation mcc = 0.472483
Epoch 16
Loss = 2.6028e-01, PNorm = 35.1880, GNorm = 0.7497, lr_0 = 2.8387e-04
Loss = 2.6302e-01, PNorm = 35.2184, GNorm = 0.9067, lr_0 = 2.6965e-04
Validation auc = 0.864551
Validation mcc = 0.398881
Epoch 17
Loss = 2.5490e-01, PNorm = 35.2503, GNorm = 3.2295, lr_0 = 2.5483e-04
Validation auc = 0.856811
Validation mcc = 0.181422
Epoch 18
Loss = 2.6485e-01, PNorm = 35.2753, GNorm = 1.0370, lr_0 = 2.4206e-04
Loss = 2.8844e-01, PNorm = 35.2934, GNorm = 1.0459, lr_0 = 2.2994e-04
Validation auc = 0.857585
Validation mcc = 0.409791
Epoch 19
Loss = 2.1585e-01, PNorm = 35.3180, GNorm = 0.4139, lr_0 = 2.1842e-04
Loss = 2.3996e-01, PNorm = 35.3410, GNorm = 1.2503, lr_0 = 2.0747e-04
Validation auc = 0.862229
Validation mcc = 0.370954
Epoch 20
Loss = 2.3152e-01, PNorm = 35.3670, GNorm = 2.0230, lr_0 = 1.9607e-04
Validation auc = 0.852941
Validation mcc = 0.343668
Epoch 21
Loss = 2.7263e-01, PNorm = 35.3869, GNorm = 1.9678, lr_0 = 1.8625e-04
Loss = 2.1006e-01, PNorm = 35.4040, GNorm = 1.5618, lr_0 = 1.7692e-04
Validation auc = 0.852167
Validation mcc = 0.343668
Epoch 22
Loss = 1.9563e-01, PNorm = 35.4228, GNorm = 1.2471, lr_0 = 1.6805e-04
Loss = 2.2121e-01, PNorm = 35.4425, GNorm = 1.0835, lr_0 = 1.5963e-04
Validation auc = 0.865325
Validation mcc = 0.315892
Epoch 23
Loss = 2.0410e-01, PNorm = 35.4593, GNorm = 0.5529, lr_0 = 1.5086e-04
Validation auc = 0.864551
Validation mcc = 0.449267
Epoch 24
Loss = 2.5299e-01, PNorm = 35.4717, GNorm = 3.8352, lr_0 = 1.4330e-04
Loss = 2.2574e-01, PNorm = 35.4877, GNorm = 2.1914, lr_0 = 1.3612e-04
Validation auc = 0.855263
Validation mcc = 0.398881
Epoch 25
Loss = 2.1731e-01, PNorm = 35.5026, GNorm = 1.1092, lr_0 = 1.2930e-04
Loss = 2.0416e-01, PNorm = 35.5144, GNorm = 0.8000, lr_0 = 1.2282e-04
Validation auc = 0.860681
Validation mcc = 0.343668
Epoch 26
Loss = 1.9010e-01, PNorm = 35.5255, GNorm = 3.1131, lr_0 = 1.1607e-04
Validation auc = 0.852941
Validation mcc = 0.343668
Epoch 27
Loss = 1.9449e-01, PNorm = 35.5387, GNorm = 3.5225, lr_0 = 1.1026e-04
Loss = 1.8554e-01, PNorm = 35.5488, GNorm = 0.7269, lr_0 = 1.0473e-04
Validation auc = 0.852167
Validation mcc = 0.370954
Epoch 28
Loss = 1.9149e-01, PNorm = 35.5609, GNorm = 0.8637, lr_0 = 1.0000e-04
Loss = 1.8364e-01, PNorm = 35.5724, GNorm = 1.3312, lr_0 = 1.0000e-04
Validation auc = 0.859907
Validation mcc = 0.370954
Epoch 29
Loss = 1.7749e-01, PNorm = 35.5807, GNorm = 1.7707, lr_0 = 1.0000e-04
Validation auc = 0.855263
Validation mcc = 0.423294
Model 1 best validation auc = 0.893189 on epoch 8
Loading pretrained parameter "encoder.encoder.0.cached_zero_vector".
Loading pretrained parameter "encoder.encoder.0.W_i.weight".
Loading pretrained parameter "encoder.encoder.0.W_h.weight".
Loading pretrained parameter "encoder.encoder.0.W_o.weight".
Loading pretrained parameter "encoder.encoder.0.W_o.bias".
Loading pretrained parameter "ffn.1.weight".
Loading pretrained parameter "ffn.1.bias".
Loading pretrained parameter "ffn.4.weight".
Loading pretrained parameter "ffn.4.bias".
Model 1 provided with no test set, no metric evaluation will be performed.
Building model 2
MoleculeModel(
  (sigmoid): Sigmoid()
  (encoder): MPN(
    (encoder): ModuleList(
      (0): MPNEncoder(
        (dropout_layer): Dropout(p=0.0, inplace=False)
        (act_func): ReLU()
        (W_i): Linear(in_features=147, out_features=300, bias=False)
        (W_h): Linear(in_features=300, out_features=300, bias=False)
        (W_o): Linear(in_features=433, out_features=300, bias=True)
      )
    )
  )
  (ffn): Sequential(
    (0): Dropout(p=0.0, inplace=False)
    (1): Linear(in_features=300, out_features=300, bias=True)
    (2): ReLU()
    (3): Dropout(p=0.0, inplace=False)
    (4): Linear(in_features=300, out_features=1, bias=True)
  )
)
Number of parameters = 355,201
Epoch 0
Loss = 5.2637e-01, PNorm = 33.9873, GNorm = 0.6066, lr_0 = 4.0937e-04
Validation auc = 0.380805
Validation mcc = 0.000000
Epoch 1
Loss = 4.6125e-01, PNorm = 33.9958, GNorm = 0.6833, lr_0 = 7.1875e-04
Loss = 4.4616e-01, PNorm = 34.0270, GNorm = 0.3885, lr_0 = 1.0000e-03
Validation auc = 0.672601
Validation mcc = 0.000000
Epoch 2
Loss = 4.3484e-01, PNorm = 34.0646, GNorm = 0.3024, lr_0 = 9.4990e-04
Validation auc = 0.807276
Validation mcc = 0.000000
Epoch 3
Loss = 3.0319e-01, PNorm = 34.1140, GNorm = 0.6946, lr_0 = 8.9769e-04
Loss = 3.9684e-01, PNorm = 34.1690, GNorm = 0.3041, lr_0 = 8.5271e-04
Validation auc = 0.829721
Validation mcc = 0.000000
Epoch 4
Loss = 3.9900e-01, PNorm = 34.2279, GNorm = 0.5610, lr_0 = 8.0999e-04
Loss = 4.1498e-01, PNorm = 34.2961, GNorm = 1.5856, lr_0 = 7.6942e-04
Validation auc = 0.861455
Validation mcc = 0.000000
Epoch 5
Loss = 4.3241e-01, PNorm = 34.3319, GNorm = 0.2803, lr_0 = 7.3087e-04
Validation auc = 0.860681
Validation mcc = 0.000000
Epoch 6
Loss = 5.0122e-01, PNorm = 34.3933, GNorm = 0.7085, lr_0 = 6.9069e-04
Loss = 3.7120e-01, PNorm = 34.4530, GNorm = 0.6080, lr_0 = 6.5609e-04
Validation auc = 0.862229
Validation mcc = 0.000000
Epoch 7
Loss = 4.0219e-01, PNorm = 34.4886, GNorm = 0.2425, lr_0 = 6.2322e-04
Loss = 3.8352e-01, PNorm = 34.5433, GNorm = 0.4888, lr_0 = 5.9200e-04
Validation auc = 0.865325
Validation mcc = 0.000000
Epoch 8
Loss = 4.0827e-01, PNorm = 34.5888, GNorm = 0.2975, lr_0 = 5.6234e-04
Validation auc = 0.874613
Validation mcc = 0.000000
Epoch 9
Loss = 4.9940e-01, PNorm = 34.6521, GNorm = 1.2074, lr_0 = 5.3143e-04
Loss = 3.4179e-01, PNorm = 34.7202, GNorm = 0.1843, lr_0 = 5.0481e-04
Validation auc = 0.872291
Validation mcc = 0.000000
Epoch 10
Loss = 3.6568e-01, PNorm = 34.7491, GNorm = 1.0619, lr_0 = 4.7952e-04
Loss = 3.6082e-01, PNorm = 34.8003, GNorm = 0.5927, lr_0 = 4.5549e-04
Validation auc = 0.845201
Validation mcc = 0.503995
Epoch 11
Loss = 3.7157e-01, PNorm = 34.8415, GNorm = 0.3125, lr_0 = 4.3267e-04
Validation auc = 0.867647
Validation mcc = 0.000000
Epoch 12
Loss = 3.4021e-01, PNorm = 34.8858, GNorm = 0.2517, lr_0 = 4.0889e-04
Loss = 3.2503e-01, PNorm = 34.9378, GNorm = 0.5536, lr_0 = 3.8841e-04
Validation auc = 0.865325
Validation mcc = 0.351002
Epoch 13
Loss = 3.5807e-01, PNorm = 34.9826, GNorm = 0.3176, lr_0 = 3.6895e-04
Loss = 2.9226e-01, PNorm = 35.0293, GNorm = 0.6624, lr_0 = 3.5046e-04
Validation auc = 0.854489
Validation mcc = 0.290725
Epoch 14
Loss = 2.8978e-01, PNorm = 35.0830, GNorm = 0.4039, lr_0 = 3.3120e-04
Validation auc = 0.832043
Validation mcc = 0.152563
Epoch 15
Loss = 2.8549e-01, PNorm = 35.1275, GNorm = 1.0747, lr_0 = 3.1461e-04
Loss = 2.7248e-01, PNorm = 35.1713, GNorm = 0.6734, lr_0 = 2.9885e-04
Validation auc = 0.828947
Validation mcc = 0.105258
Epoch 16
Loss = 3.7397e-01, PNorm = 35.2102, GNorm = 1.3816, lr_0 = 2.8387e-04
Loss = 2.6324e-01, PNorm = 35.2414, GNorm = 0.7713, lr_0 = 2.6965e-04
Validation auc = 0.838235
Validation mcc = 0.226688
Epoch 17
Loss = 2.6950e-01, PNorm = 35.2805, GNorm = 1.3412, lr_0 = 2.5483e-04
Validation auc = 0.829721
Validation mcc = 0.257520
Epoch 18
Loss = 4.2927e-01, PNorm = 35.3164, GNorm = 3.6265, lr_0 = 2.4206e-04
Loss = 2.4111e-01, PNorm = 35.3517, GNorm = 1.4263, lr_0 = 2.2994e-04
Validation auc = 0.839783
Validation mcc = 0.331647
Epoch 19
Loss = 3.0516e-01, PNorm = 35.3756, GNorm = 3.3860, lr_0 = 2.1842e-04
Loss = 2.3338e-01, PNorm = 35.4037, GNorm = 2.6034, lr_0 = 2.0747e-04
Validation auc = 0.840557
Validation mcc = 0.267696
Epoch 20
Loss = 2.2199e-01, PNorm = 35.4332, GNorm = 1.5197, lr_0 = 1.9607e-04
Validation auc = 0.842105
Validation mcc = 0.267696
Epoch 21
Loss = 2.3215e-01, PNorm = 35.4562, GNorm = 0.6669, lr_0 = 1.8625e-04
Loss = 2.2817e-01, PNorm = 35.4778, GNorm = 0.8809, lr_0 = 1.7692e-04
Validation auc = 0.834365
Validation mcc = 0.226688
Epoch 22
Loss = 1.8733e-01, PNorm = 35.5029, GNorm = 4.5887, lr_0 = 1.6805e-04
Loss = 2.2935e-01, PNorm = 35.5195, GNorm = 1.4363, lr_0 = 1.5963e-04
Validation auc = 0.840557
Validation mcc = 0.267696
Epoch 23
Loss = 2.0427e-01, PNorm = 35.5381, GNorm = 1.4367, lr_0 = 1.5086e-04
Validation auc = 0.836687
Validation mcc = 0.246444
Epoch 24
Loss = 1.4086e-01, PNorm = 35.5558, GNorm = 0.8579, lr_0 = 1.4330e-04
Loss = 2.2061e-01, PNorm = 35.5741, GNorm = 1.3871, lr_0 = 1.3612e-04
Validation auc = 0.835913
Validation mcc = 0.343427
Epoch 25
Loss = 2.2941e-01, PNorm = 35.5876, GNorm = 1.3293, lr_0 = 1.2930e-04
Loss = 1.9746e-01, PNorm = 35.6018, GNorm = 1.3260, lr_0 = 1.2282e-04
Validation auc = 0.835913
Validation mcc = 0.226688
Epoch 26
Loss = 2.0036e-01, PNorm = 35.6189, GNorm = 1.9416, lr_0 = 1.1607e-04
Validation auc = 0.831269
Validation mcc = 0.312362
Epoch 27
Loss = 2.1405e-01, PNorm = 35.6305, GNorm = 0.9440, lr_0 = 1.1026e-04
Loss = 1.9214e-01, PNorm = 35.6460, GNorm = 2.2423, lr_0 = 1.0473e-04
Validation auc = 0.835913
Validation mcc = 0.294153
Epoch 28
Loss = 2.0110e-01, PNorm = 35.6571, GNorm = 1.4914, lr_0 = 1.0000e-04
Loss = 1.8873e-01, PNorm = 35.6691, GNorm = 0.7083, lr_0 = 1.0000e-04
Validation auc = 0.836687
Validation mcc = 0.267696
Epoch 29
Loss = 1.9537e-01, PNorm = 35.6810, GNorm = 2.6536, lr_0 = 1.0000e-04
Validation auc = 0.839009
Validation mcc = 0.343427
Model 2 best validation auc = 0.874613 on epoch 8
Loading pretrained parameter "encoder.encoder.0.cached_zero_vector".
Loading pretrained parameter "encoder.encoder.0.W_i.weight".
Loading pretrained parameter "encoder.encoder.0.W_h.weight".
Loading pretrained parameter "encoder.encoder.0.W_o.weight".
Loading pretrained parameter "encoder.encoder.0.W_o.bias".
Loading pretrained parameter "ffn.1.weight".
Loading pretrained parameter "ffn.1.bias".
Loading pretrained parameter "ffn.4.weight".
Loading pretrained parameter "ffn.4.bias".
Model 2 provided with no test set, no metric evaluation will be performed.
Building model 3
MoleculeModel(
  (sigmoid): Sigmoid()
  (encoder): MPN(
    (encoder): ModuleList(
      (0): MPNEncoder(
        (dropout_layer): Dropout(p=0.0, inplace=False)
        (act_func): ReLU()
        (W_i): Linear(in_features=147, out_features=300, bias=False)
        (W_h): Linear(in_features=300, out_features=300, bias=False)
        (W_o): Linear(in_features=433, out_features=300, bias=True)
      )
    )
  )
  (ffn): Sequential(
    (0): Dropout(p=0.0, inplace=False)
    (1): Linear(in_features=300, out_features=300, bias=True)
    (2): ReLU()
    (3): Dropout(p=0.0, inplace=False)
    (4): Linear(in_features=300, out_features=1, bias=True)
  )
)
Number of parameters = 355,201
Epoch 0
Loss = 6.2532e-01, PNorm = 34.0260, GNorm = 0.5092, lr_0 = 4.0937e-04
Validation auc = 0.333591
Validation mcc = 0.000000
Epoch 1
Loss = 3.9720e-01, PNorm = 34.0423, GNorm = 0.1799, lr_0 = 7.1875e-04
Loss = 4.7011e-01, PNorm = 34.0714, GNorm = 0.0997, lr_0 = 1.0000e-03
Validation auc = 0.553406
Validation mcc = 0.000000
Epoch 2
Loss = 4.4517e-01, PNorm = 34.0978, GNorm = 0.3809, lr_0 = 9.4990e-04
Validation auc = 0.787152
Validation mcc = 0.000000
Epoch 3
Loss = 4.2378e-01, PNorm = 34.1324, GNorm = 0.1518, lr_0 = 8.9769e-04
Loss = 3.9959e-01, PNorm = 34.1766, GNorm = 0.4209, lr_0 = 8.5271e-04
Validation auc = 0.779412
Validation mcc = 0.000000
Epoch 4
Loss = 4.1730e-01, PNorm = 34.2157, GNorm = 0.5567, lr_0 = 8.0999e-04
Loss = 4.3343e-01, PNorm = 34.2515, GNorm = 0.2389, lr_0 = 7.6942e-04
Validation auc = 0.846749
Validation mcc = 0.000000
Epoch 5
Loss = 4.1920e-01, PNorm = 34.2872, GNorm = 0.3041, lr_0 = 7.3087e-04
Validation auc = 0.852941
Validation mcc = 0.000000
Epoch 6
Loss = 4.1578e-01, PNorm = 34.3313, GNorm = 0.2083, lr_0 = 6.9069e-04
Loss = 3.9715e-01, PNorm = 34.3905, GNorm = 1.1138, lr_0 = 6.5609e-04
Validation auc = 0.852167
Validation mcc = 0.000000
Epoch 7
Loss = 3.6809e-01, PNorm = 34.4345, GNorm = 0.7414, lr_0 = 6.2322e-04
Loss = 3.8761e-01, PNorm = 34.4866, GNorm = 0.4462, lr_0 = 5.9200e-04
Validation auc = 0.874613
Validation mcc = 0.000000
Epoch 8
Loss = 3.7466e-01, PNorm = 34.5379, GNorm = 0.6043, lr_0 = 5.6234e-04
Validation auc = 0.883901
Validation mcc = 0.000000
Epoch 9
Loss = 4.4730e-01, PNorm = 34.5917, GNorm = 1.0721, lr_0 = 5.3143e-04
Loss = 3.1574e-01, PNorm = 34.6455, GNorm = 0.5508, lr_0 = 5.0481e-04
Validation auc = 0.884675
Validation mcc = 0.121670
Epoch 10
Loss = 3.6634e-01, PNorm = 34.6973, GNorm = 1.1130, lr_0 = 4.7952e-04
Loss = 3.4665e-01, PNorm = 34.7438, GNorm = 2.2317, lr_0 = 4.5549e-04
Validation auc = 0.847523
Validation mcc = 0.000000
Epoch 11
Loss = 3.4910e-01, PNorm = 34.7734, GNorm = 0.9449, lr_0 = 4.3267e-04
Validation auc = 0.883901
Validation mcc = 0.133956
Epoch 12
Loss = 2.8722e-01, PNorm = 34.8054, GNorm = 0.6387, lr_0 = 4.0889e-04
Loss = 2.8818e-01, PNorm = 34.8362, GNorm = 0.8796, lr_0 = 3.8841e-04
Validation auc = 0.874613
Validation mcc = 0.284873
Epoch 13
Loss = 3.1408e-01, PNorm = 34.8703, GNorm = 0.4374, lr_0 = 3.6895e-04
Loss = 3.0113e-01, PNorm = 34.9028, GNorm = 1.2977, lr_0 = 3.5046e-04
Validation auc = 0.871517
Validation mcc = 0.215530
Epoch 14
Loss = 3.2354e-01, PNorm = 34.9407, GNorm = 1.3123, lr_0 = 3.3120e-04
Validation auc = 0.870743
Validation mcc = 0.343668
Epoch 15
Loss = 2.7405e-01, PNorm = 34.9611, GNorm = 2.5348, lr_0 = 3.1461e-04
Loss = 2.9384e-01, PNorm = 34.9813, GNorm = 1.2783, lr_0 = 2.9885e-04
Validation auc = 0.866873
Validation mcc = 0.374681
Epoch 16
Loss = 2.7156e-01, PNorm = 35.0072, GNorm = 1.0798, lr_0 = 2.8387e-04
Loss = 2.7993e-01, PNorm = 35.0323, GNorm = 1.9610, lr_0 = 2.6965e-04
Validation auc = 0.861455
Validation mcc = 0.374681
Epoch 17
Loss = 2.3832e-01, PNorm = 35.0647, GNorm = 1.2800, lr_0 = 2.5483e-04
Validation auc = 0.860681
Validation mcc = 0.343668
Epoch 18
Loss = 2.1654e-01, PNorm = 35.0901, GNorm = 2.8923, lr_0 = 2.4206e-04
Loss = 2.3224e-01, PNorm = 35.1131, GNorm = 0.8012, lr_0 = 2.2994e-04
Validation auc = 0.852167
Validation mcc = 0.398881
Epoch 19
Loss = 2.4447e-01, PNorm = 35.1369, GNorm = 1.2445, lr_0 = 2.1842e-04
Loss = 2.3869e-01, PNorm = 35.1600, GNorm = 2.0725, lr_0 = 2.0747e-04
Validation auc = 0.852941
Validation mcc = 0.409791
Epoch 20
Loss = 2.2037e-01, PNorm = 35.1816, GNorm = 1.4883, lr_0 = 1.9607e-04
Validation auc = 0.860681
Validation mcc = 0.343668
Epoch 21
Loss = 1.9009e-01, PNorm = 35.2013, GNorm = 2.8785, lr_0 = 1.8625e-04
Loss = 2.2906e-01, PNorm = 35.2192, GNorm = 1.7932, lr_0 = 1.7692e-04
Validation auc = 0.864551
Validation mcc = 0.343427
Epoch 22
Loss = 2.1755e-01, PNorm = 35.2391, GNorm = 0.7903, lr_0 = 1.6805e-04
Loss = 2.2988e-01, PNorm = 35.2538, GNorm = 2.8218, lr_0 = 1.5963e-04
Validation auc = 0.850619
Validation mcc = 0.447829
Epoch 23
Loss = 1.9329e-01, PNorm = 35.2714, GNorm = 1.4526, lr_0 = 1.5086e-04
Validation auc = 0.854489
Validation mcc = 0.451184
Epoch 24
Loss = 2.0497e-01, PNorm = 35.2850, GNorm = 1.5361, lr_0 = 1.4330e-04
Loss = 2.4944e-01, PNorm = 35.2921, GNorm = 4.8499, lr_0 = 1.3612e-04
Validation auc = 0.854489
Validation mcc = 0.380649
Epoch 25
Loss = 2.7392e-01, PNorm = 35.3044, GNorm = 3.7051, lr_0 = 1.2930e-04
Loss = 2.3569e-01, PNorm = 35.3162, GNorm = 4.2746, lr_0 = 1.2282e-04
Validation auc = 0.857585
Validation mcc = 0.257303
Epoch 26
Loss = 2.1564e-01, PNorm = 35.3222, GNorm = 2.9097, lr_0 = 1.1607e-04
Validation auc = 0.850619
Validation mcc = 0.409791
Epoch 27
Loss = 2.1998e-01, PNorm = 35.3327, GNorm = 2.3988, lr_0 = 1.1026e-04
Loss = 2.1861e-01, PNorm = 35.3415, GNorm = 0.9960, lr_0 = 1.0473e-04
Validation auc = 0.852941
Validation mcc = 0.374681
Epoch 28
Loss = 2.1321e-01, PNorm = 35.3495, GNorm = 1.7613, lr_0 = 1.0000e-04
Loss = 1.8317e-01, PNorm = 35.3585, GNorm = 2.8570, lr_0 = 1.0000e-04
Validation auc = 0.851393
Validation mcc = 0.381364
Epoch 29
Loss = 1.7903e-01, PNorm = 35.3690, GNorm = 2.3388, lr_0 = 1.0000e-04
Validation auc = 0.855263
Validation mcc = 0.447829
Model 3 best validation auc = 0.884675 on epoch 9
Loading pretrained parameter "encoder.encoder.0.cached_zero_vector".
Loading pretrained parameter "encoder.encoder.0.W_i.weight".
Loading pretrained parameter "encoder.encoder.0.W_h.weight".
Loading pretrained parameter "encoder.encoder.0.W_o.weight".
Loading pretrained parameter "encoder.encoder.0.W_o.bias".
Loading pretrained parameter "ffn.1.weight".
Loading pretrained parameter "ffn.1.bias".
Loading pretrained parameter "ffn.4.weight".
Loading pretrained parameter "ffn.4.bias".
Model 3 provided with no test set, no metric evaluation will be performed.
Building model 4
MoleculeModel(
  (sigmoid): Sigmoid()
  (encoder): MPN(
    (encoder): ModuleList(
      (0): MPNEncoder(
        (dropout_layer): Dropout(p=0.0, inplace=False)
        (act_func): ReLU()
        (W_i): Linear(in_features=147, out_features=300, bias=False)
        (W_h): Linear(in_features=300, out_features=300, bias=False)
        (W_o): Linear(in_features=433, out_features=300, bias=True)
      )
    )
  )
  (ffn): Sequential(
    (0): Dropout(p=0.0, inplace=False)
    (1): Linear(in_features=300, out_features=300, bias=True)
    (2): ReLU()
    (3): Dropout(p=0.0, inplace=False)
    (4): Linear(in_features=300, out_features=1, bias=True)
  )
)
Number of parameters = 355,201
Epoch 0
Loss = 4.9325e-01, PNorm = 33.9076, GNorm = 0.7290, lr_0 = 4.0937e-04
Validation auc = 0.409443
Validation mcc = 0.000000
Epoch 1
Loss = 4.6459e-01, PNorm = 33.9208, GNorm = 0.8398, lr_0 = 7.1875e-04
Loss = 4.5581e-01, PNorm = 33.9504, GNorm = 0.1812, lr_0 = 1.0000e-03
Validation auc = 0.735294
Validation mcc = 0.000000
Epoch 2
Loss = 4.0010e-01, PNorm = 33.9887, GNorm = 0.2282, lr_0 = 9.4990e-04
Validation auc = 0.806502
Validation mcc = 0.000000
Epoch 3
Loss = 4.9667e-01, PNorm = 34.0221, GNorm = 0.4462, lr_0 = 8.9769e-04
Loss = 4.2427e-01, PNorm = 34.0676, GNorm = 0.3550, lr_0 = 8.5271e-04
Validation auc = 0.849071
Validation mcc = 0.000000
Epoch 4
Loss = 3.3019e-01, PNorm = 34.1237, GNorm = 0.6231, lr_0 = 8.0999e-04
Loss = 4.4732e-01, PNorm = 34.1589, GNorm = 0.2420, lr_0 = 7.6942e-04
Validation auc = 0.852941
Validation mcc = 0.000000
Epoch 5
Loss = 3.7503e-01, PNorm = 34.2041, GNorm = 0.3428, lr_0 = 7.3087e-04
Validation auc = 0.860681
Validation mcc = 0.000000
Epoch 6
Loss = 3.5782e-01, PNorm = 34.2655, GNorm = 0.8171, lr_0 = 6.9069e-04
Loss = 4.0735e-01, PNorm = 34.3219, GNorm = 0.3418, lr_0 = 6.5609e-04
Validation auc = 0.867647
Validation mcc = 0.000000
Epoch 7
Loss = 3.5023e-01, PNorm = 34.3773, GNorm = 0.5206, lr_0 = 6.2322e-04
Loss = 3.9238e-01, PNorm = 34.4393, GNorm = 1.2359, lr_0 = 5.9200e-04
Validation auc = 0.893963
Validation mcc = 0.000000
Epoch 8
Loss = 3.4671e-01, PNorm = 34.4847, GNorm = 0.6812, lr_0 = 5.6234e-04
Validation auc = 0.891641
Validation mcc = 0.257303
Epoch 9
Loss = 3.4459e-01, PNorm = 34.5366, GNorm = 1.2310, lr_0 = 5.3143e-04
Loss = 3.5392e-01, PNorm = 34.5831, GNorm = 0.5743, lr_0 = 5.0481e-04
Validation auc = 0.891641
Validation mcc = 0.000000
Epoch 10
Loss = 3.4550e-01, PNorm = 34.6272, GNorm = 2.9402, lr_0 = 4.7952e-04
Loss = 3.5450e-01, PNorm = 34.6690, GNorm = 1.0260, lr_0 = 4.5549e-04
Validation auc = 0.889319
Validation mcc = 0.181422
Epoch 11
Loss = 3.0665e-01, PNorm = 34.7097, GNorm = 0.5860, lr_0 = 4.3267e-04
Validation auc = 0.889319
Validation mcc = 0.000000
Epoch 12
Loss = 2.4863e-01, PNorm = 34.7561, GNorm = 0.4180, lr_0 = 4.0889e-04
Loss = 3.6130e-01, PNorm = 34.7912, GNorm = 1.2895, lr_0 = 3.8841e-04
Validation auc = 0.866873
Validation mcc = 0.133956
Epoch 13
Loss = 4.0261e-01, PNorm = 34.8012, GNorm = 2.2855, lr_0 = 3.6895e-04
Loss = 3.4009e-01, PNorm = 34.8378, GNorm = 1.4091, lr_0 = 3.5046e-04
Validation auc = 0.863777
Validation mcc = 0.257303
Epoch 14
Loss = 3.0258e-01, PNorm = 34.8629, GNorm = 0.7945, lr_0 = 3.3120e-04
Validation auc = 0.880805
Validation mcc = 0.251783
Epoch 15
Loss = 2.6510e-01, PNorm = 34.8848, GNorm = 0.9600, lr_0 = 3.1461e-04
Loss = 3.0787e-01, PNorm = 34.9101, GNorm = 0.6702, lr_0 = 2.9885e-04
Validation auc = 0.866873
Validation mcc = 0.181422
Epoch 16
Loss = 3.0479e-01, PNorm = 34.9427, GNorm = 1.5878, lr_0 = 2.8387e-04
Loss = 2.6236e-01, PNorm = 34.9678, GNorm = 0.8706, lr_0 = 2.6965e-04
Validation auc = 0.866099
Validation mcc = 0.251783
Epoch 17
Loss = 2.6936e-01, PNorm = 34.9940, GNorm = 1.2440, lr_0 = 2.5483e-04
Validation auc = 0.863003
Validation mcc = 0.343668
Epoch 18
Loss = 3.1747e-01, PNorm = 35.0192, GNorm = 2.7175, lr_0 = 2.4206e-04
Loss = 2.5204e-01, PNorm = 35.0450, GNorm = 1.0930, lr_0 = 2.2994e-04
Validation auc = 0.863003
Validation mcc = 0.251783
Epoch 19
Loss = 2.5822e-01, PNorm = 35.0712, GNorm = 0.8873, lr_0 = 2.1842e-04
Loss = 2.6371e-01, PNorm = 35.0963, GNorm = 1.0066, lr_0 = 2.0747e-04
Validation auc = 0.868421
Validation mcc = 0.315892
Epoch 20
Loss = 2.3753e-01, PNorm = 35.1235, GNorm = 2.9334, lr_0 = 1.9607e-04
Validation auc = 0.869969
Validation mcc = 0.315691
Epoch 21
Loss = 1.7449e-01, PNorm = 35.1427, GNorm = 0.5045, lr_0 = 1.8625e-04
Loss = 2.3613e-01, PNorm = 35.1577, GNorm = 2.3672, lr_0 = 1.7692e-04
Validation auc = 0.851393
Validation mcc = 0.322085
Epoch 22
Loss = 2.2305e-01, PNorm = 35.1762, GNorm = 0.5849, lr_0 = 1.6805e-04
Loss = 2.4022e-01, PNorm = 35.1963, GNorm = 0.7757, lr_0 = 1.5963e-04
Validation auc = 0.861455
Validation mcc = 0.345495
Epoch 23
Loss = 2.5342e-01, PNorm = 35.2129, GNorm = 1.8102, lr_0 = 1.5086e-04
Validation auc = 0.875387
Validation mcc = 0.345495
Epoch 24
Loss = 2.7376e-01, PNorm = 35.2285, GNorm = 0.6937, lr_0 = 1.4330e-04
Loss = 2.1912e-01, PNorm = 35.2444, GNorm = 0.8565, lr_0 = 1.3612e-04
Validation auc = 0.870743
Validation mcc = 0.290725
Epoch 25
Loss = 2.1247e-01, PNorm = 35.2581, GNorm = 2.8825, lr_0 = 1.2930e-04
Loss = 2.2143e-01, PNorm = 35.2737, GNorm = 1.0211, lr_0 = 1.2282e-04
Validation auc = 0.863777
Validation mcc = 0.315892
Epoch 26
Loss = 1.9369e-01, PNorm = 35.2904, GNorm = 1.4000, lr_0 = 1.1607e-04
Validation auc = 0.866099
Validation mcc = 0.397727
Epoch 27
Loss = 1.8218e-01, PNorm = 35.3008, GNorm = 0.9793, lr_0 = 1.1026e-04
Loss = 2.0286e-01, PNorm = 35.3121, GNorm = 1.7499, lr_0 = 1.0473e-04
Validation auc = 0.867647
Validation mcc = 0.315892
Epoch 28
Loss = 1.7777e-01, PNorm = 35.3246, GNorm = 2.7929, lr_0 = 1.0000e-04
Loss = 2.0464e-01, PNorm = 35.3354, GNorm = 1.0176, lr_0 = 1.0000e-04
Validation auc = 0.865325
Validation mcc = 0.315892
Epoch 29
Loss = 1.8047e-01, PNorm = 35.3465, GNorm = 2.0984, lr_0 = 1.0000e-04
Validation auc = 0.872291
Validation mcc = 0.290725
Model 4 best validation auc = 0.893963 on epoch 7
Loading pretrained parameter "encoder.encoder.0.cached_zero_vector".
Loading pretrained parameter "encoder.encoder.0.W_i.weight".
Loading pretrained parameter "encoder.encoder.0.W_h.weight".
Loading pretrained parameter "encoder.encoder.0.W_o.weight".
Loading pretrained parameter "encoder.encoder.0.W_o.bias".
Loading pretrained parameter "ffn.1.weight".
Loading pretrained parameter "ffn.1.bias".
Loading pretrained parameter "ffn.4.weight".
Loading pretrained parameter "ffn.4.bias".
Model 4 provided with no test set, no metric evaluation will be performed.
Building model 5
MoleculeModel(
  (sigmoid): Sigmoid()
  (encoder): MPN(
    (encoder): ModuleList(
      (0): MPNEncoder(
        (dropout_layer): Dropout(p=0.0, inplace=False)
        (act_func): ReLU()
        (W_i): Linear(in_features=147, out_features=300, bias=False)
        (W_h): Linear(in_features=300, out_features=300, bias=False)
        (W_o): Linear(in_features=433, out_features=300, bias=True)
      )
    )
  )
  (ffn): Sequential(
    (0): Dropout(p=0.0, inplace=False)
    (1): Linear(in_features=300, out_features=300, bias=True)
    (2): ReLU()
    (3): Dropout(p=0.0, inplace=False)
    (4): Linear(in_features=300, out_features=1, bias=True)
  )
)
Number of parameters = 355,201
Epoch 0
Loss = 5.2018e-01, PNorm = 34.0046, GNorm = 1.1096, lr_0 = 4.0937e-04
Validation auc = 0.479102
Validation mcc = 0.000000
Epoch 1
Loss = 4.7756e-01, PNorm = 34.0165, GNorm = 0.1954, lr_0 = 7.1875e-04
Loss = 4.3383e-01, PNorm = 34.0411, GNorm = 0.7591, lr_0 = 1.0000e-03
Validation auc = 0.767802
Validation mcc = 0.000000
Epoch 2
Loss = 4.6555e-01, PNorm = 34.0718, GNorm = 0.8585, lr_0 = 9.4990e-04
Validation auc = 0.803406
Validation mcc = 0.000000
Epoch 3
Loss = 3.8488e-01, PNorm = 34.1074, GNorm = 0.1221, lr_0 = 8.9769e-04
Loss = 4.3399e-01, PNorm = 34.1449, GNorm = 0.1406, lr_0 = 8.5271e-04
Validation auc = 0.836687
Validation mcc = 0.000000
Epoch 4
Loss = 3.6246e-01, PNorm = 34.1824, GNorm = 0.2635, lr_0 = 8.0999e-04
Loss = 4.4168e-01, PNorm = 34.2253, GNorm = 0.3656, lr_0 = 7.6942e-04
Validation auc = 0.853715
Validation mcc = 0.000000
Epoch 5
Loss = 4.1775e-01, PNorm = 34.2736, GNorm = 0.3650, lr_0 = 7.3087e-04
Validation auc = 0.847523
Validation mcc = 0.000000
Epoch 6
Loss = 6.3107e-01, PNorm = 34.3321, GNorm = 1.4880, lr_0 = 6.9069e-04
Loss = 3.5725e-01, PNorm = 34.3926, GNorm = 0.1950, lr_0 = 6.5609e-04
Validation auc = 0.873065
Validation mcc = 0.000000
Epoch 7
Loss = 4.0660e-01, PNorm = 34.4319, GNorm = 0.4898, lr_0 = 6.2322e-04
Loss = 3.8345e-01, PNorm = 34.4852, GNorm = 0.2908, lr_0 = 5.9200e-04
Validation auc = 0.867647
Validation mcc = 0.000000
Epoch 8
Loss = 3.9595e-01, PNorm = 34.5304, GNorm = 0.8132, lr_0 = 5.6234e-04
Validation auc = 0.884675
Validation mcc = 0.000000
Epoch 9
Loss = 3.8525e-01, PNorm = 34.5861, GNorm = 0.7225, lr_0 = 5.3143e-04
Loss = 3.4745e-01, PNorm = 34.6343, GNorm = 1.7626, lr_0 = 5.0481e-04
Validation auc = 0.879257
Validation mcc = 0.311119
Epoch 10
Loss = 3.6779e-01, PNorm = 34.6786, GNorm = 0.6863, lr_0 = 4.7952e-04
Loss = 3.2544e-01, PNorm = 34.7289, GNorm = 0.6143, lr_0 = 4.5549e-04
Validation auc = 0.886997
Validation mcc = 0.121670
Epoch 11
Loss = 3.2053e-01, PNorm = 34.7695, GNorm = 1.1627, lr_0 = 4.3267e-04
Validation auc = 0.870743
Validation mcc = 0.267696
Epoch 12
Loss = 2.9355e-01, PNorm = 34.8126, GNorm = 1.1644, lr_0 = 4.0889e-04
Loss = 3.2812e-01, PNorm = 34.8604, GNorm = 0.5155, lr_0 = 3.8841e-04
Validation auc = 0.866099
Validation mcc = 0.315691
Epoch 13
Loss = 3.1357e-01, PNorm = 34.9029, GNorm = 0.5509, lr_0 = 3.6895e-04
Loss = 2.8275e-01, PNorm = 34.9421, GNorm = 1.8743, lr_0 = 3.5046e-04
Validation auc = 0.873065
Validation mcc = 0.438201
Epoch 14
Loss = 2.8701e-01, PNorm = 34.9881, GNorm = 0.7841, lr_0 = 3.3120e-04
Validation auc = 0.852941
Validation mcc = 0.374681
Epoch 15
Loss = 2.8981e-01, PNorm = 35.0229, GNorm = 0.8980, lr_0 = 3.1461e-04
Loss = 2.7446e-01, PNorm = 35.0595, GNorm = 2.3032, lr_0 = 2.9885e-04
Validation auc = 0.850619
Validation mcc = 0.315892
Epoch 16
Loss = 2.5110e-01, PNorm = 35.0970, GNorm = 0.4683, lr_0 = 2.8387e-04
Loss = 2.7939e-01, PNorm = 35.1325, GNorm = 1.9212, lr_0 = 2.6965e-04
Validation auc = 0.847523
Validation mcc = 0.343668
Epoch 17
Loss = 2.4800e-01, PNorm = 35.1661, GNorm = 0.9430, lr_0 = 2.5483e-04
Validation auc = 0.849071
Validation mcc = 0.173991
Epoch 18
Loss = 2.0594e-01, PNorm = 35.1933, GNorm = 1.7304, lr_0 = 2.4206e-04
Loss = 2.7881e-01, PNorm = 35.2166, GNorm = 1.6428, lr_0 = 2.2994e-04
Validation auc = 0.846749
Validation mcc = 0.351002
Epoch 19
Loss = 2.2156e-01, PNorm = 35.2364, GNorm = 0.9997, lr_0 = 2.1842e-04
Loss = 2.4935e-01, PNorm = 35.2564, GNorm = 0.8855, lr_0 = 2.0747e-04
Validation auc = 0.848297
Validation mcc = 0.300402
Epoch 20
Loss = 2.5532e-01, PNorm = 35.2828, GNorm = 1.4217, lr_0 = 1.9607e-04
Validation auc = 0.846749
Validation mcc = 0.374681
Epoch 21
Loss = 2.6790e-01, PNorm = 35.3056, GNorm = 1.6351, lr_0 = 1.8625e-04
Loss = 2.2331e-01, PNorm = 35.3267, GNorm = 0.9992, lr_0 = 1.7692e-04
Validation auc = 0.842879
Validation mcc = 0.352167
Epoch 22
Loss = 2.0439e-01, PNorm = 35.3447, GNorm = 2.2250, lr_0 = 1.6805e-04
Loss = 2.1187e-01, PNorm = 35.3615, GNorm = 2.5261, lr_0 = 1.5963e-04
Validation auc = 0.845975
Validation mcc = 0.340750
Epoch 23
Loss = 2.1343e-01, PNorm = 35.3820, GNorm = 1.4154, lr_0 = 1.5086e-04
Validation auc = 0.845975
Validation mcc = 0.351002
Epoch 24
Loss = 2.6123e-01, PNorm = 35.4001, GNorm = 4.5536, lr_0 = 1.4330e-04
Loss = 2.2568e-01, PNorm = 35.4141, GNorm = 2.1800, lr_0 = 1.3612e-04
Validation auc = 0.847523
Validation mcc = 0.370954
Epoch 25
Loss = 1.6877e-01, PNorm = 35.4264, GNorm = 1.6953, lr_0 = 1.2930e-04
Loss = 2.1411e-01, PNorm = 35.4417, GNorm = 1.2627, lr_0 = 1.2282e-04
Validation auc = 0.847523
Validation mcc = 0.398881
Epoch 26
Loss = 1.9439e-01, PNorm = 35.4547, GNorm = 1.0893, lr_0 = 1.1607e-04
Validation auc = 0.847523
Validation mcc = 0.397727
Epoch 27
Loss = 1.7311e-01, PNorm = 35.4670, GNorm = 1.4522, lr_0 = 1.1026e-04
Loss = 1.8502e-01, PNorm = 35.4793, GNorm = 1.6064, lr_0 = 1.0473e-04
Validation auc = 0.854489
Validation mcc = 0.312362
Epoch 28
Loss = 1.8045e-01, PNorm = 35.4933, GNorm = 2.8784, lr_0 = 1.0000e-04
Loss = 1.9255e-01, PNorm = 35.5020, GNorm = 1.8917, lr_0 = 1.0000e-04
Validation auc = 0.847523
Validation mcc = 0.331647
Epoch 29
Loss = 1.8641e-01, PNorm = 35.5148, GNorm = 2.7445, lr_0 = 1.0000e-04
Validation auc = 0.845201
Validation mcc = 0.276888
Model 5 best validation auc = 0.886997 on epoch 10
Loading pretrained parameter "encoder.encoder.0.cached_zero_vector".
Loading pretrained parameter "encoder.encoder.0.W_i.weight".
Loading pretrained parameter "encoder.encoder.0.W_h.weight".
Loading pretrained parameter "encoder.encoder.0.W_o.weight".
Loading pretrained parameter "encoder.encoder.0.W_o.bias".
Loading pretrained parameter "ffn.1.weight".
Loading pretrained parameter "ffn.1.bias".
Loading pretrained parameter "ffn.4.weight".
Loading pretrained parameter "ffn.4.bias".
Model 5 provided with no test set, no metric evaluation will be performed.
Building model 6
MoleculeModel(
  (sigmoid): Sigmoid()
  (encoder): MPN(
    (encoder): ModuleList(
      (0): MPNEncoder(
        (dropout_layer): Dropout(p=0.0, inplace=False)
        (act_func): ReLU()
        (W_i): Linear(in_features=147, out_features=300, bias=False)
        (W_h): Linear(in_features=300, out_features=300, bias=False)
        (W_o): Linear(in_features=433, out_features=300, bias=True)
      )
    )
  )
  (ffn): Sequential(
    (0): Dropout(p=0.0, inplace=False)
    (1): Linear(in_features=300, out_features=300, bias=True)
    (2): ReLU()
    (3): Dropout(p=0.0, inplace=False)
    (4): Linear(in_features=300, out_features=1, bias=True)
  )
)
Number of parameters = 355,201
Epoch 0
Loss = 5.6131e-01, PNorm = 33.9104, GNorm = 0.9163, lr_0 = 4.0937e-04
Validation auc = 0.409443
Validation mcc = 0.000000
Epoch 1
Loss = 4.6692e-01, PNorm = 33.9227, GNorm = 0.8668, lr_0 = 7.1875e-04
Loss = 4.3696e-01, PNorm = 33.9492, GNorm = 0.2314, lr_0 = 1.0000e-03
Validation auc = 0.766254
Validation mcc = 0.000000
Epoch 2
Loss = 3.9768e-01, PNorm = 33.9886, GNorm = 0.4647, lr_0 = 9.4990e-04
Validation auc = 0.827399
Validation mcc = 0.000000
Epoch 3
Loss = 4.6934e-01, PNorm = 34.0375, GNorm = 0.8840, lr_0 = 8.9769e-04
Loss = 4.2191e-01, PNorm = 34.0807, GNorm = 0.7744, lr_0 = 8.5271e-04
Validation auc = 0.829721
Validation mcc = 0.000000
Epoch 4
Loss = 4.8363e-01, PNorm = 34.1133, GNorm = 0.4897, lr_0 = 8.0999e-04
Loss = 4.0748e-01, PNorm = 34.1671, GNorm = 0.3181, lr_0 = 7.6942e-04
Validation auc = 0.846749
Validation mcc = 0.000000
Epoch 5
Loss = 3.7661e-01, PNorm = 34.2108, GNorm = 0.2859, lr_0 = 7.3087e-04
Validation auc = 0.856811
Validation mcc = 0.000000
Epoch 6
Loss = 4.1221e-01, PNorm = 34.2764, GNorm = 0.3483, lr_0 = 6.9069e-04
Loss = 3.3248e-01, PNorm = 34.3381, GNorm = 0.4600, lr_0 = 6.5609e-04
Validation auc = 0.862229
Validation mcc = 0.313456
Epoch 7
Loss = 3.6425e-01, PNorm = 34.3995, GNorm = 1.1695, lr_0 = 6.2322e-04
Loss = 4.1084e-01, PNorm = 34.4398, GNorm = 0.7194, lr_0 = 5.9200e-04
Validation auc = 0.878483
Validation mcc = 0.000000
Epoch 8
Loss = 3.9454e-01, PNorm = 34.4807, GNorm = 0.3783, lr_0 = 5.6234e-04
Validation auc = 0.880805
Validation mcc = 0.000000
Epoch 9
Loss = 3.6400e-01, PNorm = 34.5365, GNorm = 0.4353, lr_0 = 5.3143e-04
Loss = 3.2769e-01, PNorm = 34.5860, GNorm = 0.3452, lr_0 = 5.0481e-04
Validation auc = 0.877709
Validation mcc = 0.251783
Epoch 10
Loss = 3.5311e-01, PNorm = 34.6275, GNorm = 0.3677, lr_0 = 4.7952e-04
Loss = 3.4689e-01, PNorm = 34.6636, GNorm = 0.4373, lr_0 = 4.5549e-04
Validation auc = 0.866099
Validation mcc = 0.000000
Epoch 11
Loss = 3.2106e-01, PNorm = 34.7150, GNorm = 0.6294, lr_0 = 4.3267e-04
Validation auc = 0.872291
Validation mcc = -0.049309
Epoch 12
Loss = 3.2154e-01, PNorm = 34.7623, GNorm = 0.6209, lr_0 = 4.0889e-04
Loss = 3.1886e-01, PNorm = 34.8060, GNorm = 1.4298, lr_0 = 3.8841e-04
Validation auc = 0.853715
Validation mcc = 0.351002
Epoch 13
Loss = 2.7654e-01, PNorm = 34.8550, GNorm = 1.4112, lr_0 = 3.6895e-04
Loss = 3.0416e-01, PNorm = 34.8983, GNorm = 0.7458, lr_0 = 3.5046e-04
Validation auc = 0.838235
Validation mcc = -0.049309
Epoch 14
Loss = 3.1136e-01, PNorm = 34.9328, GNorm = 1.1344, lr_0 = 3.3120e-04
Validation auc = 0.844427
Validation mcc = 0.290725
Epoch 15
Loss = 2.3539e-01, PNorm = 34.9711, GNorm = 1.4189, lr_0 = 3.1461e-04
Loss = 2.8819e-01, PNorm = 35.0010, GNorm = 1.2646, lr_0 = 2.9885e-04
Validation auc = 0.823529
Validation mcc = -0.010959
Epoch 16
Loss = 2.2577e-01, PNorm = 35.0341, GNorm = 1.4698, lr_0 = 2.8387e-04
Loss = 2.8440e-01, PNorm = 35.0630, GNorm = 2.9670, lr_0 = 2.6965e-04
Validation auc = 0.861455
Validation mcc = 0.340750
Epoch 17
Loss = 2.9092e-01, PNorm = 35.0900, GNorm = 1.5728, lr_0 = 2.5483e-04
Validation auc = 0.842879
Validation mcc = 0.286874
Epoch 18
Loss = 3.1605e-01, PNorm = 35.1177, GNorm = 2.3133, lr_0 = 2.4206e-04
Loss = 2.5022e-01, PNorm = 35.1437, GNorm = 0.5749, lr_0 = 2.2994e-04
Validation auc = 0.843653
Validation mcc = 0.261229
Epoch 19
Loss = 2.4665e-01, PNorm = 35.1653, GNorm = 1.4686, lr_0 = 2.1842e-04
Loss = 2.3429e-01, PNorm = 35.1893, GNorm = 2.5313, lr_0 = 2.0747e-04
Validation auc = 0.842879
Validation mcc = 0.267696
Epoch 20
Loss = 2.2551e-01, PNorm = 35.2149, GNorm = 0.9405, lr_0 = 1.9607e-04
Validation auc = 0.838235
Validation mcc = 0.315892
Epoch 21
Loss = 1.6829e-01, PNorm = 35.2345, GNorm = 1.8177, lr_0 = 1.8625e-04
Loss = 2.1046e-01, PNorm = 35.2561, GNorm = 4.7477, lr_0 = 1.7692e-04
Validation auc = 0.840557
Validation mcc = 0.280186
Epoch 22
Loss = 2.7943e-01, PNorm = 35.2742, GNorm = 3.2760, lr_0 = 1.6805e-04
Loss = 1.9868e-01, PNorm = 35.2932, GNorm = 1.9840, lr_0 = 1.5963e-04
Validation auc = 0.832817
Validation mcc = 0.290725
Epoch 23
Loss = 1.8491e-01, PNorm = 35.3122, GNorm = 1.0535, lr_0 = 1.5086e-04
Validation auc = 0.843653
Validation mcc = 0.280186
Epoch 24
Loss = 2.2782e-01, PNorm = 35.3272, GNorm = 0.7771, lr_0 = 1.4330e-04
Loss = 2.2507e-01, PNorm = 35.3408, GNorm = 2.5429, lr_0 = 1.3612e-04
Validation auc = 0.842879
Validation mcc = 0.343668
Epoch 25
Loss = 1.7638e-01, PNorm = 35.3575, GNorm = 1.0269, lr_0 = 1.2930e-04
Loss = 2.1348e-01, PNorm = 35.3739, GNorm = 0.9946, lr_0 = 1.2282e-04
Validation auc = 0.836687
Validation mcc = 0.251783
Epoch 26
Loss = 1.7555e-01, PNorm = 35.3879, GNorm = 3.1971, lr_0 = 1.1607e-04
Validation auc = 0.849845
Validation mcc = 0.402316
Epoch 27
Loss = 2.5775e-01, PNorm = 35.3975, GNorm = 5.8268, lr_0 = 1.1026e-04
Loss = 2.1881e-01, PNorm = 35.4105, GNorm = 1.5008, lr_0 = 1.0473e-04
Validation auc = 0.845201
Validation mcc = 0.322085
Epoch 28
Loss = 2.0023e-01, PNorm = 35.4236, GNorm = 3.7773, lr_0 = 1.0000e-04
Loss = 1.8900e-01, PNorm = 35.4315, GNorm = 2.3238, lr_0 = 1.0000e-04
Validation auc = 0.845201
Validation mcc = 0.345495
Epoch 29
Loss = 1.5419e-01, PNorm = 35.4431, GNorm = 1.9579, lr_0 = 1.0000e-04
Validation auc = 0.845975
Validation mcc = 0.361867
Model 6 best validation auc = 0.880805 on epoch 8
Loading pretrained parameter "encoder.encoder.0.cached_zero_vector".
Loading pretrained parameter "encoder.encoder.0.W_i.weight".
Loading pretrained parameter "encoder.encoder.0.W_h.weight".
Loading pretrained parameter "encoder.encoder.0.W_o.weight".
Loading pretrained parameter "encoder.encoder.0.W_o.bias".
Loading pretrained parameter "ffn.1.weight".
Loading pretrained parameter "ffn.1.bias".
Loading pretrained parameter "ffn.4.weight".
Loading pretrained parameter "ffn.4.bias".
Model 6 provided with no test set, no metric evaluation will be performed.
Building model 7
MoleculeModel(
  (sigmoid): Sigmoid()
  (encoder): MPN(
    (encoder): ModuleList(
      (0): MPNEncoder(
        (dropout_layer): Dropout(p=0.0, inplace=False)
        (act_func): ReLU()
        (W_i): Linear(in_features=147, out_features=300, bias=False)
        (W_h): Linear(in_features=300, out_features=300, bias=False)
        (W_o): Linear(in_features=433, out_features=300, bias=True)
      )
    )
  )
  (ffn): Sequential(
    (0): Dropout(p=0.0, inplace=False)
    (1): Linear(in_features=300, out_features=300, bias=True)
    (2): ReLU()
    (3): Dropout(p=0.0, inplace=False)
    (4): Linear(in_features=300, out_features=1, bias=True)
  )
)
Number of parameters = 355,201
Epoch 0
Loss = 5.5732e-01, PNorm = 33.9714, GNorm = 1.2967, lr_0 = 4.0937e-04
Validation auc = 0.340557
Validation mcc = 0.000000
Epoch 1
Loss = 4.7997e-01, PNorm = 33.9835, GNorm = 0.3066, lr_0 = 7.1875e-04
Loss = 4.3511e-01, PNorm = 34.0121, GNorm = 0.1787, lr_0 = 1.0000e-03
Validation auc = 0.667183
Validation mcc = 0.000000
Epoch 2
Loss = 4.5441e-01, PNorm = 34.0489, GNorm = 0.5321, lr_0 = 9.4990e-04
Validation auc = 0.787152
Validation mcc = 0.000000
Epoch 3
Loss = 4.2020e-01, PNorm = 34.0991, GNorm = 0.3157, lr_0 = 8.9769e-04
Loss = 4.3316e-01, PNorm = 34.1409, GNorm = 0.6402, lr_0 = 8.5271e-04
Validation auc = 0.819659
Validation mcc = 0.000000
Epoch 4
Loss = 3.9413e-01, PNorm = 34.2004, GNorm = 0.5395, lr_0 = 8.0999e-04
Loss = 4.1060e-01, PNorm = 34.2582, GNorm = 0.8695, lr_0 = 7.6942e-04
Validation auc = 0.839009
Validation mcc = 0.000000
Epoch 5
Loss = 4.0906e-01, PNorm = 34.3076, GNorm = 0.7178, lr_0 = 7.3087e-04
Validation auc = 0.844427
Validation mcc = 0.000000
Epoch 6
Loss = 3.9303e-01, PNorm = 34.3652, GNorm = 0.4406, lr_0 = 6.9069e-04
Loss = 3.8222e-01, PNorm = 34.4175, GNorm = 1.1428, lr_0 = 6.5609e-04
Validation auc = 0.851393
Validation mcc = 0.000000
Epoch 7
Loss = 3.8086e-01, PNorm = 34.4772, GNorm = 0.4324, lr_0 = 6.2322e-04
Loss = 3.5342e-01, PNorm = 34.5380, GNorm = 0.8910, lr_0 = 5.9200e-04
Validation auc = 0.866099
Validation mcc = 0.000000
Epoch 8
Loss = 3.5984e-01, PNorm = 34.5903, GNorm = 0.4837, lr_0 = 5.6234e-04
Validation auc = 0.851393
Validation mcc = 0.000000
Epoch 9
Loss = 5.1460e-01, PNorm = 34.6458, GNorm = 2.2317, lr_0 = 5.3143e-04
Loss = 3.5106e-01, PNorm = 34.6958, GNorm = 0.4928, lr_0 = 5.0481e-04
Validation auc = 0.859133
Validation mcc = 0.000000
Epoch 10
Loss = 3.6496e-01, PNorm = 34.7398, GNorm = 0.5035, lr_0 = 4.7952e-04
Loss = 3.2695e-01, PNorm = 34.7917, GNorm = 0.9706, lr_0 = 4.5549e-04
Validation auc = 0.875387
Validation mcc = 0.228571
Epoch 11
Loss = 3.2823e-01, PNorm = 34.8474, GNorm = 1.8794, lr_0 = 4.3267e-04
Validation auc = 0.845975
Validation mcc = 0.000000
Epoch 12
Loss = 4.7756e-01, PNorm = 34.9116, GNorm = 4.0057, lr_0 = 4.0889e-04
Loss = 3.4434e-01, PNorm = 34.9533, GNorm = 1.1017, lr_0 = 3.8841e-04
Validation auc = 0.839783
Validation mcc = -0.049309
Epoch 13
Loss = 3.6116e-01, PNorm = 34.9946, GNorm = 0.9176, lr_0 = 3.6895e-04
Loss = 2.5592e-01, PNorm = 35.0409, GNorm = 0.5192, lr_0 = 3.5046e-04
Validation auc = 0.838235
Validation mcc = 0.290725
Epoch 14
Loss = 3.0295e-01, PNorm = 35.0820, GNorm = 1.8833, lr_0 = 3.3120e-04
Validation auc = 0.849845
Validation mcc = 0.251783
Epoch 15
Loss = 2.3422e-01, PNorm = 35.1246, GNorm = 1.2640, lr_0 = 3.1461e-04
Loss = 2.8404e-01, PNorm = 35.1577, GNorm = 1.9259, lr_0 = 2.9885e-04
Validation auc = 0.845975
Validation mcc = 0.315892
Epoch 16
Loss = 2.8225e-01, PNorm = 35.1938, GNorm = 1.6514, lr_0 = 2.8387e-04
Loss = 2.6042e-01, PNorm = 35.2252, GNorm = 2.1847, lr_0 = 2.6965e-04
Validation auc = 0.839783
Validation mcc = -0.070115
Epoch 17
Loss = 2.4636e-01, PNorm = 35.2560, GNorm = 1.3015, lr_0 = 2.5483e-04
Validation auc = 0.845975
Validation mcc = 0.331647
Epoch 18
Loss = 2.1561e-01, PNorm = 35.2895, GNorm = 1.0534, lr_0 = 2.4206e-04
Loss = 2.3209e-01, PNorm = 35.3226, GNorm = 3.0816, lr_0 = 2.2994e-04
Validation auc = 0.823529
Validation mcc = 0.351002
Epoch 19
Loss = 2.8278e-01, PNorm = 35.3488, GNorm = 7.2164, lr_0 = 2.1842e-04
Loss = 2.5533e-01, PNorm = 35.3747, GNorm = 1.9575, lr_0 = 2.0747e-04
Validation auc = 0.842879
Validation mcc = 0.409966
Epoch 20
Loss = 2.4691e-01, PNorm = 35.3951, GNorm = 0.6436, lr_0 = 1.9607e-04
Validation auc = 0.852167
Validation mcc = 0.315892
Epoch 21
Loss = 2.3182e-01, PNorm = 35.4176, GNorm = 1.0786, lr_0 = 1.8625e-04
Loss = 2.1663e-01, PNorm = 35.4388, GNorm = 0.9282, lr_0 = 1.7692e-04
Validation auc = 0.852167
Validation mcc = 0.374115
Epoch 22
Loss = 1.9522e-01, PNorm = 35.4615, GNorm = 5.8084, lr_0 = 1.6805e-04
Loss = 2.2245e-01, PNorm = 35.4786, GNorm = 0.7260, lr_0 = 1.5963e-04
Validation auc = 0.849845
Validation mcc = 0.374115
Epoch 23
Loss = 1.9867e-01, PNorm = 35.4984, GNorm = 1.3142, lr_0 = 1.5086e-04
Validation auc = 0.842105
Validation mcc = 0.331647
Epoch 24
Loss = 1.6797e-01, PNorm = 35.5122, GNorm = 1.5965, lr_0 = 1.4330e-04
Loss = 2.0375e-01, PNorm = 35.5236, GNorm = 5.0239, lr_0 = 1.3612e-04
Validation auc = 0.841331
Validation mcc = 0.343668
Epoch 25
Loss = 2.0896e-01, PNorm = 35.5411, GNorm = 1.2246, lr_0 = 1.2930e-04
Loss = 1.8697e-01, PNorm = 35.5556, GNorm = 1.7438, lr_0 = 1.2282e-04
Validation auc = 0.845975
Validation mcc = 0.343668
Epoch 26
Loss = 1.8295e-01, PNorm = 35.5692, GNorm = 1.1822, lr_0 = 1.1607e-04
Validation auc = 0.842879
Validation mcc = 0.423294
Epoch 27
Loss = 1.9045e-01, PNorm = 35.5829, GNorm = 2.5922, lr_0 = 1.1026e-04
Loss = 1.7578e-01, PNorm = 35.5969, GNorm = 0.7879, lr_0 = 1.0473e-04
Validation auc = 0.845975
Validation mcc = 0.397727
Epoch 28
Loss = 1.8866e-01, PNorm = 35.6078, GNorm = 3.0991, lr_0 = 1.0000e-04
Loss = 1.9402e-01, PNorm = 35.6196, GNorm = 2.9883, lr_0 = 1.0000e-04
Validation auc = 0.844427
Validation mcc = 0.423294
Epoch 29
Loss = 1.7007e-01, PNorm = 35.6320, GNorm = 2.8546, lr_0 = 1.0000e-04
Validation auc = 0.846749
Validation mcc = 0.481869
Model 7 best validation auc = 0.875387 on epoch 10
Loading pretrained parameter "encoder.encoder.0.cached_zero_vector".
Loading pretrained parameter "encoder.encoder.0.W_i.weight".
Loading pretrained parameter "encoder.encoder.0.W_h.weight".
Loading pretrained parameter "encoder.encoder.0.W_o.weight".
Loading pretrained parameter "encoder.encoder.0.W_o.bias".
Loading pretrained parameter "ffn.1.weight".
Loading pretrained parameter "ffn.1.bias".
Loading pretrained parameter "ffn.4.weight".
Loading pretrained parameter "ffn.4.bias".
Model 7 provided with no test set, no metric evaluation will be performed.
Building model 8
MoleculeModel(
  (sigmoid): Sigmoid()
  (encoder): MPN(
    (encoder): ModuleList(
      (0): MPNEncoder(
        (dropout_layer): Dropout(p=0.0, inplace=False)
        (act_func): ReLU()
        (W_i): Linear(in_features=147, out_features=300, bias=False)
        (W_h): Linear(in_features=300, out_features=300, bias=False)
        (W_o): Linear(in_features=433, out_features=300, bias=True)
      )
    )
  )
  (ffn): Sequential(
    (0): Dropout(p=0.0, inplace=False)
    (1): Linear(in_features=300, out_features=300, bias=True)
    (2): ReLU()
    (3): Dropout(p=0.0, inplace=False)
    (4): Linear(in_features=300, out_features=1, bias=True)
  )
)
Number of parameters = 355,201
Epoch 0
Loss = 5.7209e-01, PNorm = 33.9501, GNorm = 0.6456, lr_0 = 4.0937e-04
Validation auc = 0.340557
Validation mcc = 0.000000
Epoch 1
Loss = 4.6092e-01, PNorm = 33.9664, GNorm = 0.1429, lr_0 = 7.1875e-04
Loss = 4.2856e-01, PNorm = 33.9985, GNorm = 0.2651, lr_0 = 1.0000e-03
Validation auc = 0.777864
Validation mcc = 0.000000
Epoch 2
Loss = 4.6032e-01, PNorm = 34.0466, GNorm = 0.9934, lr_0 = 9.4990e-04
Validation auc = 0.792570
Validation mcc = 0.000000
Epoch 3
Loss = 6.2087e-01, PNorm = 34.1016, GNorm = 2.3270, lr_0 = 8.9769e-04
Loss = 4.2533e-01, PNorm = 34.1497, GNorm = 0.6757, lr_0 = 8.5271e-04
Validation auc = 0.843653
Validation mcc = 0.000000
Epoch 4
Loss = 4.3707e-01, PNorm = 34.1921, GNorm = 0.4637, lr_0 = 8.0999e-04
Loss = 4.0328e-01, PNorm = 34.2468, GNorm = 0.4493, lr_0 = 7.6942e-04
Validation auc = 0.852167
Validation mcc = 0.000000
Epoch 5
Loss = 3.9157e-01, PNorm = 34.2998, GNorm = 0.2718, lr_0 = 7.3087e-04
Validation auc = 0.843653
Validation mcc = 0.313456
Epoch 6
Loss = 4.7290e-01, PNorm = 34.3666, GNorm = 0.5326, lr_0 = 6.9069e-04
Loss = 3.4357e-01, PNorm = 34.4302, GNorm = 0.3267, lr_0 = 6.5609e-04
Validation auc = 0.884675
Validation mcc = 0.000000
Epoch 7
Loss = 3.8041e-01, PNorm = 34.4823, GNorm = 0.8651, lr_0 = 6.2322e-04
Loss = 3.5458e-01, PNorm = 34.5400, GNorm = 1.0323, lr_0 = 5.9200e-04
Validation auc = 0.873839
Validation mcc = 0.386031
Epoch 8
Loss = 3.7934e-01, PNorm = 34.5892, GNorm = 1.6758, lr_0 = 5.6234e-04
Validation auc = 0.876161
Validation mcc = 0.000000
Epoch 9
Loss = 3.5330e-01, PNorm = 34.6380, GNorm = 0.3756, lr_0 = 5.3143e-04
Loss = 3.4192e-01, PNorm = 34.6920, GNorm = 1.6665, lr_0 = 5.0481e-04
Validation auc = 0.856811
Validation mcc = 0.284873
Epoch 10
Loss = 3.3987e-01, PNorm = 34.7358, GNorm = 0.6797, lr_0 = 4.7952e-04
Loss = 3.1464e-01, PNorm = 34.7736, GNorm = 1.1264, lr_0 = 4.5549e-04
Validation auc = 0.863777
Validation mcc = 0.352167
Epoch 11
Loss = 3.3357e-01, PNorm = 34.8220, GNorm = 1.4658, lr_0 = 4.3267e-04
Validation auc = 0.870743
Validation mcc = 0.000000
Epoch 12
Loss = 2.6349e-01, PNorm = 34.8712, GNorm = 0.7113, lr_0 = 4.0889e-04
Loss = 3.1535e-01, PNorm = 34.9044, GNorm = 1.0459, lr_0 = 3.8841e-04
Validation auc = 0.847523
Validation mcc = 0.374681
Epoch 13
Loss = 2.5881e-01, PNorm = 34.9491, GNorm = 0.6027, lr_0 = 3.6895e-04
Loss = 3.0262e-01, PNorm = 34.9934, GNorm = 0.6926, lr_0 = 3.5046e-04
Validation auc = 0.861455
Validation mcc = 0.315691
Epoch 14
Loss = 2.9541e-01, PNorm = 35.0287, GNorm = 1.8882, lr_0 = 3.3120e-04
Validation auc = 0.850619
Validation mcc = 0.290725
Epoch 15
Loss = 2.7580e-01, PNorm = 35.0684, GNorm = 0.8302, lr_0 = 3.1461e-04
Loss = 2.7905e-01, PNorm = 35.1057, GNorm = 2.7683, lr_0 = 2.9885e-04
Validation auc = 0.841331
Validation mcc = 0.328774
Epoch 16
Loss = 2.9811e-01, PNorm = 35.1387, GNorm = 0.8397, lr_0 = 2.8387e-04
Loss = 2.4139e-01, PNorm = 35.1718, GNorm = 1.2530, lr_0 = 2.6965e-04
Validation auc = 0.847523
Validation mcc = 0.290725
Epoch 17
Loss = 2.3185e-01, PNorm = 35.2061, GNorm = 2.3669, lr_0 = 2.5483e-04
Validation auc = 0.845975
Validation mcc = 0.343668
Epoch 18
Loss = 3.0058e-01, PNorm = 35.2345, GNorm = 3.4728, lr_0 = 2.4206e-04
Loss = 2.6095e-01, PNorm = 35.2606, GNorm = 1.0416, lr_0 = 2.2994e-04
Validation auc = 0.846749
Validation mcc = 0.374681
Epoch 19
Loss = 2.1178e-01, PNorm = 35.2859, GNorm = 0.9218, lr_0 = 2.1842e-04
Loss = 2.3654e-01, PNorm = 35.3113, GNorm = 4.0134, lr_0 = 2.0747e-04
Validation auc = 0.845975
Validation mcc = 0.429580
Epoch 20
Loss = 2.4979e-01, PNorm = 35.3317, GNorm = 1.1975, lr_0 = 1.9607e-04
Validation auc = 0.842105
Validation mcc = 0.374681
Epoch 21
Loss = 2.1420e-01, PNorm = 35.3560, GNorm = 0.9825, lr_0 = 1.8625e-04
Loss = 2.2313e-01, PNorm = 35.3729, GNorm = 2.2635, lr_0 = 1.7692e-04
Validation auc = 0.847523
Validation mcc = 0.370954
Epoch 22
Loss = 2.3921e-01, PNorm = 35.3931, GNorm = 1.1947, lr_0 = 1.6805e-04
Loss = 2.0960e-01, PNorm = 35.4107, GNorm = 1.3320, lr_0 = 1.5963e-04
Validation auc = 0.841331
Validation mcc = 0.345495
Epoch 23
Loss = 1.9247e-01, PNorm = 35.4289, GNorm = 1.3927, lr_0 = 1.5086e-04
Validation auc = 0.844427
Validation mcc = 0.322085
Epoch 24
Loss = 1.9154e-01, PNorm = 35.4456, GNorm = 0.5881, lr_0 = 1.4330e-04
Loss = 1.8486e-01, PNorm = 35.4621, GNorm = 0.6349, lr_0 = 1.3612e-04
Validation auc = 0.843653
Validation mcc = 0.356714
Epoch 25
Loss = 2.0167e-01, PNorm = 35.4745, GNorm = 5.0392, lr_0 = 1.2930e-04
Loss = 2.1320e-01, PNorm = 35.4850, GNorm = 2.7650, lr_0 = 1.2282e-04
Validation auc = 0.844427
Validation mcc = 0.420449
Epoch 26
Loss = 1.9436e-01, PNorm = 35.4989, GNorm = 1.9241, lr_0 = 1.1607e-04
Validation auc = 0.843653
Validation mcc = 0.397727
Epoch 27
Loss = 2.2498e-01, PNorm = 35.5086, GNorm = 1.9199, lr_0 = 1.1026e-04
Loss = 1.8018e-01, PNorm = 35.5199, GNorm = 2.1956, lr_0 = 1.0473e-04
Validation auc = 0.847523
Validation mcc = 0.374115
Epoch 28
Loss = 1.8077e-01, PNorm = 35.5315, GNorm = 0.8812, lr_0 = 1.0000e-04
Loss = 1.9343e-01, PNorm = 35.5402, GNorm = 2.0013, lr_0 = 1.0000e-04
Validation auc = 0.838235
Validation mcc = 0.370954
Epoch 29
Loss = 1.6643e-01, PNorm = 35.5524, GNorm = 2.4992, lr_0 = 1.0000e-04
Validation auc = 0.846749
Validation mcc = 0.381364
Model 8 best validation auc = 0.884675 on epoch 6
Loading pretrained parameter "encoder.encoder.0.cached_zero_vector".
Loading pretrained parameter "encoder.encoder.0.W_i.weight".
Loading pretrained parameter "encoder.encoder.0.W_h.weight".
Loading pretrained parameter "encoder.encoder.0.W_o.weight".
Loading pretrained parameter "encoder.encoder.0.W_o.bias".
Loading pretrained parameter "ffn.1.weight".
Loading pretrained parameter "ffn.1.bias".
Loading pretrained parameter "ffn.4.weight".
Loading pretrained parameter "ffn.4.bias".
Model 8 provided with no test set, no metric evaluation will be performed.
Building model 9
MoleculeModel(
  (sigmoid): Sigmoid()
  (encoder): MPN(
    (encoder): ModuleList(
      (0): MPNEncoder(
        (dropout_layer): Dropout(p=0.0, inplace=False)
        (act_func): ReLU()
        (W_i): Linear(in_features=147, out_features=300, bias=False)
        (W_h): Linear(in_features=300, out_features=300, bias=False)
        (W_o): Linear(in_features=433, out_features=300, bias=True)
      )
    )
  )
  (ffn): Sequential(
    (0): Dropout(p=0.0, inplace=False)
    (1): Linear(in_features=300, out_features=300, bias=True)
    (2): ReLU()
    (3): Dropout(p=0.0, inplace=False)
    (4): Linear(in_features=300, out_features=1, bias=True)
  )
)
Number of parameters = 355,201
Epoch 0
Loss = 5.0728e-01, PNorm = 34.0227, GNorm = 1.9169, lr_0 = 4.0937e-04
Validation auc = 0.492260
Validation mcc = 0.000000
Epoch 1
Loss = 4.4961e-01, PNorm = 34.0358, GNorm = 0.3891, lr_0 = 7.1875e-04
Loss = 4.4217e-01, PNorm = 34.0646, GNorm = 0.2784, lr_0 = 1.0000e-03
Validation auc = 0.724458
Validation mcc = 0.000000
Epoch 2
Loss = 4.1404e-01, PNorm = 34.1061, GNorm = 0.8341, lr_0 = 9.4990e-04
Validation auc = 0.806502
Validation mcc = 0.000000
Epoch 3
Loss = 4.8582e-01, PNorm = 34.1612, GNorm = 0.2965, lr_0 = 8.9769e-04
Loss = 4.0660e-01, PNorm = 34.2180, GNorm = 1.2254, lr_0 = 8.5271e-04
Validation auc = 0.825851
Validation mcc = 0.000000
Epoch 4
Loss = 3.8211e-01, PNorm = 34.2718, GNorm = 0.3308, lr_0 = 8.0999e-04
Loss = 4.0055e-01, PNorm = 34.3291, GNorm = 0.2358, lr_0 = 7.6942e-04
Validation auc = 0.852167
Validation mcc = 0.000000
Epoch 5
Loss = 3.9789e-01, PNorm = 34.3766, GNorm = 0.2162, lr_0 = 7.3087e-04
Validation auc = 0.859907
Validation mcc = 0.000000
Epoch 6
Loss = 3.5690e-01, PNorm = 34.4354, GNorm = 0.2485, lr_0 = 6.9069e-04
Loss = 3.8970e-01, PNorm = 34.4962, GNorm = 1.1055, lr_0 = 6.5609e-04
Validation auc = 0.876161
Validation mcc = 0.000000
Epoch 7
Loss = 3.9745e-01, PNorm = 34.5509, GNorm = 0.3251, lr_0 = 6.2322e-04
Loss = 3.5475e-01, PNorm = 34.6083, GNorm = 0.8106, lr_0 = 5.9200e-04
Validation auc = 0.879257
Validation mcc = 0.220439
Epoch 8
Loss = 3.4575e-01, PNorm = 34.6676, GNorm = 0.5296, lr_0 = 5.6234e-04
Validation auc = 0.869195
Validation mcc = 0.215530
Epoch 9
Loss = 2.5263e-01, PNorm = 34.7310, GNorm = 2.4123, lr_0 = 5.3143e-04
Loss = 3.2951e-01, PNorm = 34.7834, GNorm = 0.7291, lr_0 = 5.0481e-04
Validation auc = 0.865325
Validation mcc = 0.036862
Epoch 10
Loss = 3.0674e-01, PNorm = 34.8368, GNorm = 0.9347, lr_0 = 4.7952e-04
Loss = 2.8983e-01, PNorm = 34.8955, GNorm = 1.7103, lr_0 = 4.5549e-04
Validation auc = 0.848297
Validation mcc = 0.351002
Epoch 11
Loss = 3.9669e-01, PNorm = 34.9396, GNorm = 5.3861, lr_0 = 4.3267e-04
Validation auc = 0.843653
Validation mcc = -0.070115
Epoch 12
Loss = 1.9031e-01, PNorm = 34.9763, GNorm = 1.2252, lr_0 = 4.0889e-04
Loss = 3.1350e-01, PNorm = 35.0098, GNorm = 0.5609, lr_0 = 3.8841e-04
Validation auc = 0.868421
Validation mcc = 0.311119
Epoch 13
Loss = 2.7924e-01, PNorm = 35.0460, GNorm = 0.6254, lr_0 = 3.6895e-04
Loss = 2.8711e-01, PNorm = 35.0804, GNorm = 1.1368, lr_0 = 3.5046e-04
Validation auc = 0.850619
Validation mcc = 0.343668
Epoch 14
Loss = 2.6012e-01, PNorm = 35.1232, GNorm = 0.9700, lr_0 = 3.3120e-04
Validation auc = 0.841331
Validation mcc = 0.300402
Epoch 15
Loss = 3.1214e-01, PNorm = 35.1579, GNorm = 1.4474, lr_0 = 3.1461e-04
Loss = 2.4792e-01, PNorm = 35.1911, GNorm = 0.4385, lr_0 = 2.9885e-04
Validation auc = 0.852167
Validation mcc = 0.290725
Epoch 16
Loss = 2.6015e-01, PNorm = 35.2267, GNorm = 1.9328, lr_0 = 2.8387e-04
Loss = 2.6929e-01, PNorm = 35.2552, GNorm = 3.6593, lr_0 = 2.6965e-04
Validation auc = 0.835139
Validation mcc = 0.215530
Epoch 17
Loss = 2.4910e-01, PNorm = 35.2880, GNorm = 0.6541, lr_0 = 2.5483e-04
Validation auc = 0.835913
Validation mcc = 0.322085
Epoch 18
Loss = 2.1023e-01, PNorm = 35.3145, GNorm = 2.4027, lr_0 = 2.4206e-04
Loss = 2.2310e-01, PNorm = 35.3411, GNorm = 2.2521, lr_0 = 2.2994e-04
Validation auc = 0.837461
Validation mcc = 0.381364
Epoch 19
Loss = 2.4336e-01, PNorm = 35.3677, GNorm = 3.5802, lr_0 = 2.1842e-04
Loss = 2.2776e-01, PNorm = 35.3921, GNorm = 3.6630, lr_0 = 2.0747e-04
Validation auc = 0.839009
Validation mcc = 0.356869
Epoch 20
Loss = 2.3544e-01, PNorm = 35.4168, GNorm = 2.7706, lr_0 = 1.9607e-04
Validation auc = 0.839783
Validation mcc = 0.215530
Epoch 21
Loss = 2.4583e-01, PNorm = 35.4404, GNorm = 2.6219, lr_0 = 1.8625e-04
Loss = 2.0274e-01, PNorm = 35.4590, GNorm = 0.9707, lr_0 = 1.7692e-04
Validation auc = 0.854489
Validation mcc = 0.374115
Epoch 22
Loss = 2.0543e-01, PNorm = 35.4770, GNorm = 0.7540, lr_0 = 1.6805e-04
Loss = 2.0786e-01, PNorm = 35.4942, GNorm = 2.0365, lr_0 = 1.5963e-04
Validation auc = 0.840557
Validation mcc = 0.398881
Epoch 23
Loss = 1.7652e-01, PNorm = 35.5155, GNorm = 0.8159, lr_0 = 1.5086e-04
Validation auc = 0.845201
Validation mcc = 0.398881
Epoch 24
Loss = 2.0412e-01, PNorm = 35.5325, GNorm = 1.5924, lr_0 = 1.4330e-04
Loss = 1.8989e-01, PNorm = 35.5488, GNorm = 1.5494, lr_0 = 1.3612e-04
Validation auc = 0.843653
Validation mcc = 0.397727
Epoch 25
Loss = 2.0870e-01, PNorm = 35.5631, GNorm = 2.3967, lr_0 = 1.2930e-04
Loss = 1.8946e-01, PNorm = 35.5783, GNorm = 3.1226, lr_0 = 1.2282e-04
Validation auc = 0.848297
Validation mcc = 0.381364
Epoch 26
Loss = 1.8580e-01, PNorm = 35.5928, GNorm = 4.0092, lr_0 = 1.1607e-04
Validation auc = 0.837461
Validation mcc = 0.331647
Epoch 27
Loss = 2.4619e-01, PNorm = 35.6052, GNorm = 2.3710, lr_0 = 1.1026e-04
Loss = 1.8566e-01, PNorm = 35.6182, GNorm = 1.0442, lr_0 = 1.0473e-04
Validation auc = 0.842105
Validation mcc = 0.315691
Epoch 28
Loss = 1.9897e-01, PNorm = 35.6295, GNorm = 2.5534, lr_0 = 1.0000e-04
Loss = 1.9879e-01, PNorm = 35.6440, GNorm = 1.0212, lr_0 = 1.0000e-04
Validation auc = 0.842879
Validation mcc = 0.284873
Epoch 29
Loss = 1.9085e-01, PNorm = 35.6508, GNorm = 1.4215, lr_0 = 1.0000e-04
Validation auc = 0.843653
Validation mcc = 0.398881
Model 9 best validation auc = 0.879257 on epoch 7
Loading pretrained parameter "encoder.encoder.0.cached_zero_vector".
Loading pretrained parameter "encoder.encoder.0.W_i.weight".
Loading pretrained parameter "encoder.encoder.0.W_h.weight".
Loading pretrained parameter "encoder.encoder.0.W_o.weight".
Loading pretrained parameter "encoder.encoder.0.W_o.bias".
Loading pretrained parameter "ffn.1.weight".
Loading pretrained parameter "ffn.1.bias".
Loading pretrained parameter "ffn.4.weight".
Loading pretrained parameter "ffn.4.bias".
Model 9 provided with no test set, no metric evaluation will be performed.
Ensemble test auc = nan
Ensemble test mcc = nan
1-fold cross validation
	Seed 0 ==> test auc = nan
	Seed 0 ==> test mcc = nan
Overall test auc = nan +/- nan
Overall test mcc = nan +/- nan
Elapsed time = 4:09:54
