Fold 0
Model 0 best validation auc = 0.920344 on epoch 27
Model 0 provided with no test set, no metric evaluation will be performed.
Model 1 best validation auc = 0.919938 on epoch 29
Model 1 provided with no test set, no metric evaluation will be performed.
Model 2 best validation auc = 0.920019 on epoch 26
Model 2 provided with no test set, no metric evaluation will be performed.
Model 3 best validation auc = 0.919289 on epoch 26
Model 3 provided with no test set, no metric evaluation will be performed.
Model 4 best validation auc = 0.916369 on epoch 26
Model 4 provided with no test set, no metric evaluation will be performed.
Model 5 best validation auc = 0.911097 on epoch 23
Model 5 provided with no test set, no metric evaluation will be performed.
Model 6 best validation auc = 0.915071 on epoch 29
Model 6 provided with no test set, no metric evaluation will be performed.
Model 7 best validation auc = 0.918640 on epoch 25
Model 7 provided with no test set, no metric evaluation will be performed.
Model 8 best validation auc = 0.910772 on epoch 24
Model 8 provided with no test set, no metric evaluation will be performed.
Model 9 best validation auc = 0.915558 on epoch 29
Model 9 provided with no test set, no metric evaluation will be performed.
Ensemble test auc = nan
Ensemble test mcc = nan
1-fold cross validation
	Seed 0 ==> test auc = nan
	Seed 0 ==> test mcc = nan
Overall test auc = nan +/- nan
Overall test mcc = nan +/- nan
Elapsed time = 0:16:54
